1.4368 	WARNING 	We strongly recommend you activate the PTB sound engine in PsychoPy prefs as the preferred audio engine. Its timing is vastly superior. Your prefs are currently set to use ['sounddevice', 'PTB', 'pyo', 'pygame'] (in that order).
8.9059 	EXP 	Created window1 = Window(allowGUI=False, allowStencil=False, autoLog=True, backendConf=UNKNOWN, bitsMode=UNKNOWN, blendMode='avg', bpc=(8, 8, 8), color=array([0, 0, 0]), colorSpace='rgb', depthBits=8, fullscr=<method-wrapper '__getattribute__' of attributeSetter object at 0x7f8d0a5ea100>, gamma=None, gammaErrorPolicy='raise', lms=UNKNOWN, monitor=<psychopy.monitors.calibTools.Monitor object at 0x7f8d0a608610>, multiSample=False, name='window1', numSamples=2, pos=[640.0, 360.0], screen=0, size=array([5120, 2880]), stencilBits=0, stereo=False, units='height', useFBO=True, useRetina=True, viewOri=0.0, viewPos=None, viewScale=None, waitBlanking=True, winType='pyglet')
8.9061 	EXP 	window1: mouseVisible = True
8.9061 	EXP 	window1: Attempting to measure frame rate of screen (0) ...
8.9061 	EXP 	window1: recordFrameIntervals = False
9.0715 	EXP 	window1: recordFrameIntervals = True
9.2400 	EXP 	Screen (0) actual frame rate measured at 60.93Hz
9.2400 	EXP 	window1: recordFrameIntervals = False
10.8470 	EXP 	Created text_6 = TextStim(__class__=<class 'psychopy.visual.text.TextStim'>, alignHoriz=method-wrapper(...), alignText='center', alignVert=method-wrapper(...), anchorHoriz='center', anchorVert='center', antialias=True, autoLog=True, bold=False, color=array([1., 1., 1.]), colorSpace='rgb', contrast=1.0, depth=0.0, flipHoriz=False, flipVert=False, font='Open Sans', fontFiles=[], height=0.029999999999999995, italic=False, languageStyle='LTR', name='text_6', opacity=1, ori=0.0, pos=array([0.  , 0.15]), rgb=UNKNOWN, text=str(...), units='height', win=Window(...), wrapWidth=1)
10.9858 	EXP 	window1: mouseVisible = True
11.2257 	EXP 	Created text_8 = TextStim(__class__=<class 'psychopy.visual.text.TextStim'>, alignHoriz=method-wrapper(...), alignText='center', alignVert=method-wrapper(...), anchorHoriz='center', anchorVert='center', antialias=True, autoLog=True, bold=False, color=array([1., 1., 1.]), colorSpace='rgb', contrast=1.0, depth=0.0, flipHoriz=False, flipVert=False, font='Open Sans', fontFiles=[], height=0.029999999999999995, italic=False, languageStyle='LTR', name='text_8', opacity=1, ori=0.0, pos=array([0., 0.]), rgb=UNKNOWN, text=str(...), units='height', win=Window(...), wrapWidth=1)
11.2529 	EXP 	Created text_4 = TextStim(__class__=<class 'psychopy.visual.text.TextStim'>, alignHoriz=method-wrapper(...), alignText='center', alignVert=method-wrapper(...), anchorHoriz='center', anchorVert='center', antialias=True, autoLog=True, bold=False, color=array([1., 1., 1.]), colorSpace='rgb', contrast=1.0, depth=0.0, flipHoriz=False, flipVert=False, font='Open Sans', fontFiles=[], height=0.029999999999999995, italic=False, languageStyle='LTR', name='text_4', opacity=1, ori=0.0, pos=array([0. , 0.1]), rgb=UNKNOWN, text=str(...), units='height', win=Window(...), wrapWidth=1)
11.3072 	EXP 	window1: mouseVisible = True
11.5610 	EXP 	Created text_7 = TextStim(__class__=<class 'psychopy.visual.text.TextStim'>, alignHoriz=method-wrapper(...), alignText='center', alignVert=method-wrapper(...), anchorHoriz='center', anchorVert='center', antialias=True, autoLog=True, bold=False, color=array([1., 1., 1.]), colorSpace='rgb', contrast=1.0, depth=0.0, flipHoriz=False, flipVert=False, font='Open Sans', fontFiles=[], height=0.0225, italic=False, languageStyle='LTR', name='text_7', opacity=1, ori=0.0, pos=array([0. , 0.2]), rgb=UNKNOWN, text=str(...), units='height', win=Window(...), wrapWidth=1)
12.1693 	EXP 	Sound sound_31 set volume 1.000
12.1894 	EXP 	Created text_10 = TextStim(__class__=<class 'psychopy.visual.text.TextStim'>, alignHoriz=method-wrapper(...), alignText='center', alignVert=method-wrapper(...), anchorHoriz='center', anchorVert='center', antialias=True, autoLog=True, bold=False, color=array([1., 1., 1.]), colorSpace='rgb', contrast=1.0, depth=-3.0, flipHoriz=False, flipVert=False, font='Open Sans', fontFiles=[], height=0.0225, italic=False, languageStyle='LTR', name='text_10', opacity=1, ori=0.0, pos=array([ 0.  , -0.25]), rgb=UNKNOWN, text=str(...), units='height', win=Window(...), wrapWidth=1)
12.3338 	EXP 	Created image = ImageStim(__class__=<class 'psychopy.visual.image.ImageStim'>, anchor=('center', 'center'), autoLog=True, color=array([1., 1., 1.]), colorSpace='rgb', contrast=1.0, depth=-4.0, flipHoriz=False, flipVert=False, image=str(...), interpolate=True, mask=None, maskParams=None, name='image', opacity=1, ori=0.0, pos=array([ 0.   , -0.075]), size=array([0.5  , 0.125]), texRes=128.0, units='height', win=Window(...))
12.3362 	EXP 	Created polygon_26 = ShapeStim(__class__=<class 'psychopy.visual.shape.ShapeStim'>, anchor=('center', 'center'), autoDraw=False, autoLog=True, closeShape=True, color=method-wrapper(...), colorSpace='rgb', contrast=None, depth=0.0, fillColor=array([1, 1, 1]), fillColorSpace='rgb', fillRGB=array([1, 1, 1]), interpolate=True, lineColor=array([1., 1., 1.]), lineColorSpace='rgb', lineRGB=array([1, 1, 1]), lineWidth=1.0, name='polygon_26', opacity=1, ori=0.0, pos=array([0., 0.]), size=array([0.1, 0.1]), units='height', vertices=ndarray(...), win=Window(...), windingRule=None)
12.3442 	EXP 	Sound sound_26 set volume 1.000
12.3463 	EXP 	Created polygon_27 = ShapeStim(__class__=<class 'psychopy.visual.shape.ShapeStim'>, anchor=('center', 'center'), autoDraw=False, autoLog=True, closeShape=True, color=method-wrapper(...), colorSpace='rgb', contrast=None, depth=0.0, fillColor=array([1, 1, 1]), fillColorSpace='rgb', fillRGB=array([1, 1, 1]), interpolate=True, lineColor=array([1., 1., 1.]), lineColorSpace='rgb', lineRGB=array([1, 1, 1]), lineWidth=1.0, name='polygon_27', opacity=1, ori=0.0, pos=array([0., 0.]), size=array([0.1, 0.1]), units='height', vertices=ndarray(...), win=Window(...), windingRule=None)
12.3474 	EXP 	Sound sound_27 set volume 1.000
12.3494 	EXP 	Created polygon_28 = ShapeStim(__class__=<class 'psychopy.visual.shape.ShapeStim'>, anchor=('center', 'center'), autoDraw=False, autoLog=True, closeShape=True, color=method-wrapper(...), colorSpace='rgb', contrast=None, depth=0.0, fillColor=array([1, 1, 1]), fillColorSpace='rgb', fillRGB=array([1, 1, 1]), interpolate=True, lineColor=array([1., 1., 1.]), lineColorSpace='rgb', lineRGB=array([1, 1, 1]), lineWidth=1.0, name='polygon_28', opacity=1, ori=0.0, pos=array([0., 0.]), size=array([0.1, 0.1]), units='height', vertices=ndarray(...), win=Window(...), windingRule=None)
12.3495 	EXP 	Sound sound_28 set volume 1.000
12.3515 	EXP 	Created polygon_29 = ShapeStim(__class__=<class 'psychopy.visual.shape.ShapeStim'>, anchor=('center', 'center'), autoDraw=False, autoLog=True, closeShape=True, color=method-wrapper(...), colorSpace='rgb', contrast=None, depth=0.0, fillColor=array([1, 1, 1]), fillColorSpace='rgb', fillRGB=array([1, 1, 1]), interpolate=True, lineColor=array([1., 1., 1.]), lineColorSpace='rgb', lineRGB=array([1, 1, 1]), lineWidth=1.0, name='polygon_29', opacity=1, ori=0.0, pos=array([0., 0.]), size=array([0.1, 0.1]), units='height', vertices=ndarray(...), win=Window(...), windingRule=None)
12.3521 	EXP 	Sound sound_29 set volume 1.000
12.5776 	EXP 	Created polygon_30 = ShapeStim(__class__=<class 'psychopy.visual.shape.ShapeStim'>, anchor=('center', 'center'), autoDraw=False, autoLog=True, closeShape=True, color=method-wrapper(...), colorSpace='rgb', contrast=None, depth=0.0, fillColor=array([1, 1, 1]), fillColorSpace='rgb', fillRGB=array([1, 1, 1]), interpolate=True, lineColor=array([1., 1., 1.]), lineColorSpace='rgb', lineRGB=array([1, 1, 1]), lineWidth=1.0, name='polygon_30', opacity=1, ori=0.0, pos=array([0., 0.]), size=array([0.1, 0.1]), units='height', vertices=ndarray(...), win=Window(...), windingRule=None)
12.5778 	EXP 	Sound sound_30 set volume 1.000
12.5793 	EXP 	Created text = TextStim(__class__=<class 'psychopy.visual.text.TextStim'>, alignHoriz=method-wrapper(...), alignText='center', alignVert=method-wrapper(...), anchorHoriz='center', anchorVert='center', antialias=True, autoLog=True, bold=False, color=array([1., 1., 1.]), colorSpace='rgb', contrast=1.0, depth=0.0, flipHoriz=False, flipVert=False, font='Open Sans', fontFiles=[], height=0.07, italic=False, languageStyle='LTR', name='text', opacity=1, ori=0.0, pos=array([0., 0.]), rgb=UNKNOWN, text='', units='height', win=Window(...), wrapWidth=1)
12.8002 	EXP 	Created polygon_31 = ShapeStim(__class__=<class 'psychopy.visual.shape.ShapeStim'>, anchor=('center', 'center'), autoDraw=False, autoLog=True, closeShape=True, color=method-wrapper(...), colorSpace='rgb', contrast=None, depth=0.0, fillColor=array([1, 1, 1]), fillColorSpace='rgb', fillRGB=array([1, 1, 1]), interpolate=True, lineColor=array([1., 1., 1.]), lineColorSpace='rgb', lineRGB=array([1, 1, 1]), lineWidth=1.0, name='polygon_31', opacity=1, ori=0.0, pos=array([0., 0.]), size=array([0.1, 0.1]), units='height', vertices=ndarray(...), win=Window(...), windingRule=None)
14.8437 	EXP 	Created polygon = ShapeStim(__class__=<class 'psychopy.visual.shape.ShapeStim'>, anchor=('center', 'center'), autoDraw=False, autoLog=True, closeShape=True, color=method-wrapper(...), colorSpace='rgb', contrast=None, depth=0.0, fillColor=array([1, 1, 1]), fillColorSpace='rgb', fillRGB=array([1, 1, 1]), interpolate=True, lineColor=array([1., 1., 1.]), lineColorSpace='rgb', lineRGB=array([1, 1, 1]), lineWidth=0.3, name='polygon', opacity=1, ori=0.0, pos=array([0., 0.]), size=array([0.1, 0.1]), units='height', vertices=ndarray(...), win=Window(...), windingRule=None)
14.8455 	EXP 	Sound sound_1 set volume 1.000
14.8495 	EXP 	Created polygon_3 = ShapeStim(__class__=<class 'psychopy.visual.shape.ShapeStim'>, anchor=('center', 'center'), autoDraw=False, autoLog=True, closeShape=True, color=method-wrapper(...), colorSpace='rgb', contrast=None, depth=0.0, fillColor=array([1, 1, 1]), fillColorSpace='rgb', fillRGB=array([1, 1, 1]), interpolate=True, lineColor=array([1., 1., 1.]), lineColorSpace='rgb', lineRGB=array([1, 1, 1]), lineWidth=1.0, name='polygon_3', opacity=1, ori=0.0, pos=array([0., 0.]), size=array([0.1, 0.1]), units='height', vertices=ndarray(...), win=Window(...), windingRule=None)
14.8545 	EXP 	Sound sound_2 set volume 1.000
14.8583 	EXP 	Created polygon_4 = ShapeStim(__class__=<class 'psychopy.visual.shape.ShapeStim'>, anchor=('center', 'center'), autoDraw=False, autoLog=True, closeShape=True, color=method-wrapper(...), colorSpace='rgb', contrast=None, depth=0.0, fillColor=array([1, 1, 1]), fillColorSpace='rgb', fillRGB=array([1, 1, 1]), interpolate=True, lineColor=array([1., 1., 1.]), lineColorSpace='rgb', lineRGB=array([1, 1, 1]), lineWidth=1.0, name='polygon_4', opacity=1, ori=0.0, pos=array([0., 0.]), size=array([0.1, 0.1]), units='height', vertices=ndarray(...), win=Window(...), windingRule=None)
14.8585 	EXP 	Sound sound_3 set volume 1.000
14.8620 	EXP 	Created polygon_2 = ShapeStim(__class__=<class 'psychopy.visual.shape.ShapeStim'>, anchor=('center', 'center'), autoDraw=False, autoLog=True, closeShape=True, color=method-wrapper(...), colorSpace='rgb', contrast=None, depth=0.0, fillColor=array([1, 1, 1]), fillColorSpace='rgb', fillRGB=array([1, 1, 1]), interpolate=True, lineColor=array([1., 1., 1.]), lineColorSpace='rgb', lineRGB=array([1, 1, 1]), lineWidth=1.0, name='polygon_2', opacity=1, ori=0.0, pos=array([0., 0.]), size=array([0.1, 0.1]), units='height', vertices=ndarray(...), win=Window(...), windingRule=None)
15.1347 	EXP 	Sound sound_4 set volume 1.000
15.1369 	EXP 	Created polygon_5 = ShapeStim(__class__=<class 'psychopy.visual.shape.ShapeStim'>, anchor=('center', 'center'), autoDraw=False, autoLog=True, closeShape=True, color=method-wrapper(...), colorSpace='rgb', contrast=None, depth=-1.0, fillColor=array([1, 1, 1]), fillColorSpace='rgb', fillRGB=array([1, 1, 1]), interpolate=True, lineColor=array([1., 1., 1.]), lineColorSpace='rgb', lineRGB=array([1, 1, 1]), lineWidth=1.0, name='polygon_5', opacity=1, ori=0.0, pos=array([0., 0.]), size=array([0.1, 0.1]), units='height', vertices=ndarray(...), win=Window(...), windingRule=None)
15.1369 	EXP 	Sound sound_5 set volume 1.000
15.1740 	EXP 	Created text_2 = TextStim(__class__=<class 'psychopy.visual.text.TextStim'>, alignHoriz=method-wrapper(...), alignText='center', alignVert=method-wrapper(...), anchorHoriz='center', anchorVert='center', antialias=True, autoLog=True, bold=False, color=array([1., 1., 1.]), colorSpace='rgb', contrast=1.0, depth=0.0, flipHoriz=False, flipVert=False, font='Open Sans', fontFiles=[], height=0.1, italic=False, languageStyle='LTR', name='text_2', opacity=1, ori=0.0, pos=array([0., 0.]), rgb=UNKNOWN, text=str(...), units='height', win=Window(...), wrapWidth=1)
15.4038 	EXP 	Created polygon_31 = ShapeStim(__class__=<class 'psychopy.visual.shape.ShapeStim'>, anchor=('center', 'center'), autoDraw=False, autoLog=True, closeShape=True, color=method-wrapper(...), colorSpace='rgb', contrast=None, depth=0.0, fillColor=array([1, 1, 1]), fillColorSpace='rgb', fillRGB=array([1, 1, 1]), interpolate=True, lineColor=array([1., 1., 1.]), lineColorSpace='rgb', lineRGB=array([1, 1, 1]), lineWidth=1.0, name='polygon_31', opacity=1, ori=0.0, pos=array([0., 0.]), size=array([0.1, 0.1]), units='height', vertices=ndarray(...), win=Window(...), windingRule=None)
17.4090 	EXP 	Created polygon_6 = ShapeStim(__class__=<class 'psychopy.visual.shape.ShapeStim'>, anchor=('center', 'center'), autoDraw=False, autoLog=True, closeShape=True, color=method-wrapper(...), colorSpace='rgb', contrast=None, depth=0.0, fillColor=array([1, 1, 1]), fillColorSpace='rgb', fillRGB=array([1, 1, 1]), interpolate=True, lineColor=array([1., 1., 1.]), lineColorSpace='rgb', lineRGB=array([1, 1, 1]), lineWidth=1.0, name='polygon_6', opacity=1, ori=0.0, pos=array([0., 0.]), size=array([0.1, 0.1]), units='height', vertices=ndarray(...), win=Window(...), windingRule=None)
17.4095 	EXP 	Sound sound_6 set volume 1.000
17.4115 	EXP 	Created polygon_7 = ShapeStim(__class__=<class 'psychopy.visual.shape.ShapeStim'>, anchor=('center', 'center'), autoDraw=False, autoLog=True, closeShape=True, color=method-wrapper(...), colorSpace='rgb', contrast=None, depth=0.0, fillColor=array([1, 1, 1]), fillColorSpace='rgb', fillRGB=array([1, 1, 1]), interpolate=True, lineColor=array([1., 1., 1.]), lineColorSpace='rgb', lineRGB=array([1, 1, 1]), lineWidth=1.0, name='polygon_7', opacity=1, ori=0.0, pos=array([0., 0.]), size=array([0.1, 0.1]), units='height', vertices=ndarray(...), win=Window(...), windingRule=None)
17.4119 	EXP 	Sound sound_7 set volume 1.000
17.4140 	EXP 	Created polygon_8 = ShapeStim(__class__=<class 'psychopy.visual.shape.ShapeStim'>, anchor=('center', 'center'), autoDraw=False, autoLog=True, closeShape=True, color=method-wrapper(...), colorSpace='rgb', contrast=None, depth=0.0, fillColor=array([1, 1, 1]), fillColorSpace='rgb', fillRGB=array([1, 1, 1]), interpolate=True, lineColor=array([1., 1., 1.]), lineColorSpace='rgb', lineRGB=array([1, 1, 1]), lineWidth=1.0, name='polygon_8', opacity=1, ori=0.0, pos=array([0., 0.]), size=array([0.1, 0.1]), units='height', vertices=ndarray(...), win=Window(...), windingRule=None)
17.4141 	EXP 	Sound sound_8 set volume 1.000
17.4163 	EXP 	Created polygon_9 = ShapeStim(__class__=<class 'psychopy.visual.shape.ShapeStim'>, anchor=('center', 'center'), autoDraw=False, autoLog=True, closeShape=True, color=method-wrapper(...), colorSpace='rgb', contrast=None, depth=0.0, fillColor=array([1, 1, 1]), fillColorSpace='rgb', fillRGB=array([1, 1, 1]), interpolate=True, lineColor=array([1., 1., 1.]), lineColorSpace='rgb', lineRGB=array([1, 1, 1]), lineWidth=1.0, name='polygon_9', opacity=1, ori=0.0, pos=array([0., 0.]), size=array([0.1, 0.1]), units='height', vertices=ndarray(...), win=Window(...), windingRule=None)
17.6325 	EXP 	Sound sound_9 set volume 1.000
17.6347 	EXP 	Created polygon_24 = ShapeStim(__class__=<class 'psychopy.visual.shape.ShapeStim'>, anchor=('center', 'center'), autoDraw=False, autoLog=True, closeShape=True, color=method-wrapper(...), colorSpace='rgb', contrast=None, depth=0.0, fillColor=array([1, 1, 1]), fillColorSpace='rgb', fillRGB=array([1, 1, 1]), interpolate=True, lineColor=array([1., 1., 1.]), lineColorSpace='rgb', lineRGB=array([1, 1, 1]), lineWidth=1.0, name='polygon_24', opacity=1, ori=0.0, pos=array([0., 0.]), size=array([0.1, 0.1]), units='height', vertices=ndarray(...), win=Window(...), windingRule=None)
17.6348 	EXP 	Sound sound_24 set volume 1.000
17.6462 	EXP 	Created text_2 = TextStim(__class__=<class 'psychopy.visual.text.TextStim'>, alignHoriz=method-wrapper(...), alignText='center', alignVert=method-wrapper(...), anchorHoriz='center', anchorVert='center', antialias=True, autoLog=True, bold=False, color=array([1., 1., 1.]), colorSpace='rgb', contrast=1.0, depth=0.0, flipHoriz=False, flipVert=False, font='Open Sans', fontFiles=[], height=0.1, italic=False, languageStyle='LTR', name='text_2', opacity=1, ori=0.0, pos=array([0., 0.]), rgb=UNKNOWN, text=str(...), units='height', win=Window(...), wrapWidth=1)
17.8659 	EXP 	Created polygon_31 = ShapeStim(__class__=<class 'psychopy.visual.shape.ShapeStim'>, anchor=('center', 'center'), autoDraw=False, autoLog=True, closeShape=True, color=method-wrapper(...), colorSpace='rgb', contrast=None, depth=0.0, fillColor=array([1, 1, 1]), fillColorSpace='rgb', fillRGB=array([1, 1, 1]), interpolate=True, lineColor=array([1., 1., 1.]), lineColorSpace='rgb', lineRGB=array([1, 1, 1]), lineWidth=1.0, name='polygon_31', opacity=1, ori=0.0, pos=array([0., 0.]), size=array([0.1, 0.1]), units='height', vertices=ndarray(...), win=Window(...), windingRule=None)
19.8716 	EXP 	Created polygon_10 = ShapeStim(__class__=<class 'psychopy.visual.shape.ShapeStim'>, anchor=('center', 'center'), autoDraw=False, autoLog=True, closeShape=True, color=method-wrapper(...), colorSpace='rgb', contrast=None, depth=0.0, fillColor=array([1, 1, 1]), fillColorSpace='rgb', fillRGB=array([1, 1, 1]), interpolate=True, lineColor=array([1., 1., 1.]), lineColorSpace='rgb', lineRGB=array([1, 1, 1]), lineWidth=1.0, name='polygon_10', opacity=1, ori=0.0, pos=array([0., 0.]), size=array([0.1, 0.1]), units='height', vertices=ndarray(...), win=Window(...), windingRule=None)
19.8720 	EXP 	Sound sound_10 set volume 1.000
19.8741 	EXP 	Created polygon_11 = ShapeStim(__class__=<class 'psychopy.visual.shape.ShapeStim'>, anchor=('center', 'center'), autoDraw=False, autoLog=True, closeShape=True, color=method-wrapper(...), colorSpace='rgb', contrast=None, depth=0.0, fillColor=array([1, 1, 1]), fillColorSpace='rgb', fillRGB=array([1, 1, 1]), interpolate=True, lineColor=array([1., 1., 1.]), lineColorSpace='rgb', lineRGB=array([1, 1, 1]), lineWidth=1.0, name='polygon_11', opacity=1, ori=0.0, pos=array([0., 0.]), size=array([0.1, 0.1]), units='height', vertices=ndarray(...), win=Window(...), windingRule=None)
19.8745 	EXP 	Sound sound_11 set volume 1.000
19.8765 	EXP 	Created polygon_12 = ShapeStim(__class__=<class 'psychopy.visual.shape.ShapeStim'>, anchor=('center', 'center'), autoDraw=False, autoLog=True, closeShape=True, color=method-wrapper(...), colorSpace='rgb', contrast=None, depth=0.0, fillColor=array([1, 1, 1]), fillColorSpace='rgb', fillRGB=array([1, 1, 1]), interpolate=True, lineColor=array([1., 1., 1.]), lineColorSpace='rgb', lineRGB=array([1, 1, 1]), lineWidth=1.0, name='polygon_12', opacity=1, ori=0.0, pos=array([0., 0.]), size=array([0.1, 0.1]), units='height', vertices=ndarray(...), win=Window(...), windingRule=None)
19.8766 	EXP 	Sound sound_12 set volume 1.000
19.8790 	EXP 	Created polygon_13 = ShapeStim(__class__=<class 'psychopy.visual.shape.ShapeStim'>, anchor=('center', 'center'), autoDraw=False, autoLog=True, closeShape=True, color=method-wrapper(...), colorSpace='rgb', contrast=None, depth=0.0, fillColor=array([1, 1, 1]), fillColorSpace='rgb', fillRGB=array([1, 1, 1]), interpolate=True, lineColor=array([1., 1., 1.]), lineColorSpace='rgb', lineRGB=array([1, 1, 1]), lineWidth=1.0, name='polygon_13', opacity=1, ori=0.0, pos=array([0., 0.]), size=array([0.1, 0.1]), units='height', vertices=ndarray(...), win=Window(...), windingRule=None)
20.0893 	EXP 	Sound sound_13 set volume 1.000
20.0913 	EXP 	Created polygon_25 = ShapeStim(__class__=<class 'psychopy.visual.shape.ShapeStim'>, anchor=('center', 'center'), autoDraw=False, autoLog=True, closeShape=True, color=method-wrapper(...), colorSpace='rgb', contrast=None, depth=0.0, fillColor=array([1, 1, 1]), fillColorSpace='rgb', fillRGB=array([1, 1, 1]), interpolate=True, lineColor=array([1., 1., 1.]), lineColorSpace='rgb', lineRGB=array([1, 1, 1]), lineWidth=1.0, name='polygon_25', opacity=1, ori=0.0, pos=array([0., 0.]), size=array([0.1, 0.1]), units='height', vertices=ndarray(...), win=Window(...), windingRule=None)
20.0914 	EXP 	Sound sound_25 set volume 1.000
20.1036 	EXP 	Created text_2 = TextStim(__class__=<class 'psychopy.visual.text.TextStim'>, alignHoriz=method-wrapper(...), alignText='center', alignVert=method-wrapper(...), anchorHoriz='center', anchorVert='center', antialias=True, autoLog=True, bold=False, color=array([1., 1., 1.]), colorSpace='rgb', contrast=1.0, depth=0.0, flipHoriz=False, flipVert=False, font='Open Sans', fontFiles=[], height=0.1, italic=False, languageStyle='LTR', name='text_2', opacity=1, ori=0.0, pos=array([0., 0.]), rgb=UNKNOWN, text=str(...), units='height', win=Window(...), wrapWidth=1)
20.3259 	EXP 	Created polygon_31 = ShapeStim(__class__=<class 'psychopy.visual.shape.ShapeStim'>, anchor=('center', 'center'), autoDraw=False, autoLog=True, closeShape=True, color=method-wrapper(...), colorSpace='rgb', contrast=None, depth=0.0, fillColor=array([1, 1, 1]), fillColorSpace='rgb', fillRGB=array([1, 1, 1]), interpolate=True, lineColor=array([1., 1., 1.]), lineColorSpace='rgb', lineRGB=array([1, 1, 1]), lineWidth=1.0, name='polygon_31', opacity=1, ori=0.0, pos=array([0., 0.]), size=array([0.1, 0.1]), units='height', vertices=ndarray(...), win=Window(...), windingRule=None)
22.3361 	EXP 	Created polygon_14 = ShapeStim(__class__=<class 'psychopy.visual.shape.ShapeStim'>, anchor=('center', 'center'), autoDraw=False, autoLog=True, closeShape=True, color=method-wrapper(...), colorSpace='rgb', contrast=None, depth=0.0, fillColor=array([1, 1, 1]), fillColorSpace='rgb', fillRGB=array([1, 1, 1]), interpolate=True, lineColor=array([1., 1., 1.]), lineColorSpace='rgb', lineRGB=array([1, 1, 1]), lineWidth=1.0, name='polygon_14', opacity=1, ori=0.0, pos=array([0., 0.]), size=array([0.1, 0.1]), units='height', vertices=ndarray(...), win=Window(...), windingRule=None)
22.3367 	EXP 	Sound sound_14 set volume 0.800
22.3388 	EXP 	Created polygon_15 = ShapeStim(__class__=<class 'psychopy.visual.shape.ShapeStim'>, anchor=('center', 'center'), autoDraw=False, autoLog=True, closeShape=True, color=method-wrapper(...), colorSpace='rgb', contrast=None, depth=0.0, fillColor=array([1, 1, 1]), fillColorSpace='rgb', fillRGB=array([1, 1, 1]), interpolate=True, lineColor=array([1., 1., 1.]), lineColorSpace='rgb', lineRGB=array([1, 1, 1]), lineWidth=1.0, name='polygon_15', opacity=1, ori=0.0, pos=array([0., 0.]), size=array([0.1, 0.1]), units='height', vertices=ndarray(...), win=Window(...), windingRule=None)
22.3394 	EXP 	Sound sound_15 set volume 1.000
22.3415 	EXP 	Created polygon_16 = ShapeStim(__class__=<class 'psychopy.visual.shape.ShapeStim'>, anchor=('center', 'center'), autoDraw=False, autoLog=True, closeShape=True, color=method-wrapper(...), colorSpace='rgb', contrast=None, depth=0.0, fillColor=array([1, 1, 1]), fillColorSpace='rgb', fillRGB=array([1, 1, 1]), interpolate=True, lineColor=array([1., 1., 1.]), lineColorSpace='rgb', lineRGB=array([1, 1, 1]), lineWidth=1.0, name='polygon_16', opacity=1, ori=0.0, pos=array([0., 0.]), size=array([0.1, 0.1]), units='height', vertices=ndarray(...), win=Window(...), windingRule=None)
22.3418 	EXP 	Sound sound_16 set volume 1.000
22.3422 	EXP 	Sound sound_17 set volume 1.000
22.3444 	EXP 	Created polygon_17 = ShapeStim(__class__=<class 'psychopy.visual.shape.ShapeStim'>, anchor=('center', 'center'), autoDraw=False, autoLog=True, closeShape=True, color=method-wrapper(...), colorSpace='rgb', contrast=None, depth=-2.0, fillColor=array([1, 1, 1]), fillColorSpace='rgb', fillRGB=array([1, 1, 1]), interpolate=True, lineColor=array([1., 1., 1.]), lineColorSpace='rgb', lineRGB=array([1, 1, 1]), lineWidth=1.0, name='polygon_17', opacity=1, ori=0.0, pos=array([0., 0.]), size=array([0.1, 0.1]), units='height', vertices=ndarray(...), win=Window(...), windingRule=None)
22.5664 	EXP 	Created polygon_18 = ShapeStim(__class__=<class 'psychopy.visual.shape.ShapeStim'>, anchor=('center', 'center'), autoDraw=False, autoLog=True, closeShape=True, color=method-wrapper(...), colorSpace='rgb', contrast=None, depth=-1.0, fillColor=array([1, 1, 1]), fillColorSpace='rgb', fillRGB=array([1, 1, 1]), interpolate=True, lineColor=array([1., 1., 1.]), lineColorSpace='rgb', lineRGB=array([1, 1, 1]), lineWidth=1.0, name='polygon_18', opacity=1, ori=0.0, pos=array([0., 0.]), size=array([0.1, 0.1]), units='height', vertices=ndarray(...), win=Window(...), windingRule=None)
22.5665 	EXP 	Sound sound_18 set volume 1.000
22.5791 	EXP 	Created text_2 = TextStim(__class__=<class 'psychopy.visual.text.TextStim'>, alignHoriz=method-wrapper(...), alignText='center', alignVert=method-wrapper(...), anchorHoriz='center', anchorVert='center', antialias=True, autoLog=True, bold=False, color=array([1., 1., 1.]), colorSpace='rgb', contrast=1.0, depth=0.0, flipHoriz=False, flipVert=False, font='Open Sans', fontFiles=[], height=0.1, italic=False, languageStyle='LTR', name='text_2', opacity=1, ori=0.0, pos=array([0., 0.]), rgb=UNKNOWN, text=str(...), units='height', win=Window(...), wrapWidth=1)
22.7906 	EXP 	Created polygon_31 = ShapeStim(__class__=<class 'psychopy.visual.shape.ShapeStim'>, anchor=('center', 'center'), autoDraw=False, autoLog=True, closeShape=True, color=method-wrapper(...), colorSpace='rgb', contrast=None, depth=0.0, fillColor=array([1, 1, 1]), fillColorSpace='rgb', fillRGB=array([1, 1, 1]), interpolate=True, lineColor=array([1., 1., 1.]), lineColorSpace='rgb', lineRGB=array([1, 1, 1]), lineWidth=1.0, name='polygon_31', opacity=1, ori=0.0, pos=array([0., 0.]), size=array([0.1, 0.1]), units='height', vertices=ndarray(...), win=Window(...), windingRule=None)
24.7956 	EXP 	Created polygon_19 = ShapeStim(__class__=<class 'psychopy.visual.shape.ShapeStim'>, anchor=('center', 'center'), autoDraw=False, autoLog=True, closeShape=True, color=method-wrapper(...), colorSpace='rgb', contrast=None, depth=0.0, fillColor=array([1, 1, 1]), fillColorSpace='rgb', fillRGB=array([1, 1, 1]), interpolate=True, lineColor=array([1., 1., 1.]), lineColorSpace='rgb', lineRGB=array([1, 1, 1]), lineWidth=1.0, name='polygon_19', opacity=1, ori=0.0, pos=array([0., 0.]), size=array([0.1, 0.1]), units='height', vertices=ndarray(...), win=Window(...), windingRule=None)
24.7961 	EXP 	Sound sound_19 set volume 1.000
24.7981 	EXP 	Created polygon_20 = ShapeStim(__class__=<class 'psychopy.visual.shape.ShapeStim'>, anchor=('center', 'center'), autoDraw=False, autoLog=True, closeShape=True, color=method-wrapper(...), colorSpace='rgb', contrast=None, depth=0.0, fillColor=array([1, 1, 1]), fillColorSpace='rgb', fillRGB=array([1, 1, 1]), interpolate=True, lineColor=array([1., 1., 1.]), lineColorSpace='rgb', lineRGB=array([1, 1, 1]), lineWidth=1.0, name='polygon_20', opacity=1, ori=0.0, pos=array([0., 0.]), size=array([0.1, 0.1]), units='height', vertices=ndarray(...), win=Window(...), windingRule=None)
24.7986 	EXP 	Sound sound_20 set volume 1.000
24.8007 	EXP 	Created polygon_21 = ShapeStim(__class__=<class 'psychopy.visual.shape.ShapeStim'>, anchor=('center', 'center'), autoDraw=False, autoLog=True, closeShape=True, color=method-wrapper(...), colorSpace='rgb', contrast=None, depth=0.0, fillColor=array([1, 1, 1]), fillColorSpace='rgb', fillRGB=array([1, 1, 1]), interpolate=True, lineColor=array([1., 1., 1.]), lineColorSpace='rgb', lineRGB=array([1, 1, 1]), lineWidth=1.0, name='polygon_21', opacity=1, ori=0.0, pos=array([0., 0.]), size=array([0.1, 0.1]), units='height', vertices=ndarray(...), win=Window(...), windingRule=None)
24.8008 	EXP 	Sound sound_21 set volume 1.000
24.8028 	EXP 	Created polygon_22 = ShapeStim(__class__=<class 'psychopy.visual.shape.ShapeStim'>, anchor=('center', 'center'), autoDraw=False, autoLog=True, closeShape=True, color=method-wrapper(...), colorSpace='rgb', contrast=None, depth=0.0, fillColor=array([1, 1, 1]), fillColorSpace='rgb', fillRGB=array([1, 1, 1]), interpolate=True, lineColor=array([1., 1., 1.]), lineColorSpace='rgb', lineRGB=array([1, 1, 1]), lineWidth=1.0, name='polygon_22', opacity=1, ori=0.0, pos=array([0., 0.]), size=array([0.1, 0.1]), units='height', vertices=ndarray(...), win=Window(...), windingRule=None)
24.8034 	EXP 	Sound sound_22 set volume 1.000
25.0174 	EXP 	Created polygon_23 = ShapeStim(__class__=<class 'psychopy.visual.shape.ShapeStim'>, anchor=('center', 'center'), autoDraw=False, autoLog=True, closeShape=True, color=method-wrapper(...), colorSpace='rgb', contrast=None, depth=0.0, fillColor=array([1, 1, 1]), fillColorSpace='rgb', fillRGB=array([1, 1, 1]), interpolate=True, lineColor=array([1., 1., 1.]), lineColorSpace='rgb', lineRGB=array([1, 1, 1]), lineWidth=1.0, name='polygon_23', opacity=1, ori=0.0, pos=array([0., 0.]), size=array([0.1, 0.1]), units='height', vertices=ndarray(...), win=Window(...), windingRule=None)
25.0175 	EXP 	Sound sound_23 set volume 1.000
25.0272 	EXP 	Created text_3 = TextStim(__class__=<class 'psychopy.visual.text.TextStim'>, alignHoriz=method-wrapper(...), alignText='center', alignVert=method-wrapper(...), anchorHoriz='center', anchorVert='center', antialias=True, autoLog=True, bold=False, color=array([1., 1., 1.]), colorSpace='rgb', contrast=1.0, depth=0.0, flipHoriz=False, flipVert=False, font='Open Sans', fontFiles=[], height=0.1, italic=False, languageStyle='LTR', name='text_3', opacity=1, ori=0.0, pos=array([0., 0.]), rgb=UNKNOWN, text=str(...), units='height', win=Window(...), wrapWidth=1)
25.0434 	EXP 	text_6: autoDraw = True
50.9709 	DATA 	Keypress: space
50.9848 	EXP 	text_6: autoDraw = False
50.9848 	EXP 	text_8: autoDraw = True
56.2050 	DATA 	Keypress: space
65.9890 	EXP 	text_8: autoDraw = False
65.9890 	EXP 	text_4: autoDraw = True
73.8087 	DATA 	Keypress: space
73.8243 	EXP 	text_4: autoDraw = False
73.8243 	EXP 	text_7: autoDraw = True
73.8243 	EXP 	text_10: autoDraw = True
73.8243 	EXP 	image: autoDraw = True
199.3784 	EXP 	Created sequence: random, trialTypes=1, nReps=4, seed=None
199.3786 	EXP 	New trial (rep=0, index=0): None
199.3867 	DATA 	Keypress: space
199.3944 	EXP 	text_7: autoDraw = False
199.3944 	EXP 	text_10: autoDraw = False
199.3944 	EXP 	image: autoDraw = False
199.3944 	EXP 	polygon_26: autoDraw = True
204.3957 	EXP 	polygon_26: autoDraw = False
204.3957 	EXP 	polygon_27: autoDraw = True
208.3963 	EXP 	polygon_27: autoDraw = False
208.3963 	EXP 	polygon_28: autoDraw = True
212.3975 	EXP 	polygon_28: autoDraw = False
212.3975 	EXP 	polygon_29: autoDraw = True
217.0543 	DATA 	Keypress: lshift
217.0659 	EXP 	polygon_29: autoDraw = False
217.0659 	EXP 	polygon_30: autoDraw = True
224.0514 	EXP 	New trial (rep=1, index=0): None
224.0674 	EXP 	polygon_30: autoDraw = False
224.0674 	EXP 	polygon_26: autoDraw = True
229.0689 	EXP 	polygon_26: autoDraw = False
229.0689 	EXP 	polygon_27: autoDraw = True
233.0702 	EXP 	polygon_27: autoDraw = False
233.0702 	EXP 	polygon_28: autoDraw = True
237.0716 	EXP 	polygon_28: autoDraw = False
237.0716 	EXP 	polygon_29: autoDraw = True
238.0095 	DATA 	Keypress: rshift
238.0215 	EXP 	polygon_29: autoDraw = False
238.0215 	EXP 	polygon_30: autoDraw = True
245.0081 	EXP 	New trial (rep=2, index=0): None
245.0241 	EXP 	polygon_30: autoDraw = False
245.0241 	EXP 	polygon_26: autoDraw = True
250.0257 	EXP 	polygon_26: autoDraw = False
250.0257 	EXP 	polygon_27: autoDraw = True
254.0155 	EXP 	polygon_27: autoDraw = False
254.0155 	EXP 	polygon_28: autoDraw = True
258.0273 	EXP 	polygon_28: autoDraw = False
258.0273 	EXP 	polygon_29: autoDraw = True
259.0805 	DATA 	Keypress: lshift
259.0943 	EXP 	polygon_29: autoDraw = False
259.0943 	EXP 	polygon_30: autoDraw = True
266.0804 	EXP 	New trial (rep=3, index=0): None
266.0966 	EXP 	polygon_30: autoDraw = False
266.0966 	EXP 	polygon_26: autoDraw = True
271.0982 	EXP 	polygon_26: autoDraw = False
271.0982 	EXP 	polygon_27: autoDraw = True
275.0994 	EXP 	polygon_27: autoDraw = False
275.0994 	EXP 	polygon_28: autoDraw = True
279.0997 	EXP 	polygon_28: autoDraw = False
279.0997 	EXP 	polygon_29: autoDraw = True
281.9372 	DATA 	Keypress: rshift
281.9511 	EXP 	polygon_29: autoDraw = False
281.9511 	EXP 	polygon_30: autoDraw = True
288.9590 	EXP 	polygon_30: autoDraw = False
288.9590 	EXP 	text: height = 0.07
288.9590 	EXP 	text: height = 0.07
288.9590 	EXP 	text: text = 'That concludes the practice block.\nYou can take some time to look away from the screen and relax your eyes.\n\nPlease press Spacebar to continue with the experiment.\n'
288.9590 	EXP 	text: autoDraw = True
298.6742 	DATA 	Keypress: space
298.6889 	EXP 	text: autoDraw = False
298.6889 	EXP 	polygon_31: autoDraw = True
303.6740 	EXP 	Created sequence: sequential, trialTypes=1, nReps=11, seed=None
303.6742 	EXP 	New trial (rep=0, index=0): None
304.4377 	EXP 	polygon_31: autoDraw = False
304.4377 	EXP 	polygon: autoDraw = True
309.6842 	EXP 	polygon: autoDraw = False
309.6842 	EXP 	polygon: autoDraw = False
309.6842 	EXP 	polygon_3: autoDraw = True
313.6858 	EXP 	polygon_3: autoDraw = False
313.6858 	EXP 	polygon_4: autoDraw = True
317.4445 	EXP 	polygon_4: autoDraw = False
317.4445 	EXP 	polygon_2: autoDraw = True
318.8336 	DATA 	Keypress: rshift
318.8379 	EXP 	polygon_2: autoDraw = False
318.8379 	EXP 	polygon_5: autoDraw = True
325.3360 	EXP 	New trial (rep=1, index=0): None
326.0940 	EXP 	polygon_5: autoDraw = False
326.0940 	EXP 	polygon_5: autoDraw = False
326.0940 	EXP 	polygon: autoDraw = True
331.3405 	EXP 	polygon: autoDraw = False
331.3405 	EXP 	polygon: autoDraw = False
331.3405 	EXP 	polygon_3: autoDraw = True
335.3413 	EXP 	polygon_3: autoDraw = False
335.3413 	EXP 	polygon_4: autoDraw = True
339.1007 	EXP 	polygon_4: autoDraw = False
339.1007 	EXP 	polygon_2: autoDraw = True
340.4571 	DATA 	Keypress: lshift
340.4613 	EXP 	polygon_2: autoDraw = False
340.4613 	EXP 	polygon_5: autoDraw = True
350.9599 	EXP 	New trial (rep=2, index=0): None
351.7179 	EXP 	polygon_5: autoDraw = False
351.7179 	EXP 	polygon_5: autoDraw = False
351.7179 	EXP 	polygon: autoDraw = True
355.9630 	EXP 	polygon: autoDraw = False
355.9630 	EXP 	polygon: autoDraw = False
355.9630 	EXP 	polygon_3: autoDraw = True
359.9646 	EXP 	polygon_3: autoDraw = False
359.9646 	EXP 	polygon_4: autoDraw = True
363.7241 	EXP 	polygon_4: autoDraw = False
363.7241 	EXP 	polygon_2: autoDraw = True
366.9804 	DATA 	Keypress: rshift
366.9846 	EXP 	polygon_2: autoDraw = False
366.9846 	EXP 	polygon_5: autoDraw = True
377.4809 	EXP 	New trial (rep=3, index=0): None
378.2385 	EXP 	polygon_5: autoDraw = False
378.2385 	EXP 	polygon_5: autoDraw = False
378.2385 	EXP 	polygon: autoDraw = True
381.4872 	EXP 	polygon: autoDraw = False
381.4872 	EXP 	polygon: autoDraw = False
381.4872 	EXP 	polygon_3: autoDraw = True
385.4882 	EXP 	polygon_3: autoDraw = False
385.4882 	EXP 	polygon_4: autoDraw = True
389.2491 	EXP 	polygon_4: autoDraw = False
389.2491 	EXP 	polygon_2: autoDraw = True
391.0029 	DATA 	Keypress: lshift
391.0072 	EXP 	polygon_2: autoDraw = False
391.0072 	EXP 	polygon_5: autoDraw = True
400.5041 	EXP 	New trial (rep=4, index=0): None
401.2629 	EXP 	polygon_5: autoDraw = False
401.2629 	EXP 	polygon_5: autoDraw = False
401.2629 	EXP 	polygon: autoDraw = True
405.5105 	EXP 	polygon: autoDraw = False
405.5105 	EXP 	polygon: autoDraw = False
405.5105 	EXP 	polygon_3: autoDraw = True
409.5113 	EXP 	polygon_3: autoDraw = False
409.5113 	EXP 	polygon_4: autoDraw = True
413.2721 	EXP 	polygon_4: autoDraw = False
413.2721 	EXP 	polygon_2: autoDraw = True
415.2281 	DATA 	Keypress: rshift
415.2326 	EXP 	polygon_2: autoDraw = False
415.2326 	EXP 	polygon_5: autoDraw = True
421.7260 	EXP 	New trial (rep=5, index=0): None
422.4823 	EXP 	polygon_5: autoDraw = False
422.4823 	EXP 	polygon_5: autoDraw = False
422.4823 	EXP 	polygon: autoDraw = True
426.7320 	EXP 	polygon: autoDraw = False
426.7320 	EXP 	polygon: autoDraw = False
426.7320 	EXP 	polygon_3: autoDraw = True
430.7377 	EXP 	polygon_3: autoDraw = False
430.7377 	EXP 	polygon_4: autoDraw = True
434.4955 	EXP 	polygon_4: autoDraw = False
434.4955 	EXP 	polygon_2: autoDraw = True
436.0666 	DATA 	Keypress: rshift
436.0708 	EXP 	polygon_2: autoDraw = False
436.0708 	EXP 	polygon_5: autoDraw = True
442.5660 	EXP 	New trial (rep=6, index=0): None
443.3246 	EXP 	polygon_5: autoDraw = False
443.3246 	EXP 	polygon_5: autoDraw = False
443.3246 	EXP 	polygon: autoDraw = True
447.5715 	EXP 	polygon: autoDraw = False
447.5715 	EXP 	polygon: autoDraw = False
447.5715 	EXP 	polygon_3: autoDraw = True
451.5748 	EXP 	polygon_3: autoDraw = False
451.5748 	EXP 	polygon_4: autoDraw = True
455.3344 	EXP 	polygon_4: autoDraw = False
455.3344 	EXP 	polygon_2: autoDraw = True
456.5715 	DATA 	Keypress: rshift
456.5756 	EXP 	polygon_2: autoDraw = False
456.5756 	EXP 	polygon_5: autoDraw = True
463.0708 	EXP 	New trial (rep=7, index=0): None
463.8281 	EXP 	polygon_5: autoDraw = False
463.8281 	EXP 	polygon_5: autoDraw = False
463.8281 	EXP 	polygon: autoDraw = True
468.0775 	EXP 	polygon: autoDraw = False
468.0775 	EXP 	polygon: autoDraw = False
468.0775 	EXP 	polygon_3: autoDraw = True
472.0800 	EXP 	polygon_3: autoDraw = False
472.0800 	EXP 	polygon_4: autoDraw = True
475.8402 	EXP 	polygon_4: autoDraw = False
475.8402 	EXP 	polygon_2: autoDraw = True
477.7291 	DATA 	Keypress: lshift
477.7336 	EXP 	polygon_2: autoDraw = False
477.7336 	EXP 	polygon_5: autoDraw = True
485.2324 	EXP 	New trial (rep=8, index=0): None
485.9893 	EXP 	polygon_5: autoDraw = False
485.9893 	EXP 	polygon_5: autoDraw = False
485.9893 	EXP 	polygon: autoDraw = True
489.2331 	EXP 	polygon: autoDraw = False
489.2331 	EXP 	polygon: autoDraw = False
489.2331 	EXP 	polygon_3: autoDraw = True
493.2384 	EXP 	polygon_3: autoDraw = False
493.2384 	EXP 	polygon_4: autoDraw = True
496.9963 	EXP 	polygon_4: autoDraw = False
496.9963 	EXP 	polygon_2: autoDraw = True
498.1678 	DATA 	Keypress: rshift
498.1722 	EXP 	polygon_2: autoDraw = False
498.1722 	EXP 	polygon_5: autoDraw = True
504.6723 	EXP 	New trial (rep=9, index=0): None
505.4291 	EXP 	polygon_5: autoDraw = False
505.4291 	EXP 	polygon_5: autoDraw = False
505.4291 	EXP 	polygon: autoDraw = True
509.6731 	EXP 	polygon: autoDraw = False
509.6731 	EXP 	polygon: autoDraw = False
509.6731 	EXP 	polygon_3: autoDraw = True
513.6919 	EXP 	polygon_3: autoDraw = False
513.6919 	EXP 	polygon_4: autoDraw = True
517.4353 	EXP 	polygon_4: autoDraw = False
517.4353 	EXP 	polygon_2: autoDraw = True
518.2222 	DATA 	Keypress: lshift
518.2264 	EXP 	polygon_2: autoDraw = False
518.2264 	EXP 	polygon_5: autoDraw = True
524.7218 	EXP 	New trial (rep=10, index=0): None
525.4796 	EXP 	polygon_5: autoDraw = False
525.4796 	EXP 	polygon_5: autoDraw = False
525.4796 	EXP 	polygon: autoDraw = True
531.7331 	EXP 	polygon: autoDraw = False
531.7331 	EXP 	polygon: autoDraw = False
531.7331 	EXP 	polygon_3: autoDraw = True
535.7481 	EXP 	polygon_3: autoDraw = False
535.7481 	EXP 	polygon_4: autoDraw = True
539.4922 	EXP 	polygon_4: autoDraw = False
539.4922 	EXP 	polygon_2: autoDraw = True
540.6799 	DATA 	Keypress: rshift
540.6843 	EXP 	polygon_2: autoDraw = False
540.6843 	EXP 	polygon_5: autoDraw = True
547.1850 	EXP 	polygon_5: autoDraw = False
547.1850 	EXP 	polygon_5: autoDraw = False
547.1850 	EXP 	text_2: autoDraw = True
571.7198 	DATA 	Keypress: space
571.7344 	EXP 	text_2: autoDraw = False
571.7344 	EXP 	polygon_31: autoDraw = True
576.7196 	EXP 	Created sequence: sequential, trialTypes=1, nReps=11, seed=None
576.7198 	EXP 	New trial (rep=0, index=0): None
578.2268 	EXP 	polygon_31: autoDraw = False
578.2268 	EXP 	polygon_6: autoDraw = True
581.2268 	EXP 	polygon_6: autoDraw = False
581.2268 	EXP 	polygon_6: autoDraw = False
581.2268 	EXP 	polygon_7: autoDraw = True
585.2285 	EXP 	polygon_7: autoDraw = False
585.2285 	EXP 	polygon_8: autoDraw = True
589.2285 	EXP 	polygon_8: autoDraw = False
589.2285 	EXP 	polygon_9: autoDraw = True
590.7114 	DATA 	Keypress: rshift
590.7160 	EXP 	polygon_9: autoDraw = False
590.7160 	EXP 	polygon_24: autoDraw = True
601.2141 	EXP 	New trial (rep=1, index=0): None
602.7206 	EXP 	polygon_24: autoDraw = False
602.7206 	EXP 	polygon_24: autoDraw = False
602.7206 	EXP 	polygon_6: autoDraw = True
607.7172 	EXP 	polygon_6: autoDraw = False
607.7172 	EXP 	polygon_6: autoDraw = False
607.7172 	EXP 	polygon_7: autoDraw = True
611.7199 	EXP 	polygon_7: autoDraw = False
611.7199 	EXP 	polygon_8: autoDraw = True
615.7199 	EXP 	polygon_8: autoDraw = False
615.7199 	EXP 	polygon_9: autoDraw = True
617.8841 	DATA 	Keypress: lshift
617.8885 	EXP 	polygon_9: autoDraw = False
617.8885 	EXP 	polygon_24: autoDraw = True
626.3853 	EXP 	New trial (rep=2, index=0): None
627.8928 	EXP 	polygon_24: autoDraw = False
627.8928 	EXP 	polygon_24: autoDraw = False
627.8928 	EXP 	polygon_6: autoDraw = True
634.8922 	EXP 	polygon_6: autoDraw = False
634.8922 	EXP 	polygon_6: autoDraw = False
634.8922 	EXP 	polygon_7: autoDraw = True
638.8931 	EXP 	polygon_7: autoDraw = False
638.8931 	EXP 	polygon_8: autoDraw = True
642.8941 	EXP 	polygon_8: autoDraw = False
642.8941 	EXP 	polygon_9: autoDraw = True
644.8749 	DATA 	Keypress: rshift
644.8796 	EXP 	polygon_9: autoDraw = False
644.8796 	EXP 	polygon_24: autoDraw = True
651.3754 	EXP 	New trial (rep=3, index=0): None
652.8827 	EXP 	polygon_24: autoDraw = False
652.8827 	EXP 	polygon_24: autoDraw = False
652.8827 	EXP 	polygon_6: autoDraw = True
655.8813 	EXP 	polygon_6: autoDraw = False
655.8813 	EXP 	polygon_6: autoDraw = False
655.8813 	EXP 	polygon_7: autoDraw = True
659.8834 	EXP 	polygon_7: autoDraw = False
659.8834 	EXP 	polygon_8: autoDraw = True
663.8831 	EXP 	polygon_8: autoDraw = False
663.8831 	EXP 	polygon_9: autoDraw = True
666.0476 	DATA 	Keypress: rshift
666.0519 	EXP 	polygon_9: autoDraw = False
666.0519 	EXP 	polygon_24: autoDraw = True
675.5495 	EXP 	New trial (rep=4, index=0): None
677.0637 	EXP 	polygon_24: autoDraw = False
677.0637 	EXP 	polygon_24: autoDraw = False
677.0637 	EXP 	polygon_6: autoDraw = True
680.0548 	EXP 	polygon_6: autoDraw = False
680.0548 	EXP 	polygon_6: autoDraw = False
680.0548 	EXP 	polygon_7: autoDraw = True
684.0567 	EXP 	polygon_7: autoDraw = False
684.0567 	EXP 	polygon_8: autoDraw = True
688.0599 	EXP 	polygon_8: autoDraw = False
688.0599 	EXP 	polygon_9: autoDraw = True
690.3254 	DATA 	Keypress: lshift
690.3297 	EXP 	polygon_9: autoDraw = False
690.3297 	EXP 	polygon_24: autoDraw = True
699.8232 	EXP 	New trial (rep=5, index=0): None
701.3305 	EXP 	polygon_24: autoDraw = False
701.3305 	EXP 	polygon_24: autoDraw = False
701.3305 	EXP 	polygon_6: autoDraw = True
705.3303 	EXP 	polygon_6: autoDraw = False
705.3303 	EXP 	polygon_6: autoDraw = False
705.3303 	EXP 	polygon_7: autoDraw = True
709.3473 	EXP 	polygon_7: autoDraw = False
709.3473 	EXP 	polygon_8: autoDraw = True
713.3321 	EXP 	polygon_8: autoDraw = False
713.3321 	EXP 	polygon_9: autoDraw = True
715.4125 	DATA 	Keypress: lshift
715.4169 	EXP 	polygon_9: autoDraw = False
715.4169 	EXP 	polygon_24: autoDraw = True
721.9139 	EXP 	New trial (rep=6, index=0): None
723.4221 	EXP 	polygon_24: autoDraw = False
723.4221 	EXP 	polygon_24: autoDraw = False
723.4221 	EXP 	polygon_6: autoDraw = True
726.4184 	EXP 	polygon_6: autoDraw = False
726.4184 	EXP 	polygon_6: autoDraw = False
726.4184 	EXP 	polygon_7: autoDraw = True
730.4204 	EXP 	polygon_7: autoDraw = False
730.4204 	EXP 	polygon_8: autoDraw = True
734.4203 	EXP 	polygon_8: autoDraw = False
734.4203 	EXP 	polygon_9: autoDraw = True
736.4844 	DATA 	Keypress: rshift
736.4887 	EXP 	polygon_9: autoDraw = False
736.4887 	EXP 	polygon_24: autoDraw = True
746.9869 	EXP 	New trial (rep=7, index=0): None
748.4963 	EXP 	polygon_24: autoDraw = False
748.4963 	EXP 	polygon_24: autoDraw = False
748.4963 	EXP 	polygon_6: autoDraw = True
753.4925 	EXP 	polygon_6: autoDraw = False
753.4925 	EXP 	polygon_6: autoDraw = False
753.4925 	EXP 	polygon_7: autoDraw = True
757.4941 	EXP 	polygon_7: autoDraw = False
757.4941 	EXP 	polygon_8: autoDraw = True
761.4957 	EXP 	polygon_8: autoDraw = False
761.4957 	EXP 	polygon_9: autoDraw = True
763.3425 	DATA 	Keypress: lshift
763.3470 	EXP 	polygon_9: autoDraw = False
763.3470 	EXP 	polygon_24: autoDraw = True
770.8471 	EXP 	New trial (rep=8, index=0): None
772.3585 	EXP 	polygon_24: autoDraw = False
772.3585 	EXP 	polygon_24: autoDraw = False
772.3585 	EXP 	polygon_6: autoDraw = True
775.3497 	EXP 	polygon_6: autoDraw = False
775.3497 	EXP 	polygon_6: autoDraw = False
775.3497 	EXP 	polygon_7: autoDraw = True
779.3519 	EXP 	polygon_7: autoDraw = False
779.3519 	EXP 	polygon_8: autoDraw = True
783.3513 	EXP 	polygon_8: autoDraw = False
783.3513 	EXP 	polygon_9: autoDraw = True
785.6658 	DATA 	Keypress: lshift
785.6704 	EXP 	polygon_9: autoDraw = False
785.6704 	EXP 	polygon_24: autoDraw = True
793.1664 	EXP 	New trial (rep=9, index=0): None
794.6749 	EXP 	polygon_24: autoDraw = False
794.6749 	EXP 	polygon_24: autoDraw = False
794.6749 	EXP 	polygon_6: autoDraw = True
799.6720 	EXP 	polygon_6: autoDraw = False
799.6720 	EXP 	polygon_6: autoDraw = False
799.6720 	EXP 	polygon_7: autoDraw = True
803.6754 	EXP 	polygon_7: autoDraw = False
803.6754 	EXP 	polygon_8: autoDraw = True
807.6748 	EXP 	polygon_8: autoDraw = False
807.6748 	EXP 	polygon_9: autoDraw = True
811.0571 	DATA 	Keypress: lshift
811.0615 	EXP 	polygon_9: autoDraw = False
811.0615 	EXP 	polygon_24: autoDraw = True
818.5589 	EXP 	New trial (rep=10, index=0): None
820.0681 	EXP 	polygon_24: autoDraw = False
820.0681 	EXP 	polygon_24: autoDraw = False
820.0681 	EXP 	polygon_6: autoDraw = True
827.0637 	EXP 	polygon_6: autoDraw = False
827.0637 	EXP 	polygon_6: autoDraw = False
827.0637 	EXP 	polygon_7: autoDraw = True
831.0674 	EXP 	polygon_7: autoDraw = False
831.0674 	EXP 	polygon_8: autoDraw = True
835.0650 	EXP 	polygon_8: autoDraw = False
835.0650 	EXP 	polygon_9: autoDraw = True
836.9305 	DATA 	Keypress: lshift
836.9349 	EXP 	polygon_9: autoDraw = False
836.9349 	EXP 	polygon_24: autoDraw = True
847.4373 	EXP 	polygon_24: autoDraw = False
847.4373 	EXP 	polygon_24: autoDraw = False
847.4373 	EXP 	text_2: autoDraw = True
884.8606 	DATA 	Keypress: space
884.8747 	EXP 	text_2: autoDraw = False
884.8747 	EXP 	polygon_31: autoDraw = True
889.8603 	EXP 	Created sequence: sequential, trialTypes=1, nReps=11, seed=None
889.8605 	EXP 	New trial (rep=0, index=0): None
891.3730 	EXP 	polygon_31: autoDraw = False
891.3730 	EXP 	polygon_10: autoDraw = True
897.3689 	EXP 	polygon_10: autoDraw = False
897.3689 	EXP 	polygon_10: autoDraw = False
897.3689 	EXP 	polygon_11: autoDraw = True
901.3706 	EXP 	polygon_11: autoDraw = False
901.3706 	EXP 	polygon_12: autoDraw = True
905.3705 	EXP 	polygon_12: autoDraw = False
905.3705 	EXP 	polygon_13: autoDraw = True
907.2340 	DATA 	Keypress: rshift
907.2384 	EXP 	polygon_13: autoDraw = False
907.2384 	EXP 	polygon_25: autoDraw = True
913.8004 	DATA 	Keypress: lshift
915.7363 	EXP 	New trial (rep=1, index=0): None
917.2453 	EXP 	polygon_25: autoDraw = False
917.2453 	EXP 	polygon_25: autoDraw = False
917.2453 	EXP 	polygon_10: autoDraw = True
921.2411 	EXP 	polygon_10: autoDraw = False
921.2411 	EXP 	polygon_10: autoDraw = False
921.2411 	EXP 	polygon_11: autoDraw = True
925.2584 	EXP 	polygon_11: autoDraw = False
925.2584 	EXP 	polygon_12: autoDraw = True
929.2425 	EXP 	polygon_12: autoDraw = False
929.2425 	EXP 	polygon_13: autoDraw = True
931.5246 	DATA 	Keypress: lshift
931.5292 	EXP 	polygon_13: autoDraw = False
931.5292 	EXP 	polygon_25: autoDraw = True
941.0256 	EXP 	New trial (rep=2, index=0): None
942.5362 	EXP 	polygon_25: autoDraw = False
942.5362 	EXP 	polygon_25: autoDraw = False
942.5362 	EXP 	polygon_10: autoDraw = True
949.5320 	EXP 	polygon_10: autoDraw = False
949.5320 	EXP 	polygon_10: autoDraw = False
949.5320 	EXP 	polygon_11: autoDraw = True
953.5365 	EXP 	polygon_11: autoDraw = False
953.5365 	EXP 	polygon_12: autoDraw = True
957.5355 	EXP 	polygon_12: autoDraw = False
957.5355 	EXP 	polygon_13: autoDraw = True
959.3149 	DATA 	Keypress: lshift
959.3194 	EXP 	polygon_13: autoDraw = False
959.3194 	EXP 	polygon_25: autoDraw = True
966.8224 	EXP 	New trial (rep=3, index=0): None
968.3362 	EXP 	polygon_25: autoDraw = False
968.3362 	EXP 	polygon_25: autoDraw = False
968.3362 	EXP 	polygon_10: autoDraw = True
972.3407 	EXP 	polygon_10: autoDraw = False
972.3407 	EXP 	polygon_10: autoDraw = False
972.3407 	EXP 	polygon_11: autoDraw = True
976.3405 	EXP 	polygon_11: autoDraw = False
976.3405 	EXP 	polygon_12: autoDraw = True
980.3412 	EXP 	polygon_12: autoDraw = False
980.3412 	EXP 	polygon_13: autoDraw = True
982.5251 	DATA 	Keypress: rshift
982.5295 	EXP 	polygon_13: autoDraw = False
982.5295 	EXP 	polygon_25: autoDraw = True
990.0256 	EXP 	New trial (rep=4, index=0): None
991.5392 	EXP 	polygon_25: autoDraw = False
991.5392 	EXP 	polygon_25: autoDraw = False
991.5392 	EXP 	polygon_10: autoDraw = True
995.5326 	EXP 	polygon_10: autoDraw = False
995.5326 	EXP 	polygon_10: autoDraw = False
995.5326 	EXP 	polygon_11: autoDraw = True
999.5317 	EXP 	polygon_11: autoDraw = False
999.5317 	EXP 	polygon_12: autoDraw = True
1003.5317 	EXP 	polygon_12: autoDraw = False
1003.5317 	EXP 	polygon_13: autoDraw = True
1005.4321 	DATA 	Keypress: rshift
1005.4364 	EXP 	polygon_13: autoDraw = False
1005.4364 	EXP 	polygon_25: autoDraw = True
1011.9298 	EXP 	New trial (rep=5, index=0): None
1013.4423 	EXP 	polygon_25: autoDraw = False
1013.4423 	EXP 	polygon_25: autoDraw = False
1013.4423 	EXP 	polygon_10: autoDraw = True
1016.4367 	EXP 	polygon_10: autoDraw = False
1016.4367 	EXP 	polygon_10: autoDraw = False
1016.4367 	EXP 	polygon_11: autoDraw = True
1020.4369 	EXP 	polygon_11: autoDraw = False
1020.4369 	EXP 	polygon_12: autoDraw = True
1024.4374 	EXP 	polygon_12: autoDraw = False
1024.4374 	EXP 	polygon_13: autoDraw = True
1026.4203 	DATA 	Keypress: rshift
1026.4248 	EXP 	polygon_13: autoDraw = False
1026.4248 	EXP 	polygon_25: autoDraw = True
1036.9197 	EXP 	New trial (rep=6, index=0): None
1038.4291 	EXP 	polygon_25: autoDraw = False
1038.4291 	EXP 	polygon_25: autoDraw = False
1038.4291 	EXP 	polygon_10: autoDraw = True
1043.4267 	EXP 	polygon_10: autoDraw = False
1043.4267 	EXP 	polygon_10: autoDraw = False
1043.4267 	EXP 	polygon_11: autoDraw = True
1047.4286 	EXP 	polygon_11: autoDraw = False
1047.4286 	EXP 	polygon_12: autoDraw = True
1051.4290 	EXP 	polygon_12: autoDraw = False
1051.4290 	EXP 	polygon_13: autoDraw = True
1053.6435 	DATA 	Keypress: rshift
1053.6479 	EXP 	polygon_13: autoDraw = False
1053.6479 	EXP 	polygon_25: autoDraw = True
1060.1453 	EXP 	New trial (rep=7, index=0): None
1061.6519 	EXP 	polygon_25: autoDraw = False
1061.6519 	EXP 	polygon_25: autoDraw = False
1061.6519 	EXP 	polygon_10: autoDraw = True
1066.6505 	EXP 	polygon_10: autoDraw = False
1066.6505 	EXP 	polygon_10: autoDraw = False
1066.6505 	EXP 	polygon_11: autoDraw = True
1070.6530 	EXP 	polygon_11: autoDraw = False
1070.6530 	EXP 	polygon_12: autoDraw = True
1074.6510 	EXP 	polygon_12: autoDraw = False
1074.6510 	EXP 	polygon_13: autoDraw = True
1076.2334 	DATA 	Keypress: lshift
1076.2378 	EXP 	polygon_13: autoDraw = False
1076.2378 	EXP 	polygon_25: autoDraw = True
1082.7323 	EXP 	New trial (rep=8, index=0): None
1084.2388 	EXP 	polygon_25: autoDraw = False
1084.2388 	EXP 	polygon_25: autoDraw = False
1084.2388 	EXP 	polygon_10: autoDraw = True
1087.2399 	EXP 	polygon_10: autoDraw = False
1087.2399 	EXP 	polygon_10: autoDraw = False
1087.2399 	EXP 	polygon_11: autoDraw = True
1091.2403 	EXP 	polygon_11: autoDraw = False
1091.2403 	EXP 	polygon_12: autoDraw = True
1095.2404 	EXP 	polygon_12: autoDraw = False
1095.2404 	EXP 	polygon_13: autoDraw = True
1097.3593 	DATA 	Keypress: lshift
1097.3635 	EXP 	polygon_13: autoDraw = False
1097.3635 	EXP 	polygon_25: autoDraw = True
1104.8589 	EXP 	New trial (rep=9, index=0): None
1106.3704 	EXP 	polygon_25: autoDraw = False
1106.3704 	EXP 	polygon_25: autoDraw = False
1106.3704 	EXP 	polygon_10: autoDraw = True
1109.3620 	EXP 	polygon_10: autoDraw = False
1109.3620 	EXP 	polygon_10: autoDraw = False
1109.3620 	EXP 	polygon_11: autoDraw = True
1113.3634 	EXP 	polygon_11: autoDraw = False
1113.3634 	EXP 	polygon_12: autoDraw = True
1117.3648 	EXP 	polygon_12: autoDraw = False
1117.3648 	EXP 	polygon_13: autoDraw = True
1119.3285 	DATA 	Keypress: rshift
1119.3328 	EXP 	polygon_13: autoDraw = False
1119.3328 	EXP 	polygon_25: autoDraw = True
1128.8347 	EXP 	New trial (rep=10, index=0): None
1130.3501 	EXP 	polygon_25: autoDraw = False
1130.3501 	EXP 	polygon_25: autoDraw = False
1130.3501 	EXP 	polygon_10: autoDraw = True
1135.3526 	EXP 	polygon_10: autoDraw = False
1135.3526 	EXP 	polygon_10: autoDraw = False
1135.3526 	EXP 	polygon_11: autoDraw = True
1139.3537 	EXP 	polygon_11: autoDraw = False
1139.3537 	EXP 	polygon_12: autoDraw = True
1143.3561 	EXP 	polygon_12: autoDraw = False
1143.3561 	EXP 	polygon_13: autoDraw = True
1144.9711 	DATA 	Keypress: lshift
1144.9757 	EXP 	polygon_13: autoDraw = False
1144.9757 	EXP 	polygon_25: autoDraw = True
1153.4747 	EXP 	polygon_25: autoDraw = False
1153.4747 	EXP 	polygon_25: autoDraw = False
1153.4747 	EXP 	text_2: autoDraw = True
1185.2987 	DATA 	Keypress: space
1185.3111 	EXP 	text_2: autoDraw = False
1185.3111 	EXP 	polygon_31: autoDraw = True
1190.2963 	EXP 	Created sequence: sequential, trialTypes=1, nReps=11, seed=None
1190.2964 	EXP 	New trial (rep=0, index=0): None
1191.8041 	EXP 	polygon_31: autoDraw = False
1191.8041 	EXP 	polygon_31: autoDraw = False
1191.8041 	EXP 	polygon_14: autoDraw = True
1195.8048 	EXP 	polygon_14: autoDraw = False
1195.8048 	EXP 	polygon_14: autoDraw = False
1195.8048 	EXP 	polygon_15: autoDraw = True
1199.8218 	EXP 	polygon_15: autoDraw = False
1199.8218 	EXP 	polygon_16: autoDraw = True
1203.8050 	EXP 	polygon_16: autoDraw = False
1203.8050 	EXP 	polygon_17: autoDraw = True
1205.4738 	DATA 	Keypress: lshift
1205.4781 	EXP 	polygon_17: autoDraw = False
1205.4781 	EXP 	polygon_18: autoDraw = True
1211.9707 	EXP 	New trial (rep=1, index=0): None
1213.4822 	EXP 	polygon_18: autoDraw = False
1213.4822 	EXP 	polygon_18: autoDraw = False
1213.4822 	EXP 	polygon_14: autoDraw = True
1217.4770 	EXP 	polygon_14: autoDraw = False
1217.4770 	EXP 	polygon_14: autoDraw = False
1217.4770 	EXP 	polygon_15: autoDraw = True
1221.4783 	EXP 	polygon_15: autoDraw = False
1221.4783 	EXP 	polygon_16: autoDraw = True
1225.4787 	EXP 	polygon_16: autoDraw = False
1225.4787 	EXP 	polygon_17: autoDraw = True
1227.8834 	DATA 	Keypress: rshift
1227.8876 	EXP 	polygon_17: autoDraw = False
1227.8876 	EXP 	polygon_18: autoDraw = True
1235.3768 	EXP 	New trial (rep=2, index=0): None
1236.8840 	EXP 	polygon_18: autoDraw = False
1236.8840 	EXP 	polygon_18: autoDraw = False
1236.8840 	EXP 	polygon_14: autoDraw = True
1241.8831 	EXP 	polygon_14: autoDraw = False
1241.8831 	EXP 	polygon_14: autoDraw = False
1241.8831 	EXP 	polygon_15: autoDraw = True
1245.8843 	EXP 	polygon_15: autoDraw = False
1245.8843 	EXP 	polygon_16: autoDraw = True
1249.8838 	DATA 	Keypress: lshift
1249.8881 	EXP 	polygon_16: autoDraw = False
1249.8881 	EXP 	polygon_17: autoDraw = True
1252.1017 	DATA 	Keypress: lshift
1252.1061 	EXP 	polygon_17: autoDraw = False
1252.1061 	EXP 	polygon_18: autoDraw = True
1258.5994 	EXP 	New trial (rep=3, index=0): None
1260.1089 	EXP 	polygon_18: autoDraw = False
1260.1089 	EXP 	polygon_18: autoDraw = False
1260.1089 	EXP 	polygon_14: autoDraw = True
1264.1066 	EXP 	polygon_14: autoDraw = False
1264.1066 	EXP 	polygon_14: autoDraw = False
1264.1066 	EXP 	polygon_15: autoDraw = True
1268.1073 	EXP 	polygon_15: autoDraw = False
1268.1073 	EXP 	polygon_16: autoDraw = True
1272.1096 	EXP 	polygon_16: autoDraw = False
1272.1096 	EXP 	polygon_17: autoDraw = True
1273.7580 	DATA 	Keypress: lshift
1273.7624 	EXP 	polygon_17: autoDraw = False
1273.7624 	EXP 	polygon_18: autoDraw = True
1284.2592 	EXP 	New trial (rep=4, index=0): None
1285.7670 	EXP 	polygon_18: autoDraw = False
1285.7670 	EXP 	polygon_18: autoDraw = False
1285.7670 	EXP 	polygon_14: autoDraw = True
1292.7648 	EXP 	polygon_14: autoDraw = False
1292.7648 	EXP 	polygon_14: autoDraw = False
1292.7648 	EXP 	polygon_15: autoDraw = True
1296.7670 	EXP 	polygon_15: autoDraw = False
1296.7670 	EXP 	polygon_16: autoDraw = True
1300.7686 	EXP 	polygon_16: autoDraw = False
1300.7686 	EXP 	polygon_17: autoDraw = True
1302.5158 	DATA 	Keypress: rshift
1302.5203 	EXP 	polygon_17: autoDraw = False
1302.5203 	EXP 	polygon_18: autoDraw = True
1311.0151 	EXP 	New trial (rep=5, index=0): None
1312.5218 	EXP 	polygon_18: autoDraw = False
1312.5218 	EXP 	polygon_18: autoDraw = False
1312.5218 	EXP 	polygon_14: autoDraw = True
1315.5218 	EXP 	polygon_14: autoDraw = False
1315.5218 	EXP 	polygon_14: autoDraw = False
1315.5218 	EXP 	polygon_15: autoDraw = True
1319.5220 	EXP 	polygon_15: autoDraw = False
1319.5220 	EXP 	polygon_16: autoDraw = True
1323.5224 	EXP 	polygon_16: autoDraw = False
1323.5224 	EXP 	polygon_17: autoDraw = True
1325.8707 	DATA 	Keypress: rshift
1325.8752 	EXP 	polygon_17: autoDraw = False
1325.8752 	EXP 	polygon_18: autoDraw = True
1334.3710 	EXP 	New trial (rep=6, index=0): None
1335.8820 	EXP 	polygon_18: autoDraw = False
1335.8820 	EXP 	polygon_18: autoDraw = False
1335.8820 	EXP 	polygon_14: autoDraw = True
1340.8791 	EXP 	polygon_14: autoDraw = False
1340.8791 	EXP 	polygon_14: autoDraw = False
1340.8791 	EXP 	polygon_15: autoDraw = True
1344.8797 	EXP 	polygon_15: autoDraw = False
1344.8797 	EXP 	polygon_16: autoDraw = True
1348.8801 	EXP 	polygon_16: autoDraw = False
1348.8801 	EXP 	polygon_17: autoDraw = True
1350.3458 	DATA 	Keypress: lshift
1350.3502 	EXP 	polygon_17: autoDraw = False
1350.3502 	EXP 	polygon_18: autoDraw = True
1358.8452 	EXP 	New trial (rep=7, index=0): None
1360.3526 	EXP 	polygon_18: autoDraw = False
1360.3526 	EXP 	polygon_18: autoDraw = False
1360.3526 	EXP 	polygon_14: autoDraw = True
1366.3532 	EXP 	polygon_14: autoDraw = False
1366.3532 	EXP 	polygon_14: autoDraw = False
1366.3532 	EXP 	polygon_15: autoDraw = True
1370.3542 	EXP 	polygon_15: autoDraw = False
1370.3542 	EXP 	polygon_16: autoDraw = True
1374.3565 	EXP 	polygon_16: autoDraw = False
1374.3565 	EXP 	polygon_17: autoDraw = True
1376.0527 	DATA 	Keypress: lshift
1376.0571 	EXP 	polygon_17: autoDraw = False
1376.0571 	EXP 	polygon_18: autoDraw = True
1386.5541 	EXP 	New trial (rep=8, index=0): None
1388.0663 	EXP 	polygon_18: autoDraw = False
1388.0663 	EXP 	polygon_18: autoDraw = False
1388.0663 	EXP 	polygon_14: autoDraw = True
1391.0615 	EXP 	polygon_14: autoDraw = False
1391.0615 	EXP 	polygon_14: autoDraw = False
1391.0615 	EXP 	polygon_15: autoDraw = True
1395.0782 	EXP 	polygon_15: autoDraw = False
1395.0782 	EXP 	polygon_16: autoDraw = True
1399.0581 	DATA 	Keypress: rshift
1399.0624 	EXP 	polygon_16: autoDraw = False
1399.0624 	EXP 	polygon_17: autoDraw = True
1401.6774 	DATA 	Keypress: rshift
1401.6818 	EXP 	polygon_17: autoDraw = False
1401.6818 	EXP 	polygon_18: autoDraw = True
1412.1796 	EXP 	New trial (rep=9, index=0): None
1413.6926 	EXP 	polygon_18: autoDraw = False
1413.6926 	EXP 	polygon_18: autoDraw = False
1413.6926 	EXP 	polygon_14: autoDraw = True
1419.6858 	EXP 	polygon_14: autoDraw = False
1419.6858 	EXP 	polygon_14: autoDraw = False
1419.6858 	EXP 	polygon_15: autoDraw = True
1423.6857 	EXP 	polygon_15: autoDraw = False
1423.6857 	EXP 	polygon_16: autoDraw = True
1427.6861 	EXP 	polygon_16: autoDraw = False
1427.6861 	EXP 	polygon_17: autoDraw = True
1429.9684 	DATA 	Keypress: rshift
1429.9726 	EXP 	polygon_17: autoDraw = False
1429.9726 	EXP 	polygon_18: autoDraw = True
1440.4698 	EXP 	New trial (rep=10, index=0): None
1441.9794 	EXP 	polygon_18: autoDraw = False
1441.9794 	EXP 	polygon_18: autoDraw = False
1441.9794 	EXP 	polygon_14: autoDraw = True
1444.9759 	EXP 	polygon_14: autoDraw = False
1444.9759 	EXP 	polygon_14: autoDraw = False
1444.9759 	EXP 	polygon_15: autoDraw = True
1448.9772 	EXP 	polygon_15: autoDraw = False
1448.9772 	EXP 	polygon_16: autoDraw = True
1452.9783 	EXP 	polygon_16: autoDraw = False
1452.9783 	EXP 	polygon_17: autoDraw = True
1454.8267 	DATA 	Keypress: lshift
1454.8310 	EXP 	polygon_17: autoDraw = False
1454.8310 	EXP 	polygon_18: autoDraw = True
1464.3354 	EXP 	polygon_18: autoDraw = False
1464.3354 	EXP 	polygon_18: autoDraw = False
1464.3354 	EXP 	text_2: autoDraw = True
1501.5038 	DATA 	Keypress: space
1501.5184 	EXP 	text_2: autoDraw = False
1501.5184 	EXP 	polygon_31: autoDraw = True
1503.3200 	DATA 	Keypress: lshift
1506.5035 	EXP 	Created sequence: sequential, trialTypes=1, nReps=11, seed=None
1506.5037 	EXP 	New trial (rep=0, index=0): None
1508.0179 	EXP 	polygon_31: autoDraw = False
1508.0179 	EXP 	polygon_19: autoDraw = True
1511.0111 	EXP 	polygon_19: autoDraw = False
1511.0111 	EXP 	polygon_19: autoDraw = False
1511.0111 	EXP 	polygon_20: autoDraw = True
1515.0301 	EXP 	polygon_20: autoDraw = False
1515.0301 	EXP 	polygon_21: autoDraw = True
1519.0131 	EXP 	polygon_21: autoDraw = False
1519.0131 	EXP 	polygon_22: autoDraw = True
1520.7121 	DATA 	Keypress: rshift
1520.7165 	EXP 	polygon_22: autoDraw = False
1520.7165 	EXP 	polygon_23: autoDraw = True
1525.7433 	DATA 	Keypress: rshift
1529.2191 	EXP 	New trial (rep=1, index=0): None
1530.7264 	EXP 	polygon_23: autoDraw = False
1530.7264 	EXP 	polygon_23: autoDraw = False
1530.7264 	EXP 	polygon_19: autoDraw = True
1537.7173 	EXP 	polygon_19: autoDraw = False
1537.7173 	EXP 	polygon_19: autoDraw = False
1537.7173 	EXP 	polygon_20: autoDraw = True
1541.7202 	EXP 	polygon_20: autoDraw = False
1541.7202 	EXP 	polygon_21: autoDraw = True
1545.7204 	EXP 	polygon_21: autoDraw = False
1545.7204 	EXP 	polygon_22: autoDraw = True
1547.5684 	DATA 	Keypress: lshift
1547.5727 	EXP 	polygon_22: autoDraw = False
1547.5727 	EXP 	polygon_23: autoDraw = True
1556.0713 	EXP 	New trial (rep=2, index=0): None
1557.5777 	EXP 	polygon_23: autoDraw = False
1557.5777 	EXP 	polygon_23: autoDraw = False
1557.5777 	EXP 	polygon_19: autoDraw = True
1563.5754 	EXP 	polygon_19: autoDraw = False
1563.5754 	EXP 	polygon_19: autoDraw = False
1563.5754 	EXP 	polygon_20: autoDraw = True
1567.5788 	EXP 	polygon_20: autoDraw = False
1567.5788 	EXP 	polygon_21: autoDraw = True
1571.5778 	EXP 	polygon_21: autoDraw = False
1571.5778 	EXP 	polygon_22: autoDraw = True
1573.1429 	DATA 	Keypress: rshift
1573.1474 	EXP 	polygon_22: autoDraw = False
1573.1474 	EXP 	polygon_23: autoDraw = True
1581.6423 	EXP 	New trial (rep=3, index=0): None
1583.1520 	EXP 	polygon_23: autoDraw = False
1583.1520 	EXP 	polygon_23: autoDraw = False
1583.1520 	EXP 	polygon_19: autoDraw = True
1587.0693 	DATA 	Keypress: up
1589.1493 	EXP 	polygon_19: autoDraw = False
1589.1493 	EXP 	polygon_19: autoDraw = False
1589.1493 	EXP 	polygon_20: autoDraw = True
1593.1510 	EXP 	polygon_20: autoDraw = False
1593.1510 	EXP 	polygon_21: autoDraw = True
1597.1514 	EXP 	polygon_21: autoDraw = False
1597.1514 	EXP 	polygon_22: autoDraw = True
1599.0503 	DATA 	Keypress: lshift
1599.0545 	EXP 	polygon_22: autoDraw = False
1599.0545 	EXP 	polygon_23: autoDraw = True
1605.5513 	EXP 	New trial (rep=4, index=0): None
1607.0623 	EXP 	polygon_23: autoDraw = False
1607.0623 	EXP 	polygon_23: autoDraw = False
1607.0623 	EXP 	polygon_19: autoDraw = True
1614.0598 	EXP 	polygon_19: autoDraw = False
1614.0598 	EXP 	polygon_19: autoDraw = False
1614.0598 	EXP 	polygon_20: autoDraw = True
1618.0583 	EXP 	polygon_20: autoDraw = False
1618.0583 	EXP 	polygon_21: autoDraw = True
1622.0596 	EXP 	polygon_21: autoDraw = False
1622.0596 	EXP 	polygon_22: autoDraw = True
1624.0243 	DATA 	Keypress: rshift
1624.0286 	EXP 	polygon_22: autoDraw = False
1624.0286 	EXP 	polygon_23: autoDraw = True
1633.5239 	EXP 	New trial (rep=5, index=0): None
1635.0348 	EXP 	polygon_23: autoDraw = False
1635.0348 	EXP 	polygon_23: autoDraw = False
1635.0348 	EXP 	polygon_19: autoDraw = True
1642.0317 	EXP 	polygon_19: autoDraw = False
1642.0317 	EXP 	polygon_19: autoDraw = False
1642.0317 	EXP 	polygon_20: autoDraw = True
1646.0334 	EXP 	polygon_20: autoDraw = False
1646.0334 	EXP 	polygon_21: autoDraw = True
1650.0327 	EXP 	polygon_21: autoDraw = False
1650.0327 	EXP 	polygon_22: autoDraw = True
1651.8495 	DATA 	Keypress: rshift
1651.8536 	EXP 	polygon_22: autoDraw = False
1651.8536 	EXP 	polygon_23: autoDraw = True
1658.3479 	EXP 	New trial (rep=6, index=0): None
1659.8605 	EXP 	polygon_23: autoDraw = False
1659.8605 	EXP 	polygon_23: autoDraw = False
1659.8605 	EXP 	polygon_19: autoDraw = True
1663.8533 	EXP 	polygon_19: autoDraw = False
1663.8533 	EXP 	polygon_19: autoDraw = False
1663.8533 	EXP 	polygon_20: autoDraw = True
1667.8555 	EXP 	polygon_20: autoDraw = False
1667.8555 	EXP 	polygon_21: autoDraw = True
1671.8568 	EXP 	polygon_21: autoDraw = False
1671.8568 	EXP 	polygon_22: autoDraw = True
1673.5882 	DATA 	Keypress: lshift
1673.5923 	EXP 	polygon_22: autoDraw = False
1673.5923 	EXP 	polygon_23: autoDraw = True
1682.0934 	EXP 	New trial (rep=7, index=0): None
1683.6004 	EXP 	polygon_23: autoDraw = False
1683.6004 	EXP 	polygon_23: autoDraw = False
1683.6004 	EXP 	polygon_19: autoDraw = True
1687.5942 	EXP 	polygon_19: autoDraw = False
1687.5942 	EXP 	polygon_19: autoDraw = False
1687.5942 	EXP 	polygon_20: autoDraw = True
1691.5970 	EXP 	polygon_20: autoDraw = False
1691.5970 	EXP 	polygon_21: autoDraw = True
1695.5965 	EXP 	polygon_21: autoDraw = False
1695.5965 	EXP 	polygon_22: autoDraw = True
1705.8801 	DATA 	Keypress: rshift
1705.8846 	EXP 	polygon_22: autoDraw = False
1705.8846 	EXP 	polygon_23: autoDraw = True
1713.3832 	EXP 	New trial (rep=8, index=0): None
1714.8918 	EXP 	polygon_23: autoDraw = False
1714.8918 	EXP 	polygon_23: autoDraw = False
1714.8918 	EXP 	polygon_19: autoDraw = True
1717.8883 	EXP 	polygon_19: autoDraw = False
1717.8883 	EXP 	polygon_19: autoDraw = False
1717.8883 	EXP 	polygon_20: autoDraw = True
1721.8886 	EXP 	polygon_20: autoDraw = False
1721.8886 	EXP 	polygon_21: autoDraw = True
1725.8887 	EXP 	polygon_21: autoDraw = False
1725.8887 	EXP 	polygon_22: autoDraw = True
1727.6377 	DATA 	Keypress: rshift
1727.6420 	EXP 	polygon_22: autoDraw = False
1727.6420 	EXP 	polygon_23: autoDraw = True
1736.1413 	EXP 	New trial (rep=9, index=0): None
1737.6564 	EXP 	polygon_23: autoDraw = False
1737.6564 	EXP 	polygon_23: autoDraw = False
1737.6564 	EXP 	polygon_19: autoDraw = True
1742.6608 	EXP 	polygon_19: autoDraw = False
1742.6608 	EXP 	polygon_19: autoDraw = False
1742.6608 	EXP 	polygon_20: autoDraw = True
1746.6628 	EXP 	polygon_20: autoDraw = False
1746.6628 	EXP 	polygon_21: autoDraw = True
1750.6627 	EXP 	polygon_21: autoDraw = False
1750.6627 	EXP 	polygon_22: autoDraw = True
1752.2931 	DATA 	Keypress: rshift
1752.2974 	EXP 	polygon_22: autoDraw = False
1752.2974 	EXP 	polygon_23: autoDraw = True
1759.8006 	EXP 	New trial (rep=10, index=0): None
1761.3085 	EXP 	polygon_23: autoDraw = False
1761.3085 	EXP 	polygon_23: autoDraw = False
1761.3085 	EXP 	polygon_19: autoDraw = True
1764.3008 	EXP 	polygon_19: autoDraw = False
1764.3008 	EXP 	polygon_19: autoDraw = False
1764.3008 	EXP 	polygon_20: autoDraw = True
1768.3008 	EXP 	polygon_20: autoDraw = False
1768.3008 	EXP 	polygon_21: autoDraw = True
1772.3021 	EXP 	polygon_21: autoDraw = False
1772.3021 	EXP 	polygon_22: autoDraw = True
1773.7042 	DATA 	Keypress: lshift
1773.7083 	EXP 	polygon_22: autoDraw = False
1773.7083 	EXP 	polygon_23: autoDraw = True
1783.2110 	EXP 	polygon_23: autoDraw = False
1783.2110 	EXP 	polygon_23: autoDraw = False
1783.2110 	EXP 	text_3: autoDraw = True
1793.2183 	EXP 	text_3: autoDraw = False
1793.2183 	EXP 	text_3: autoDraw = False
1793.9896 	EXP 	window1: mouseVisible = True
