1.0269 	WARNING 	We strongly recommend you activate the PTB sound engine in PsychoPy prefs as the preferred audio engine. Its timing is vastly superior. Your prefs are currently set to use ['sounddevice', 'PTB', 'pyo', 'pygame'] (in that order).
8.6533 	EXP 	Created window1 = Window(allowGUI=False, allowStencil=False, autoLog=True, backendConf=UNKNOWN, bitsMode=UNKNOWN, blendMode='avg', bpc=(8, 8, 8), color=array([0, 0, 0]), colorSpace='rgb', depthBits=8, fullscr=<method-wrapper '__getattribute__' of attributeSetter object at 0x7fca35d34370>, gamma=None, gammaErrorPolicy='raise', lms=UNKNOWN, monitor=<psychopy.monitors.calibTools.Monitor object at 0x7fca355ff8b0>, multiSample=False, name='window1', numSamples=2, pos=[640.0, 360.0], screen=0, size=array([5120, 2880]), stencilBits=0, stereo=False, units='height', useFBO=True, useRetina=True, viewOri=0.0, viewPos=None, viewScale=None, waitBlanking=True, winType='pyglet')
8.6534 	EXP 	window1: mouseVisible = True
8.6534 	EXP 	window1: Attempting to measure frame rate of screen (0) ...
8.6534 	EXP 	window1: recordFrameIntervals = False
8.8200 	EXP 	window1: recordFrameIntervals = True
9.0033 	EXP 	Screen (0) actual frame rate measured at 60.00Hz
9.0033 	EXP 	window1: recordFrameIntervals = False
10.5927 	EXP 	Created text_6 = TextStim(__class__=<class 'psychopy.visual.text.TextStim'>, alignHoriz=method-wrapper(...), alignText='center', alignVert=method-wrapper(...), anchorHoriz='center', anchorVert='center', antialias=True, autoLog=True, bold=False, color=array([1., 1., 1.]), colorSpace='rgb', contrast=1.0, depth=0.0, flipHoriz=False, flipVert=False, font='Open Sans', fontFiles=[], height=0.029999999999999995, italic=False, languageStyle='LTR', name='text_6', opacity=1, ori=0.0, pos=array([0.  , 0.15]), rgb=UNKNOWN, text=str(...), units='height', win=Window(...), wrapWidth=1)
10.7157 	EXP 	window1: mouseVisible = True
10.9641 	EXP 	Created text_8 = TextStim(__class__=<class 'psychopy.visual.text.TextStim'>, alignHoriz=method-wrapper(...), alignText='center', alignVert=method-wrapper(...), anchorHoriz='center', anchorVert='center', antialias=True, autoLog=True, bold=False, color=array([1., 1., 1.]), colorSpace='rgb', contrast=1.0, depth=0.0, flipHoriz=False, flipVert=False, font='Open Sans', fontFiles=[], height=0.029999999999999995, italic=False, languageStyle='LTR', name='text_8', opacity=1, ori=0.0, pos=array([0., 0.]), rgb=UNKNOWN, text=str(...), units='height', win=Window(...), wrapWidth=1)
10.9888 	EXP 	Created text_4 = TextStim(__class__=<class 'psychopy.visual.text.TextStim'>, alignHoriz=method-wrapper(...), alignText='center', alignVert=method-wrapper(...), anchorHoriz='center', anchorVert='center', antialias=True, autoLog=True, bold=False, color=array([1., 1., 1.]), colorSpace='rgb', contrast=1.0, depth=0.0, flipHoriz=False, flipVert=False, font='Open Sans', fontFiles=[], height=0.029999999999999995, italic=False, languageStyle='LTR', name='text_4', opacity=1, ori=0.0, pos=array([0. , 0.1]), rgb=UNKNOWN, text=str(...), units='height', win=Window(...), wrapWidth=1)
11.0415 	EXP 	window1: mouseVisible = True
11.3081 	EXP 	Created text_7 = TextStim(__class__=<class 'psychopy.visual.text.TextStim'>, alignHoriz=method-wrapper(...), alignText='center', alignVert=method-wrapper(...), anchorHoriz='center', anchorVert='center', antialias=True, autoLog=True, bold=False, color=array([1., 1., 1.]), colorSpace='rgb', contrast=1.0, depth=0.0, flipHoriz=False, flipVert=False, font='Open Sans', fontFiles=[], height=0.0225, italic=False, languageStyle='LTR', name='text_7', opacity=1, ori=0.0, pos=array([0. , 0.2]), rgb=UNKNOWN, text=str(...), units='height', win=Window(...), wrapWidth=1)
11.9487 	EXP 	Sound sound_31 set volume 1.000
11.9668 	EXP 	Created text_10 = TextStim(__class__=<class 'psychopy.visual.text.TextStim'>, alignHoriz=method-wrapper(...), alignText='center', alignVert=method-wrapper(...), anchorHoriz='center', anchorVert='center', antialias=True, autoLog=True, bold=False, color=array([1., 1., 1.]), colorSpace='rgb', contrast=1.0, depth=-3.0, flipHoriz=False, flipVert=False, font='Open Sans', fontFiles=[], height=0.0225, italic=False, languageStyle='LTR', name='text_10', opacity=1, ori=0.0, pos=array([ 0.  , -0.25]), rgb=UNKNOWN, text=str(...), units='height', win=Window(...), wrapWidth=1)
12.1010 	EXP 	Created image = ImageStim(__class__=<class 'psychopy.visual.image.ImageStim'>, anchor=('center', 'center'), autoLog=True, color=array([1., 1., 1.]), colorSpace='rgb', contrast=1.0, depth=-4.0, flipHoriz=False, flipVert=False, image=str(...), interpolate=True, mask=None, maskParams=None, name='image', opacity=1, ori=0.0, pos=array([ 0.   , -0.075]), size=array([0.5  , 0.125]), texRes=128.0, units='height', win=Window(...))
12.1029 	EXP 	Created polygon_26 = ShapeStim(__class__=<class 'psychopy.visual.shape.ShapeStim'>, anchor=('center', 'center'), autoDraw=False, autoLog=True, closeShape=True, color=method-wrapper(...), colorSpace='rgb', contrast=None, depth=0.0, fillColor=array([1, 1, 1]), fillColorSpace='rgb', fillRGB=array([1, 1, 1]), interpolate=True, lineColor=array([1., 1., 1.]), lineColorSpace='rgb', lineRGB=array([1, 1, 1]), lineWidth=1.0, name='polygon_26', opacity=1, ori=0.0, pos=array([0., 0.]), size=array([0.1, 0.1]), units='height', vertices=ndarray(...), win=Window(...), windingRule=None)
12.1090 	EXP 	Sound sound_26 set volume 1.000
12.1110 	EXP 	Created polygon_27 = ShapeStim(__class__=<class 'psychopy.visual.shape.ShapeStim'>, anchor=('center', 'center'), autoDraw=False, autoLog=True, closeShape=True, color=method-wrapper(...), colorSpace='rgb', contrast=None, depth=0.0, fillColor=array([1, 1, 1]), fillColorSpace='rgb', fillRGB=array([1, 1, 1]), interpolate=True, lineColor=array([1., 1., 1.]), lineColorSpace='rgb', lineRGB=array([1, 1, 1]), lineWidth=1.0, name='polygon_27', opacity=1, ori=0.0, pos=array([0., 0.]), size=array([0.1, 0.1]), units='height', vertices=ndarray(...), win=Window(...), windingRule=None)
12.1116 	EXP 	Sound sound_27 set volume 1.000
12.1137 	EXP 	Created polygon_28 = ShapeStim(__class__=<class 'psychopy.visual.shape.ShapeStim'>, anchor=('center', 'center'), autoDraw=False, autoLog=True, closeShape=True, color=method-wrapper(...), colorSpace='rgb', contrast=None, depth=0.0, fillColor=array([1, 1, 1]), fillColorSpace='rgb', fillRGB=array([1, 1, 1]), interpolate=True, lineColor=array([1., 1., 1.]), lineColorSpace='rgb', lineRGB=array([1, 1, 1]), lineWidth=1.0, name='polygon_28', opacity=1, ori=0.0, pos=array([0., 0.]), size=array([0.1, 0.1]), units='height', vertices=ndarray(...), win=Window(...), windingRule=None)
12.1137 	EXP 	Sound sound_28 set volume 1.000
12.1163 	EXP 	Created polygon_29 = ShapeStim(__class__=<class 'psychopy.visual.shape.ShapeStim'>, anchor=('center', 'center'), autoDraw=False, autoLog=True, closeShape=True, color=method-wrapper(...), colorSpace='rgb', contrast=None, depth=0.0, fillColor=array([1, 1, 1]), fillColorSpace='rgb', fillRGB=array([1, 1, 1]), interpolate=True, lineColor=array([1., 1., 1.]), lineColorSpace='rgb', lineRGB=array([1, 1, 1]), lineWidth=1.0, name='polygon_29', opacity=1, ori=0.0, pos=array([0., 0.]), size=array([0.1, 0.1]), units='height', vertices=ndarray(...), win=Window(...), windingRule=None)
12.1177 	EXP 	Sound sound_29 set volume 1.000
12.3528 	EXP 	Created polygon_30 = ShapeStim(__class__=<class 'psychopy.visual.shape.ShapeStim'>, anchor=('center', 'center'), autoDraw=False, autoLog=True, closeShape=True, color=method-wrapper(...), colorSpace='rgb', contrast=None, depth=0.0, fillColor=array([1, 1, 1]), fillColorSpace='rgb', fillRGB=array([1, 1, 1]), interpolate=True, lineColor=array([1., 1., 1.]), lineColorSpace='rgb', lineRGB=array([1, 1, 1]), lineWidth=1.0, name='polygon_30', opacity=1, ori=0.0, pos=array([0., 0.]), size=array([0.1, 0.1]), units='height', vertices=ndarray(...), win=Window(...), windingRule=None)
12.3529 	EXP 	Sound sound_30 set volume 1.000
12.3543 	EXP 	Created text = TextStim(__class__=<class 'psychopy.visual.text.TextStim'>, alignHoriz=method-wrapper(...), alignText='center', alignVert=method-wrapper(...), anchorHoriz='center', anchorVert='center', antialias=True, autoLog=True, bold=False, color=array([1., 1., 1.]), colorSpace='rgb', contrast=1.0, depth=0.0, flipHoriz=False, flipVert=False, font='Open Sans', fontFiles=[], height=0.07, italic=False, languageStyle='LTR', name='text', opacity=1, ori=0.0, pos=array([0., 0.]), rgb=UNKNOWN, text='', units='height', win=Window(...), wrapWidth=1)
12.5831 	EXP 	Created polygon_31 = ShapeStim(__class__=<class 'psychopy.visual.shape.ShapeStim'>, anchor=('center', 'center'), autoDraw=False, autoLog=True, closeShape=True, color=method-wrapper(...), colorSpace='rgb', contrast=None, depth=0.0, fillColor=array([1, 1, 1]), fillColorSpace='rgb', fillRGB=array([1, 1, 1]), interpolate=True, lineColor=array([1., 1., 1.]), lineColorSpace='rgb', lineRGB=array([1, 1, 1]), lineWidth=1.0, name='polygon_31', opacity=1, ori=0.0, pos=array([0., 0.]), size=array([0.1, 0.1]), units='height', vertices=ndarray(...), win=Window(...), windingRule=None)
14.6232 	EXP 	Created polygon = ShapeStim(__class__=<class 'psychopy.visual.shape.ShapeStim'>, anchor=('center', 'center'), autoDraw=False, autoLog=True, closeShape=True, color=method-wrapper(...), colorSpace='rgb', contrast=None, depth=0.0, fillColor=array([1, 1, 1]), fillColorSpace='rgb', fillRGB=array([1, 1, 1]), interpolate=True, lineColor=array([1., 1., 1.]), lineColorSpace='rgb', lineRGB=array([1, 1, 1]), lineWidth=0.3, name='polygon', opacity=1, ori=0.0, pos=array([0., 0.]), size=array([0.1, 0.1]), units='height', vertices=ndarray(...), win=Window(...), windingRule=None)
14.6238 	EXP 	Sound sound_1 set volume 1.000
14.6260 	EXP 	Created polygon_3 = ShapeStim(__class__=<class 'psychopy.visual.shape.ShapeStim'>, anchor=('center', 'center'), autoDraw=False, autoLog=True, closeShape=True, color=method-wrapper(...), colorSpace='rgb', contrast=None, depth=0.0, fillColor=array([1, 1, 1]), fillColorSpace='rgb', fillRGB=array([1, 1, 1]), interpolate=True, lineColor=array([1., 1., 1.]), lineColorSpace='rgb', lineRGB=array([1, 1, 1]), lineWidth=1.0, name='polygon_3', opacity=1, ori=0.0, pos=array([0., 0.]), size=array([0.1, 0.1]), units='height', vertices=ndarray(...), win=Window(...), windingRule=None)
14.6266 	EXP 	Sound sound_2 set volume 1.000
14.6289 	EXP 	Created polygon_4 = ShapeStim(__class__=<class 'psychopy.visual.shape.ShapeStim'>, anchor=('center', 'center'), autoDraw=False, autoLog=True, closeShape=True, color=method-wrapper(...), colorSpace='rgb', contrast=None, depth=0.0, fillColor=array([1, 1, 1]), fillColorSpace='rgb', fillRGB=array([1, 1, 1]), interpolate=True, lineColor=array([1., 1., 1.]), lineColorSpace='rgb', lineRGB=array([1, 1, 1]), lineWidth=1.0, name='polygon_4', opacity=1, ori=0.0, pos=array([0., 0.]), size=array([0.1, 0.1]), units='height', vertices=ndarray(...), win=Window(...), windingRule=None)
14.6290 	EXP 	Sound sound_3 set volume 1.000
14.6316 	EXP 	Created polygon_2 = ShapeStim(__class__=<class 'psychopy.visual.shape.ShapeStim'>, anchor=('center', 'center'), autoDraw=False, autoLog=True, closeShape=True, color=method-wrapper(...), colorSpace='rgb', contrast=None, depth=0.0, fillColor=array([1, 1, 1]), fillColorSpace='rgb', fillRGB=array([1, 1, 1]), interpolate=True, lineColor=array([1., 1., 1.]), lineColorSpace='rgb', lineRGB=array([1, 1, 1]), lineWidth=1.0, name='polygon_2', opacity=1, ori=0.0, pos=array([0., 0.]), size=array([0.1, 0.1]), units='height', vertices=ndarray(...), win=Window(...), windingRule=None)
14.8671 	EXP 	Sound sound_4 set volume 1.000
14.8693 	EXP 	Created polygon_5 = ShapeStim(__class__=<class 'psychopy.visual.shape.ShapeStim'>, anchor=('center', 'center'), autoDraw=False, autoLog=True, closeShape=True, color=method-wrapper(...), colorSpace='rgb', contrast=None, depth=-1.0, fillColor=array([1, 1, 1]), fillColorSpace='rgb', fillRGB=array([1, 1, 1]), interpolate=True, lineColor=array([1., 1., 1.]), lineColorSpace='rgb', lineRGB=array([1, 1, 1]), lineWidth=1.0, name='polygon_5', opacity=1, ori=0.0, pos=array([0., 0.]), size=array([0.1, 0.1]), units='height', vertices=ndarray(...), win=Window(...), windingRule=None)
14.8693 	EXP 	Sound sound_5 set volume 1.000
14.9051 	EXP 	Created text_2 = TextStim(__class__=<class 'psychopy.visual.text.TextStim'>, alignHoriz=method-wrapper(...), alignText='center', alignVert=method-wrapper(...), anchorHoriz='center', anchorVert='center', antialias=True, autoLog=True, bold=False, color=array([1., 1., 1.]), colorSpace='rgb', contrast=1.0, depth=0.0, flipHoriz=False, flipVert=False, font='Open Sans', fontFiles=[], height=0.1, italic=False, languageStyle='LTR', name='text_2', opacity=1, ori=0.0, pos=array([0., 0.]), rgb=UNKNOWN, text=str(...), units='height', win=Window(...), wrapWidth=1)
15.1379 	EXP 	Created polygon_31 = ShapeStim(__class__=<class 'psychopy.visual.shape.ShapeStim'>, anchor=('center', 'center'), autoDraw=False, autoLog=True, closeShape=True, color=method-wrapper(...), colorSpace='rgb', contrast=None, depth=0.0, fillColor=array([1, 1, 1]), fillColorSpace='rgb', fillRGB=array([1, 1, 1]), interpolate=True, lineColor=array([1., 1., 1.]), lineColorSpace='rgb', lineRGB=array([1, 1, 1]), lineWidth=1.0, name='polygon_31', opacity=1, ori=0.0, pos=array([0., 0.]), size=array([0.1, 0.1]), units='height', vertices=ndarray(...), win=Window(...), windingRule=None)
17.1432 	EXP 	Created polygon_6 = ShapeStim(__class__=<class 'psychopy.visual.shape.ShapeStim'>, anchor=('center', 'center'), autoDraw=False, autoLog=True, closeShape=True, color=method-wrapper(...), colorSpace='rgb', contrast=None, depth=0.0, fillColor=array([1, 1, 1]), fillColorSpace='rgb', fillRGB=array([1, 1, 1]), interpolate=True, lineColor=array([1., 1., 1.]), lineColorSpace='rgb', lineRGB=array([1, 1, 1]), lineWidth=1.0, name='polygon_6', opacity=1, ori=0.0, pos=array([0., 0.]), size=array([0.1, 0.1]), units='height', vertices=ndarray(...), win=Window(...), windingRule=None)
17.1436 	EXP 	Sound sound_6 set volume 1.000
17.1459 	EXP 	Created polygon_7 = ShapeStim(__class__=<class 'psychopy.visual.shape.ShapeStim'>, anchor=('center', 'center'), autoDraw=False, autoLog=True, closeShape=True, color=method-wrapper(...), colorSpace='rgb', contrast=None, depth=0.0, fillColor=array([1, 1, 1]), fillColorSpace='rgb', fillRGB=array([1, 1, 1]), interpolate=True, lineColor=array([1., 1., 1.]), lineColorSpace='rgb', lineRGB=array([1, 1, 1]), lineWidth=1.0, name='polygon_7', opacity=1, ori=0.0, pos=array([0., 0.]), size=array([0.1, 0.1]), units='height', vertices=ndarray(...), win=Window(...), windingRule=None)
17.1463 	EXP 	Sound sound_7 set volume 1.000
17.1485 	EXP 	Created polygon_8 = ShapeStim(__class__=<class 'psychopy.visual.shape.ShapeStim'>, anchor=('center', 'center'), autoDraw=False, autoLog=True, closeShape=True, color=method-wrapper(...), colorSpace='rgb', contrast=None, depth=0.0, fillColor=array([1, 1, 1]), fillColorSpace='rgb', fillRGB=array([1, 1, 1]), interpolate=True, lineColor=array([1., 1., 1.]), lineColorSpace='rgb', lineRGB=array([1, 1, 1]), lineWidth=1.0, name='polygon_8', opacity=1, ori=0.0, pos=array([0., 0.]), size=array([0.1, 0.1]), units='height', vertices=ndarray(...), win=Window(...), windingRule=None)
17.1486 	EXP 	Sound sound_8 set volume 1.000
17.1507 	EXP 	Created polygon_9 = ShapeStim(__class__=<class 'psychopy.visual.shape.ShapeStim'>, anchor=('center', 'center'), autoDraw=False, autoLog=True, closeShape=True, color=method-wrapper(...), colorSpace='rgb', contrast=None, depth=0.0, fillColor=array([1, 1, 1]), fillColorSpace='rgb', fillRGB=array([1, 1, 1]), interpolate=True, lineColor=array([1., 1., 1.]), lineColorSpace='rgb', lineRGB=array([1, 1, 1]), lineWidth=1.0, name='polygon_9', opacity=1, ori=0.0, pos=array([0., 0.]), size=array([0.1, 0.1]), units='height', vertices=ndarray(...), win=Window(...), windingRule=None)
17.3801 	EXP 	Sound sound_9 set volume 1.000
17.3821 	EXP 	Created polygon_24 = ShapeStim(__class__=<class 'psychopy.visual.shape.ShapeStim'>, anchor=('center', 'center'), autoDraw=False, autoLog=True, closeShape=True, color=method-wrapper(...), colorSpace='rgb', contrast=None, depth=0.0, fillColor=array([1, 1, 1]), fillColorSpace='rgb', fillRGB=array([1, 1, 1]), interpolate=True, lineColor=array([1., 1., 1.]), lineColorSpace='rgb', lineRGB=array([1, 1, 1]), lineWidth=1.0, name='polygon_24', opacity=1, ori=0.0, pos=array([0., 0.]), size=array([0.1, 0.1]), units='height', vertices=ndarray(...), win=Window(...), windingRule=None)
17.3822 	EXP 	Sound sound_24 set volume 1.000
17.3943 	EXP 	Created text_2 = TextStim(__class__=<class 'psychopy.visual.text.TextStim'>, alignHoriz=method-wrapper(...), alignText='center', alignVert=method-wrapper(...), anchorHoriz='center', anchorVert='center', antialias=True, autoLog=True, bold=False, color=array([1., 1., 1.]), colorSpace='rgb', contrast=1.0, depth=0.0, flipHoriz=False, flipVert=False, font='Open Sans', fontFiles=[], height=0.1, italic=False, languageStyle='LTR', name='text_2', opacity=1, ori=0.0, pos=array([0., 0.]), rgb=UNKNOWN, text=str(...), units='height', win=Window(...), wrapWidth=1)
17.6226 	EXP 	Created polygon_31 = ShapeStim(__class__=<class 'psychopy.visual.shape.ShapeStim'>, anchor=('center', 'center'), autoDraw=False, autoLog=True, closeShape=True, color=method-wrapper(...), colorSpace='rgb', contrast=None, depth=0.0, fillColor=array([1, 1, 1]), fillColorSpace='rgb', fillRGB=array([1, 1, 1]), interpolate=True, lineColor=array([1., 1., 1.]), lineColorSpace='rgb', lineRGB=array([1, 1, 1]), lineWidth=1.0, name='polygon_31', opacity=1, ori=0.0, pos=array([0., 0.]), size=array([0.1, 0.1]), units='height', vertices=ndarray(...), win=Window(...), windingRule=None)
19.6276 	EXP 	Created polygon_10 = ShapeStim(__class__=<class 'psychopy.visual.shape.ShapeStim'>, anchor=('center', 'center'), autoDraw=False, autoLog=True, closeShape=True, color=method-wrapper(...), colorSpace='rgb', contrast=None, depth=0.0, fillColor=array([1, 1, 1]), fillColorSpace='rgb', fillRGB=array([1, 1, 1]), interpolate=True, lineColor=array([1., 1., 1.]), lineColorSpace='rgb', lineRGB=array([1, 1, 1]), lineWidth=1.0, name='polygon_10', opacity=1, ori=0.0, pos=array([0., 0.]), size=array([0.1, 0.1]), units='height', vertices=ndarray(...), win=Window(...), windingRule=None)
19.6281 	EXP 	Sound sound_10 set volume 1.000
19.6301 	EXP 	Created polygon_11 = ShapeStim(__class__=<class 'psychopy.visual.shape.ShapeStim'>, anchor=('center', 'center'), autoDraw=False, autoLog=True, closeShape=True, color=method-wrapper(...), colorSpace='rgb', contrast=None, depth=0.0, fillColor=array([1, 1, 1]), fillColorSpace='rgb', fillRGB=array([1, 1, 1]), interpolate=True, lineColor=array([1., 1., 1.]), lineColorSpace='rgb', lineRGB=array([1, 1, 1]), lineWidth=1.0, name='polygon_11', opacity=1, ori=0.0, pos=array([0., 0.]), size=array([0.1, 0.1]), units='height', vertices=ndarray(...), win=Window(...), windingRule=None)
19.6306 	EXP 	Sound sound_11 set volume 1.000
19.6328 	EXP 	Created polygon_12 = ShapeStim(__class__=<class 'psychopy.visual.shape.ShapeStim'>, anchor=('center', 'center'), autoDraw=False, autoLog=True, closeShape=True, color=method-wrapper(...), colorSpace='rgb', contrast=None, depth=0.0, fillColor=array([1, 1, 1]), fillColorSpace='rgb', fillRGB=array([1, 1, 1]), interpolate=True, lineColor=array([1., 1., 1.]), lineColorSpace='rgb', lineRGB=array([1, 1, 1]), lineWidth=1.0, name='polygon_12', opacity=1, ori=0.0, pos=array([0., 0.]), size=array([0.1, 0.1]), units='height', vertices=ndarray(...), win=Window(...), windingRule=None)
19.6329 	EXP 	Sound sound_12 set volume 1.000
19.6350 	EXP 	Created polygon_13 = ShapeStim(__class__=<class 'psychopy.visual.shape.ShapeStim'>, anchor=('center', 'center'), autoDraw=False, autoLog=True, closeShape=True, color=method-wrapper(...), colorSpace='rgb', contrast=None, depth=0.0, fillColor=array([1, 1, 1]), fillColorSpace='rgb', fillRGB=array([1, 1, 1]), interpolate=True, lineColor=array([1., 1., 1.]), lineColorSpace='rgb', lineRGB=array([1, 1, 1]), lineWidth=1.0, name='polygon_13', opacity=1, ori=0.0, pos=array([0., 0.]), size=array([0.1, 0.1]), units='height', vertices=ndarray(...), win=Window(...), windingRule=None)
19.8618 	EXP 	Sound sound_13 set volume 1.000
19.8639 	EXP 	Created polygon_25 = ShapeStim(__class__=<class 'psychopy.visual.shape.ShapeStim'>, anchor=('center', 'center'), autoDraw=False, autoLog=True, closeShape=True, color=method-wrapper(...), colorSpace='rgb', contrast=None, depth=0.0, fillColor=array([1, 1, 1]), fillColorSpace='rgb', fillRGB=array([1, 1, 1]), interpolate=True, lineColor=array([1., 1., 1.]), lineColorSpace='rgb', lineRGB=array([1, 1, 1]), lineWidth=1.0, name='polygon_25', opacity=1, ori=0.0, pos=array([0., 0.]), size=array([0.1, 0.1]), units='height', vertices=ndarray(...), win=Window(...), windingRule=None)
19.8639 	EXP 	Sound sound_25 set volume 1.000
19.8757 	EXP 	Created text_2 = TextStim(__class__=<class 'psychopy.visual.text.TextStim'>, alignHoriz=method-wrapper(...), alignText='center', alignVert=method-wrapper(...), anchorHoriz='center', anchorVert='center', antialias=True, autoLog=True, bold=False, color=array([1., 1., 1.]), colorSpace='rgb', contrast=1.0, depth=0.0, flipHoriz=False, flipVert=False, font='Open Sans', fontFiles=[], height=0.1, italic=False, languageStyle='LTR', name='text_2', opacity=1, ori=0.0, pos=array([0., 0.]), rgb=UNKNOWN, text=str(...), units='height', win=Window(...), wrapWidth=1)
20.1112 	EXP 	Created polygon_31 = ShapeStim(__class__=<class 'psychopy.visual.shape.ShapeStim'>, anchor=('center', 'center'), autoDraw=False, autoLog=True, closeShape=True, color=method-wrapper(...), colorSpace='rgb', contrast=None, depth=0.0, fillColor=array([1, 1, 1]), fillColorSpace='rgb', fillRGB=array([1, 1, 1]), interpolate=True, lineColor=array([1., 1., 1.]), lineColorSpace='rgb', lineRGB=array([1, 1, 1]), lineWidth=1.0, name='polygon_31', opacity=1, ori=0.0, pos=array([0., 0.]), size=array([0.1, 0.1]), units='height', vertices=ndarray(...), win=Window(...), windingRule=None)
22.1275 	EXP 	Created polygon_14 = ShapeStim(__class__=<class 'psychopy.visual.shape.ShapeStim'>, anchor=('center', 'center'), autoDraw=False, autoLog=True, closeShape=True, color=method-wrapper(...), colorSpace='rgb', contrast=None, depth=0.0, fillColor=array([1, 1, 1]), fillColorSpace='rgb', fillRGB=array([1, 1, 1]), interpolate=True, lineColor=array([1., 1., 1.]), lineColorSpace='rgb', lineRGB=array([1, 1, 1]), lineWidth=1.0, name='polygon_14', opacity=1, ori=0.0, pos=array([0., 0.]), size=array([0.1, 0.1]), units='height', vertices=ndarray(...), win=Window(...), windingRule=None)
22.1283 	EXP 	Sound sound_14 set volume 0.800
22.1306 	EXP 	Created polygon_15 = ShapeStim(__class__=<class 'psychopy.visual.shape.ShapeStim'>, anchor=('center', 'center'), autoDraw=False, autoLog=True, closeShape=True, color=method-wrapper(...), colorSpace='rgb', contrast=None, depth=0.0, fillColor=array([1, 1, 1]), fillColorSpace='rgb', fillRGB=array([1, 1, 1]), interpolate=True, lineColor=array([1., 1., 1.]), lineColorSpace='rgb', lineRGB=array([1, 1, 1]), lineWidth=1.0, name='polygon_15', opacity=1, ori=0.0, pos=array([0., 0.]), size=array([0.1, 0.1]), units='height', vertices=ndarray(...), win=Window(...), windingRule=None)
22.1312 	EXP 	Sound sound_15 set volume 1.000
22.1333 	EXP 	Created polygon_16 = ShapeStim(__class__=<class 'psychopy.visual.shape.ShapeStim'>, anchor=('center', 'center'), autoDraw=False, autoLog=True, closeShape=True, color=method-wrapper(...), colorSpace='rgb', contrast=None, depth=0.0, fillColor=array([1, 1, 1]), fillColorSpace='rgb', fillRGB=array([1, 1, 1]), interpolate=True, lineColor=array([1., 1., 1.]), lineColorSpace='rgb', lineRGB=array([1, 1, 1]), lineWidth=1.0, name='polygon_16', opacity=1, ori=0.0, pos=array([0., 0.]), size=array([0.1, 0.1]), units='height', vertices=ndarray(...), win=Window(...), windingRule=None)
22.1334 	EXP 	Sound sound_16 set volume 1.000
22.1339 	EXP 	Sound sound_17 set volume 1.000
22.1358 	EXP 	Created polygon_17 = ShapeStim(__class__=<class 'psychopy.visual.shape.ShapeStim'>, anchor=('center', 'center'), autoDraw=False, autoLog=True, closeShape=True, color=method-wrapper(...), colorSpace='rgb', contrast=None, depth=-2.0, fillColor=array([1, 1, 1]), fillColorSpace='rgb', fillRGB=array([1, 1, 1]), interpolate=True, lineColor=array([1., 1., 1.]), lineColorSpace='rgb', lineRGB=array([1, 1, 1]), lineWidth=1.0, name='polygon_17', opacity=1, ori=0.0, pos=array([0., 0.]), size=array([0.1, 0.1]), units='height', vertices=ndarray(...), win=Window(...), windingRule=None)
22.3750 	EXP 	Created polygon_18 = ShapeStim(__class__=<class 'psychopy.visual.shape.ShapeStim'>, anchor=('center', 'center'), autoDraw=False, autoLog=True, closeShape=True, color=method-wrapper(...), colorSpace='rgb', contrast=None, depth=-1.0, fillColor=array([1, 1, 1]), fillColorSpace='rgb', fillRGB=array([1, 1, 1]), interpolate=True, lineColor=array([1., 1., 1.]), lineColorSpace='rgb', lineRGB=array([1, 1, 1]), lineWidth=1.0, name='polygon_18', opacity=1, ori=0.0, pos=array([0., 0.]), size=array([0.1, 0.1]), units='height', vertices=ndarray(...), win=Window(...), windingRule=None)
22.3751 	EXP 	Sound sound_18 set volume 1.000
22.3878 	EXP 	Created text_2 = TextStim(__class__=<class 'psychopy.visual.text.TextStim'>, alignHoriz=method-wrapper(...), alignText='center', alignVert=method-wrapper(...), anchorHoriz='center', anchorVert='center', antialias=True, autoLog=True, bold=False, color=array([1., 1., 1.]), colorSpace='rgb', contrast=1.0, depth=0.0, flipHoriz=False, flipVert=False, font='Open Sans', fontFiles=[], height=0.1, italic=False, languageStyle='LTR', name='text_2', opacity=1, ori=0.0, pos=array([0., 0.]), rgb=UNKNOWN, text=str(...), units='height', win=Window(...), wrapWidth=1)
22.6166 	EXP 	Created polygon_31 = ShapeStim(__class__=<class 'psychopy.visual.shape.ShapeStim'>, anchor=('center', 'center'), autoDraw=False, autoLog=True, closeShape=True, color=method-wrapper(...), colorSpace='rgb', contrast=None, depth=0.0, fillColor=array([1, 1, 1]), fillColorSpace='rgb', fillRGB=array([1, 1, 1]), interpolate=True, lineColor=array([1., 1., 1.]), lineColorSpace='rgb', lineRGB=array([1, 1, 1]), lineWidth=1.0, name='polygon_31', opacity=1, ori=0.0, pos=array([0., 0.]), size=array([0.1, 0.1]), units='height', vertices=ndarray(...), win=Window(...), windingRule=None)
24.6212 	EXP 	Created polygon_19 = ShapeStim(__class__=<class 'psychopy.visual.shape.ShapeStim'>, anchor=('center', 'center'), autoDraw=False, autoLog=True, closeShape=True, color=method-wrapper(...), colorSpace='rgb', contrast=None, depth=0.0, fillColor=array([1, 1, 1]), fillColorSpace='rgb', fillRGB=array([1, 1, 1]), interpolate=True, lineColor=array([1., 1., 1.]), lineColorSpace='rgb', lineRGB=array([1, 1, 1]), lineWidth=1.0, name='polygon_19', opacity=1, ori=0.0, pos=array([0., 0.]), size=array([0.1, 0.1]), units='height', vertices=ndarray(...), win=Window(...), windingRule=None)
24.6218 	EXP 	Sound sound_19 set volume 1.000
24.6237 	EXP 	Created polygon_20 = ShapeStim(__class__=<class 'psychopy.visual.shape.ShapeStim'>, anchor=('center', 'center'), autoDraw=False, autoLog=True, closeShape=True, color=method-wrapper(...), colorSpace='rgb', contrast=None, depth=0.0, fillColor=array([1, 1, 1]), fillColorSpace='rgb', fillRGB=array([1, 1, 1]), interpolate=True, lineColor=array([1., 1., 1.]), lineColorSpace='rgb', lineRGB=array([1, 1, 1]), lineWidth=1.0, name='polygon_20', opacity=1, ori=0.0, pos=array([0., 0.]), size=array([0.1, 0.1]), units='height', vertices=ndarray(...), win=Window(...), windingRule=None)
24.6242 	EXP 	Sound sound_20 set volume 1.000
24.6263 	EXP 	Created polygon_21 = ShapeStim(__class__=<class 'psychopy.visual.shape.ShapeStim'>, anchor=('center', 'center'), autoDraw=False, autoLog=True, closeShape=True, color=method-wrapper(...), colorSpace='rgb', contrast=None, depth=0.0, fillColor=array([1, 1, 1]), fillColorSpace='rgb', fillRGB=array([1, 1, 1]), interpolate=True, lineColor=array([1., 1., 1.]), lineColorSpace='rgb', lineRGB=array([1, 1, 1]), lineWidth=1.0, name='polygon_21', opacity=1, ori=0.0, pos=array([0., 0.]), size=array([0.1, 0.1]), units='height', vertices=ndarray(...), win=Window(...), windingRule=None)
24.6265 	EXP 	Sound sound_21 set volume 1.000
24.6288 	EXP 	Created polygon_22 = ShapeStim(__class__=<class 'psychopy.visual.shape.ShapeStim'>, anchor=('center', 'center'), autoDraw=False, autoLog=True, closeShape=True, color=method-wrapper(...), colorSpace='rgb', contrast=None, depth=0.0, fillColor=array([1, 1, 1]), fillColorSpace='rgb', fillRGB=array([1, 1, 1]), interpolate=True, lineColor=array([1., 1., 1.]), lineColorSpace='rgb', lineRGB=array([1, 1, 1]), lineWidth=1.0, name='polygon_22', opacity=1, ori=0.0, pos=array([0., 0.]), size=array([0.1, 0.1]), units='height', vertices=ndarray(...), win=Window(...), windingRule=None)
24.6294 	EXP 	Sound sound_22 set volume 1.000
24.8625 	EXP 	Created polygon_23 = ShapeStim(__class__=<class 'psychopy.visual.shape.ShapeStim'>, anchor=('center', 'center'), autoDraw=False, autoLog=True, closeShape=True, color=method-wrapper(...), colorSpace='rgb', contrast=None, depth=0.0, fillColor=array([1, 1, 1]), fillColorSpace='rgb', fillRGB=array([1, 1, 1]), interpolate=True, lineColor=array([1., 1., 1.]), lineColorSpace='rgb', lineRGB=array([1, 1, 1]), lineWidth=1.0, name='polygon_23', opacity=1, ori=0.0, pos=array([0., 0.]), size=array([0.1, 0.1]), units='height', vertices=ndarray(...), win=Window(...), windingRule=None)
24.8626 	EXP 	Sound sound_23 set volume 1.000
24.8728 	EXP 	Created text_3 = TextStim(__class__=<class 'psychopy.visual.text.TextStim'>, alignHoriz=method-wrapper(...), alignText='center', alignVert=method-wrapper(...), anchorHoriz='center', anchorVert='center', antialias=True, autoLog=True, bold=False, color=array([1., 1., 1.]), colorSpace='rgb', contrast=1.0, depth=0.0, flipHoriz=False, flipVert=False, font='Open Sans', fontFiles=[], height=0.1, italic=False, languageStyle='LTR', name='text_3', opacity=1, ori=0.0, pos=array([0., 0.]), rgb=UNKNOWN, text=str(...), units='height', win=Window(...), wrapWidth=1)
24.8894 	EXP 	text_6: autoDraw = True
59.5735 	DATA 	Keypress: space
59.6009 	EXP 	text_6: autoDraw = False
59.6009 	EXP 	text_8: autoDraw = True
74.6054 	EXP 	text_8: autoDraw = False
74.6054 	EXP 	text_4: autoDraw = True
90.7637 	DATA 	Keypress: space
90.7773 	EXP 	text_4: autoDraw = False
90.7773 	EXP 	text_7: autoDraw = True
90.7773 	EXP 	text_10: autoDraw = True
90.7773 	EXP 	image: autoDraw = True
270.1622 	EXP 	Created sequence: random, trialTypes=1, nReps=4, seed=None
270.1624 	EXP 	New trial (rep=0, index=0): None
270.1707 	DATA 	Keypress: space
270.1783 	EXP 	text_7: autoDraw = False
270.1783 	EXP 	text_10: autoDraw = False
270.1783 	EXP 	image: autoDraw = False
270.1783 	EXP 	polygon_26: autoDraw = True
275.1797 	EXP 	polygon_26: autoDraw = False
275.1797 	EXP 	polygon_27: autoDraw = True
279.1811 	EXP 	polygon_27: autoDraw = False
279.1811 	EXP 	polygon_28: autoDraw = True
283.1700 	EXP 	polygon_28: autoDraw = False
283.1700 	EXP 	polygon_29: autoDraw = True
283.7356 	DATA 	Keypress: lshift
283.7490 	EXP 	polygon_29: autoDraw = False
283.7490 	EXP 	polygon_30: autoDraw = True
290.7346 	EXP 	New trial (rep=1, index=0): None
290.7507 	EXP 	polygon_30: autoDraw = False
290.7507 	EXP 	polygon_26: autoDraw = True
295.7522 	EXP 	polygon_26: autoDraw = False
295.7522 	EXP 	polygon_27: autoDraw = True
299.7535 	EXP 	polygon_27: autoDraw = False
299.7535 	EXP 	polygon_28: autoDraw = True
303.7548 	EXP 	polygon_28: autoDraw = False
303.7548 	EXP 	polygon_29: autoDraw = True
304.1740 	DATA 	Keypress: rshift
304.1917 	EXP 	polygon_29: autoDraw = False
304.1917 	EXP 	polygon_30: autoDraw = True
311.1757 	EXP 	New trial (rep=2, index=0): None
311.1914 	EXP 	polygon_30: autoDraw = False
311.1914 	EXP 	polygon_26: autoDraw = True
316.1923 	EXP 	polygon_26: autoDraw = False
316.1923 	EXP 	polygon_27: autoDraw = True
320.1925 	EXP 	polygon_27: autoDraw = False
320.1925 	EXP 	polygon_28: autoDraw = True
321.0605 	DATA 	Keypress: lshift
324.1956 	EXP 	polygon_28: autoDraw = False
324.1956 	EXP 	polygon_29: autoDraw = True
324.6638 	DATA 	Keypress: lshift
324.6774 	EXP 	polygon_29: autoDraw = False
324.6774 	EXP 	polygon_30: autoDraw = True
331.6629 	EXP 	New trial (rep=3, index=0): None
331.6791 	EXP 	polygon_30: autoDraw = False
331.6791 	EXP 	polygon_26: autoDraw = True
336.6806 	EXP 	polygon_26: autoDraw = False
336.6806 	EXP 	polygon_27: autoDraw = True
340.6819 	EXP 	polygon_27: autoDraw = False
340.6819 	EXP 	polygon_28: autoDraw = True
344.6831 	EXP 	polygon_28: autoDraw = False
344.6831 	EXP 	polygon_29: autoDraw = True
345.0525 	DATA 	Keypress: rshift
345.0664 	EXP 	polygon_29: autoDraw = False
345.0664 	EXP 	polygon_30: autoDraw = True
352.0767 	EXP 	polygon_30: autoDraw = False
352.0767 	EXP 	text: height = 0.07
352.0767 	EXP 	text: height = 0.07
352.0767 	EXP 	text: text = 'That concludes the practice block.\nYou can take some time to look away from the screen and relax your eyes.\n\nPlease press Spacebar to continue with the experiment.\n'
352.0767 	EXP 	text: autoDraw = True
361.0900 	DATA 	Keypress: space
361.1044 	EXP 	text: autoDraw = False
361.1044 	EXP 	polygon_31: autoDraw = True
366.0894 	EXP 	Created sequence: sequential, trialTypes=1, nReps=11, seed=None
366.0896 	EXP 	New trial (rep=0, index=0): None
366.8495 	EXP 	polygon_31: autoDraw = False
366.8495 	EXP 	polygon: autoDraw = True
370.0986 	EXP 	polygon: autoDraw = False
370.0986 	EXP 	polygon: autoDraw = False
370.0986 	EXP 	polygon_3: autoDraw = True
374.1178 	EXP 	polygon_3: autoDraw = False
374.1178 	EXP 	polygon_4: autoDraw = True
377.8756 	EXP 	polygon_4: autoDraw = False
377.8756 	EXP 	polygon_2: autoDraw = True
378.6792 	DATA 	Keypress: rshift
378.6834 	EXP 	polygon_2: autoDraw = False
378.6834 	EXP 	polygon_5: autoDraw = True
386.1803 	EXP 	New trial (rep=1, index=0): None
386.9396 	EXP 	polygon_5: autoDraw = False
386.9396 	EXP 	polygon_5: autoDraw = False
386.9396 	EXP 	polygon: autoDraw = True
392.1859 	EXP 	polygon: autoDraw = False
392.1859 	EXP 	polygon: autoDraw = False
392.1859 	EXP 	polygon_3: autoDraw = True
396.1888 	EXP 	polygon_3: autoDraw = False
396.1888 	EXP 	polygon_4: autoDraw = True
399.9489 	EXP 	polygon_4: autoDraw = False
399.9489 	EXP 	polygon_2: autoDraw = True
400.7194 	DATA 	Keypress: lshift
400.7236 	EXP 	polygon_2: autoDraw = False
400.7236 	EXP 	polygon_5: autoDraw = True
410.2249 	EXP 	New trial (rep=2, index=0): None
410.9832 	EXP 	polygon_5: autoDraw = False
410.9832 	EXP 	polygon_5: autoDraw = False
410.9832 	EXP 	polygon: autoDraw = True
416.2267 	EXP 	polygon: autoDraw = False
416.2267 	EXP 	polygon: autoDraw = False
416.2267 	EXP 	polygon_3: autoDraw = True
420.2273 	EXP 	polygon_3: autoDraw = False
420.2273 	EXP 	polygon_4: autoDraw = True
423.9894 	EXP 	polygon_4: autoDraw = False
423.9894 	EXP 	polygon_2: autoDraw = True
424.6278 	DATA 	Keypress: lshift
424.6322 	EXP 	polygon_2: autoDraw = False
424.6322 	EXP 	polygon_5: autoDraw = True
435.1272 	EXP 	New trial (rep=3, index=0): None
435.8896 	EXP 	polygon_5: autoDraw = False
435.8896 	EXP 	polygon_5: autoDraw = False
435.8896 	EXP 	polygon: autoDraw = True
440.1336 	EXP 	polygon: autoDraw = False
440.1336 	EXP 	polygon: autoDraw = False
440.1336 	EXP 	polygon_3: autoDraw = True
444.1349 	EXP 	polygon_3: autoDraw = False
444.1349 	EXP 	polygon_4: autoDraw = True
447.8956 	EXP 	polygon_4: autoDraw = False
447.8956 	EXP 	polygon_2: autoDraw = True
449.0839 	DATA 	Keypress: lshift
449.0880 	EXP 	polygon_2: autoDraw = False
449.0880 	EXP 	polygon_5: autoDraw = True
456.5838 	EXP 	New trial (rep=4, index=0): None
457.3452 	EXP 	polygon_5: autoDraw = False
457.3452 	EXP 	polygon_5: autoDraw = False
457.3452 	EXP 	polygon: autoDraw = True
462.5887 	EXP 	polygon: autoDraw = False
462.5887 	EXP 	polygon: autoDraw = False
462.5887 	EXP 	polygon_3: autoDraw = True
466.5923 	EXP 	polygon_3: autoDraw = False
466.5923 	EXP 	polygon_4: autoDraw = True
470.3527 	EXP 	polygon_4: autoDraw = False
470.3527 	EXP 	polygon_2: autoDraw = True
471.3733 	DATA 	Keypress: rshift
471.3775 	EXP 	polygon_2: autoDraw = False
471.3775 	EXP 	polygon_5: autoDraw = True
479.8733 	EXP 	New trial (rep=5, index=0): None
480.6323 	EXP 	polygon_5: autoDraw = False
480.6323 	EXP 	polygon_5: autoDraw = False
480.6323 	EXP 	polygon: autoDraw = True
484.8816 	EXP 	polygon: autoDraw = False
484.8816 	EXP 	polygon: autoDraw = False
484.8816 	EXP 	polygon_3: autoDraw = True
488.8817 	EXP 	polygon_3: autoDraw = False
488.8817 	EXP 	polygon_4: autoDraw = True
492.6424 	EXP 	polygon_4: autoDraw = False
492.6424 	EXP 	polygon_2: autoDraw = True
493.4961 	DATA 	Keypress: rshift
493.5002 	EXP 	polygon_2: autoDraw = False
493.5002 	EXP 	polygon_5: autoDraw = True
501.9962 	EXP 	New trial (rep=6, index=0): None
502.7594 	EXP 	polygon_5: autoDraw = False
502.7594 	EXP 	polygon_5: autoDraw = False
502.7594 	EXP 	polygon: autoDraw = True
506.0027 	EXP 	polygon: autoDraw = False
506.0027 	EXP 	polygon: autoDraw = False
506.0027 	EXP 	polygon_3: autoDraw = True
510.0036 	EXP 	polygon_3: autoDraw = False
510.0036 	EXP 	polygon_4: autoDraw = True
513.7654 	EXP 	polygon_4: autoDraw = False
513.7654 	EXP 	polygon_2: autoDraw = True
514.6021 	DATA 	Keypress: rshift
514.6064 	EXP 	polygon_2: autoDraw = False
514.6064 	EXP 	polygon_5: autoDraw = True
521.1026 	EXP 	New trial (rep=7, index=0): None
521.8603 	EXP 	polygon_5: autoDraw = False
521.8603 	EXP 	polygon_5: autoDraw = False
521.8603 	EXP 	polygon: autoDraw = True
528.1101 	EXP 	polygon: autoDraw = False
528.1101 	EXP 	polygon: autoDraw = False
528.1101 	EXP 	polygon_3: autoDraw = True
532.1099 	EXP 	polygon_3: autoDraw = False
532.1099 	EXP 	polygon_4: autoDraw = True
535.8723 	EXP 	polygon_4: autoDraw = False
535.8723 	EXP 	polygon_2: autoDraw = True
536.5910 	DATA 	Keypress: rshift
536.5954 	EXP 	polygon_2: autoDraw = False
536.5954 	EXP 	polygon_5: autoDraw = True
546.0964 	EXP 	New trial (rep=8, index=0): None
546.8540 	EXP 	polygon_5: autoDraw = False
546.8540 	EXP 	polygon_5: autoDraw = False
546.8540 	EXP 	polygon: autoDraw = True
551.0986 	EXP 	polygon: autoDraw = False
551.0986 	EXP 	polygon: autoDraw = False
551.0986 	EXP 	polygon_3: autoDraw = True
555.0998 	EXP 	polygon_3: autoDraw = False
555.0998 	EXP 	polygon_4: autoDraw = True
558.8617 	EXP 	polygon_4: autoDraw = False
558.8617 	EXP 	polygon_2: autoDraw = True
559.9650 	DATA 	Keypress: lshift
559.9693 	EXP 	polygon_2: autoDraw = False
559.9693 	EXP 	polygon_5: autoDraw = True
569.4667 	EXP 	New trial (rep=9, index=0): None
570.2248 	EXP 	polygon_5: autoDraw = False
570.2248 	EXP 	polygon_5: autoDraw = False
570.2248 	EXP 	polygon: autoDraw = True
574.4719 	EXP 	polygon: autoDraw = False
574.4719 	EXP 	polygon: autoDraw = False
574.4719 	EXP 	polygon_3: autoDraw = True
578.4748 	EXP 	polygon_3: autoDraw = False
578.4748 	EXP 	polygon_4: autoDraw = True
582.2345 	EXP 	polygon_4: autoDraw = False
582.2345 	EXP 	polygon_2: autoDraw = True
582.9046 	DATA 	Keypress: rshift
582.9101 	EXP 	polygon_2: autoDraw = False
582.9101 	EXP 	polygon_5: autoDraw = True
589.4057 	EXP 	New trial (rep=10, index=0): None
590.1631 	EXP 	polygon_5: autoDraw = False
590.1631 	EXP 	polygon_5: autoDraw = False
590.1631 	EXP 	polygon: autoDraw = True
592.4106 	EXP 	polygon: autoDraw = False
592.4106 	EXP 	polygon: autoDraw = False
592.4106 	EXP 	polygon_3: autoDraw = True
596.4121 	EXP 	polygon_3: autoDraw = False
596.4121 	EXP 	polygon_4: autoDraw = True
600.1749 	EXP 	polygon_4: autoDraw = False
600.1749 	EXP 	polygon_2: autoDraw = True
600.8286 	DATA 	Keypress: rshift
600.8329 	EXP 	polygon_2: autoDraw = False
600.8329 	EXP 	polygon_5: autoDraw = True
611.3340 	EXP 	polygon_5: autoDraw = False
611.3340 	EXP 	polygon_5: autoDraw = False
611.3340 	EXP 	text_2: autoDraw = True
621.8648 	DATA 	Keypress: space
621.8794 	EXP 	text_2: autoDraw = False
621.8794 	EXP 	polygon_31: autoDraw = True
626.8645 	EXP 	Created sequence: sequential, trialTypes=1, nReps=11, seed=None
626.8647 	EXP 	New trial (rep=0, index=0): None
628.3724 	EXP 	polygon_31: autoDraw = False
628.3724 	EXP 	polygon_6: autoDraw = True
633.3719 	EXP 	polygon_6: autoDraw = False
633.3719 	EXP 	polygon_6: autoDraw = False
633.3719 	EXP 	polygon_7: autoDraw = True
637.3732 	EXP 	polygon_7: autoDraw = False
637.3732 	EXP 	polygon_8: autoDraw = True
641.3767 	EXP 	polygon_8: autoDraw = False
641.3767 	EXP 	polygon_9: autoDraw = True
642.9221 	DATA 	Keypress: lshift
642.9266 	EXP 	polygon_9: autoDraw = False
642.9266 	EXP 	polygon_24: autoDraw = True
643.0199 	DATA 	Keypress: lshift
649.4224 	EXP 	New trial (rep=1, index=0): None
650.9285 	EXP 	polygon_24: autoDraw = False
650.9285 	EXP 	polygon_24: autoDraw = False
650.9285 	EXP 	polygon_6: autoDraw = True
655.9289 	EXP 	polygon_6: autoDraw = False
655.9289 	EXP 	polygon_6: autoDraw = False
655.9289 	EXP 	polygon_7: autoDraw = True
659.9323 	EXP 	polygon_7: autoDraw = False
659.9323 	EXP 	polygon_8: autoDraw = True
663.9315 	EXP 	polygon_8: autoDraw = False
663.9315 	EXP 	polygon_9: autoDraw = True
664.9392 	EXP 	polygon_9: autoDraw = False
664.9392 	EXP 	polygon_24: autoDraw = True
665.6274 	DATA 	Keypress: lshift
675.4297 	EXP 	New trial (rep=2, index=0): None
676.9434 	EXP 	polygon_24: autoDraw = False
676.9434 	EXP 	polygon_24: autoDraw = False
676.9434 	EXP 	polygon_6: autoDraw = True
679.9361 	EXP 	polygon_6: autoDraw = False
679.9361 	EXP 	polygon_6: autoDraw = False
679.9361 	EXP 	polygon_7: autoDraw = True
683.9527 	EXP 	polygon_7: autoDraw = False
683.9527 	EXP 	polygon_8: autoDraw = True
687.9380 	EXP 	polygon_8: autoDraw = False
687.9380 	EXP 	polygon_9: autoDraw = True
688.9450 	EXP 	polygon_9: autoDraw = False
688.9450 	EXP 	polygon_24: autoDraw = True
689.7505 	DATA 	Keypress: rshift
692.2341 	DATA 	Keypress: rshift
698.4359 	EXP 	New trial (rep=3, index=0): None
699.9477 	EXP 	polygon_24: autoDraw = False
699.9477 	EXP 	polygon_24: autoDraw = False
699.9477 	EXP 	polygon_6: autoDraw = True
705.9436 	EXP 	polygon_6: autoDraw = False
705.9436 	EXP 	polygon_6: autoDraw = False
705.9436 	EXP 	polygon_7: autoDraw = True
709.9454 	EXP 	polygon_7: autoDraw = False
709.9454 	EXP 	polygon_8: autoDraw = True
713.9448 	EXP 	polygon_8: autoDraw = False
713.9448 	EXP 	polygon_9: autoDraw = True
714.9516 	EXP 	polygon_9: autoDraw = False
714.9516 	EXP 	polygon_24: autoDraw = True
715.5601 	DATA 	Keypress: lshift
725.4509 	EXP 	New trial (rep=4, index=0): None
726.9589 	EXP 	polygon_24: autoDraw = False
726.9589 	EXP 	polygon_24: autoDraw = False
726.9589 	EXP 	polygon_6: autoDraw = True
729.9503 	EXP 	polygon_6: autoDraw = False
729.9503 	EXP 	polygon_6: autoDraw = False
729.9503 	EXP 	polygon_7: autoDraw = True
733.9546 	EXP 	polygon_7: autoDraw = False
733.9546 	EXP 	polygon_8: autoDraw = True
737.9518 	EXP 	polygon_8: autoDraw = False
737.9518 	EXP 	polygon_9: autoDraw = True
738.9599 	EXP 	polygon_9: autoDraw = False
738.9599 	EXP 	polygon_24: autoDraw = True
739.8147 	DATA 	Keypress: rshift
748.4559 	EXP 	New trial (rep=5, index=0): None
749.9642 	EXP 	polygon_24: autoDraw = False
749.9642 	EXP 	polygon_24: autoDraw = False
749.9642 	EXP 	polygon_6: autoDraw = True
754.9590 	EXP 	polygon_6: autoDraw = False
754.9590 	EXP 	polygon_6: autoDraw = False
754.9590 	EXP 	polygon_7: autoDraw = True
758.9762 	EXP 	polygon_7: autoDraw = False
758.9762 	EXP 	polygon_8: autoDraw = True
762.9602 	EXP 	polygon_8: autoDraw = False
762.9602 	EXP 	polygon_9: autoDraw = True
763.9669 	EXP 	polygon_9: autoDraw = False
763.9669 	EXP 	polygon_24: autoDraw = True
764.6722 	DATA 	Keypress: lshift
773.4581 	EXP 	New trial (rep=6, index=0): None
774.9748 	EXP 	polygon_24: autoDraw = False
774.9748 	EXP 	polygon_24: autoDraw = False
774.9748 	EXP 	polygon_6: autoDraw = True
778.9656 	EXP 	polygon_6: autoDraw = False
778.9656 	EXP 	polygon_6: autoDraw = False
778.9656 	EXP 	polygon_7: autoDraw = True
782.9870 	EXP 	polygon_7: autoDraw = False
782.9870 	EXP 	polygon_8: autoDraw = True
786.9678 	EXP 	polygon_8: autoDraw = False
786.9678 	EXP 	polygon_9: autoDraw = True
787.9771 	EXP 	polygon_9: autoDraw = False
787.9771 	EXP 	polygon_24: autoDraw = True
788.9155 	DATA 	Keypress: rshift
794.4644 	EXP 	New trial (rep=7, index=0): None
795.9772 	EXP 	polygon_24: autoDraw = False
795.9772 	EXP 	polygon_24: autoDraw = False
795.9772 	EXP 	polygon_6: autoDraw = True
800.9703 	EXP 	polygon_6: autoDraw = False
800.9703 	EXP 	polygon_6: autoDraw = False
800.9703 	EXP 	polygon_7: autoDraw = True
804.9720 	EXP 	polygon_7: autoDraw = False
804.9720 	EXP 	polygon_8: autoDraw = True
808.9720 	EXP 	polygon_8: autoDraw = False
808.9720 	EXP 	polygon_9: autoDraw = True
809.9789 	EXP 	polygon_9: autoDraw = False
809.9789 	EXP 	polygon_24: autoDraw = True
810.6016 	DATA 	Keypress: rshift
817.4724 	EXP 	New trial (rep=8, index=0): None
818.9793 	EXP 	polygon_24: autoDraw = False
818.9793 	EXP 	polygon_24: autoDraw = False
818.9793 	EXP 	polygon_6: autoDraw = True
821.9768 	EXP 	polygon_6: autoDraw = False
821.9768 	EXP 	polygon_6: autoDraw = False
821.9768 	EXP 	polygon_7: autoDraw = True
825.9772 	EXP 	polygon_7: autoDraw = False
825.9772 	EXP 	polygon_8: autoDraw = True
829.9793 	EXP 	polygon_8: autoDraw = False
829.9793 	EXP 	polygon_9: autoDraw = True
830.9867 	EXP 	polygon_9: autoDraw = False
830.9867 	EXP 	polygon_24: autoDraw = True
831.5929 	DATA 	Keypress: lshift
839.4803 	EXP 	New trial (rep=9, index=0): None
840.9867 	EXP 	polygon_24: autoDraw = False
840.9867 	EXP 	polygon_24: autoDraw = False
840.9867 	EXP 	polygon_6: autoDraw = True
846.9833 	EXP 	polygon_6: autoDraw = False
846.9833 	EXP 	polygon_6: autoDraw = False
846.9833 	EXP 	polygon_7: autoDraw = True
850.9856 	EXP 	polygon_7: autoDraw = False
850.9856 	EXP 	polygon_8: autoDraw = True
854.9862 	EXP 	polygon_8: autoDraw = False
854.9862 	EXP 	polygon_9: autoDraw = True
855.9934 	EXP 	polygon_9: autoDraw = False
855.9934 	EXP 	polygon_24: autoDraw = True
856.9150 	DATA 	Keypress: rshift
866.4888 	EXP 	New trial (rep=10, index=0): None
867.9954 	EXP 	polygon_24: autoDraw = False
867.9954 	EXP 	polygon_24: autoDraw = False
867.9954 	EXP 	polygon_6: autoDraw = True
870.9919 	EXP 	polygon_6: autoDraw = False
870.9919 	EXP 	polygon_6: autoDraw = False
870.9919 	EXP 	polygon_7: autoDraw = True
874.9935 	EXP 	polygon_7: autoDraw = False
874.9935 	EXP 	polygon_8: autoDraw = True
878.9932 	EXP 	polygon_8: autoDraw = False
878.9932 	EXP 	polygon_9: autoDraw = True
879.9999 	EXP 	polygon_9: autoDraw = False
879.9999 	EXP 	polygon_24: autoDraw = True
880.8721 	DATA 	Keypress: rshift
888.4965 	EXP 	polygon_24: autoDraw = False
888.4965 	EXP 	polygon_24: autoDraw = False
888.4965 	EXP 	text_2: autoDraw = True
898.2615 	DATA 	Keypress: space
898.2757 	EXP 	text_2: autoDraw = False
898.2757 	EXP 	polygon_31: autoDraw = True
903.2603 	EXP 	Created sequence: sequential, trialTypes=1, nReps=11, seed=None
903.2605 	EXP 	New trial (rep=0, index=0): None
904.7730 	EXP 	polygon_31: autoDraw = False
904.7730 	EXP 	polygon_10: autoDraw = True
910.7697 	EXP 	polygon_10: autoDraw = False
910.7697 	EXP 	polygon_10: autoDraw = False
910.7697 	EXP 	polygon_11: autoDraw = True
914.7711 	EXP 	polygon_11: autoDraw = False
914.7711 	EXP 	polygon_12: autoDraw = True
918.7722 	EXP 	polygon_12: autoDraw = False
918.7722 	EXP 	polygon_13: autoDraw = True
920.5192 	DATA 	Keypress: lshift
920.5197 	DATA 	Keypress: lshift
920.5248 	EXP 	polygon_13: autoDraw = False
920.5248 	EXP 	polygon_25: autoDraw = True
928.0260 	EXP 	New trial (rep=1, index=0): None
929.5327 	EXP 	polygon_25: autoDraw = False
929.5327 	EXP 	polygon_25: autoDraw = False
929.5327 	EXP 	polygon_10: autoDraw = True
933.5261 	EXP 	polygon_10: autoDraw = False
933.5261 	EXP 	polygon_10: autoDraw = False
933.5261 	EXP 	polygon_11: autoDraw = True
937.5267 	EXP 	polygon_11: autoDraw = False
937.5267 	EXP 	polygon_12: autoDraw = True
941.5276 	EXP 	polygon_12: autoDraw = False
941.5276 	EXP 	polygon_13: autoDraw = True
943.3410 	DATA 	Keypress: rshift
943.3454 	EXP 	polygon_13: autoDraw = False
943.3454 	EXP 	polygon_25: autoDraw = True
943.4396 	DATA 	Keypress: rshift
951.8433 	EXP 	New trial (rep=2, index=0): None
953.3514 	EXP 	polygon_25: autoDraw = False
953.3514 	EXP 	polygon_25: autoDraw = False
953.3514 	EXP 	polygon_10: autoDraw = True
956.3484 	EXP 	polygon_10: autoDraw = False
956.3484 	EXP 	polygon_10: autoDraw = False
956.3484 	EXP 	polygon_11: autoDraw = True
960.3512 	EXP 	polygon_11: autoDraw = False
960.3512 	EXP 	polygon_12: autoDraw = True
964.3505 	EXP 	polygon_12: autoDraw = False
964.3505 	EXP 	polygon_13: autoDraw = True
966.1192 	DATA 	Keypress: lshift
966.1234 	EXP 	polygon_13: autoDraw = False
966.1234 	EXP 	polygon_25: autoDraw = True
973.6213 	EXP 	New trial (rep=3, index=0): None
975.1287 	EXP 	polygon_25: autoDraw = False
975.1287 	EXP 	polygon_25: autoDraw = False
975.1287 	EXP 	polygon_10: autoDraw = True
978.1209 	EXP 	polygon_10: autoDraw = False
978.1209 	EXP 	polygon_10: autoDraw = False
978.1209 	EXP 	polygon_11: autoDraw = True
982.1223 	EXP 	polygon_11: autoDraw = False
982.1223 	EXP 	polygon_12: autoDraw = True
986.1247 	EXP 	polygon_12: autoDraw = False
986.1247 	EXP 	polygon_13: autoDraw = True
987.5878 	DATA 	Keypress: rshift
987.5934 	EXP 	polygon_13: autoDraw = False
987.5934 	EXP 	polygon_25: autoDraw = True
997.0994 	EXP 	New trial (rep=4, index=0): None
998.6064 	EXP 	polygon_25: autoDraw = False
998.6064 	EXP 	polygon_25: autoDraw = False
998.6064 	EXP 	polygon_10: autoDraw = True
1003.6115 	EXP 	polygon_10: autoDraw = False
1003.6115 	EXP 	polygon_10: autoDraw = False
1003.6115 	EXP 	polygon_11: autoDraw = True
1007.6154 	EXP 	polygon_11: autoDraw = False
1007.6154 	EXP 	polygon_12: autoDraw = True
1011.6156 	EXP 	polygon_12: autoDraw = False
1011.6156 	EXP 	polygon_13: autoDraw = True
1013.2462 	DATA 	Keypress: lshift
1013.2504 	EXP 	polygon_13: autoDraw = False
1013.2504 	EXP 	polygon_25: autoDraw = True
1019.7464 	EXP 	New trial (rep=5, index=0): None
1021.2599 	EXP 	polygon_25: autoDraw = False
1021.2599 	EXP 	polygon_25: autoDraw = False
1021.2599 	EXP 	polygon_10: autoDraw = True
1027.2521 	EXP 	polygon_10: autoDraw = False
1027.2521 	EXP 	polygon_10: autoDraw = False
1027.2521 	EXP 	polygon_11: autoDraw = True
1031.2543 	EXP 	polygon_11: autoDraw = False
1031.2543 	EXP 	polygon_12: autoDraw = True
1035.2549 	EXP 	polygon_12: autoDraw = False
1035.2549 	EXP 	polygon_13: autoDraw = True
1036.8852 	DATA 	Keypress: lshift
1036.8895 	EXP 	polygon_13: autoDraw = False
1036.8895 	EXP 	polygon_25: autoDraw = True
1045.3902 	EXP 	New trial (rep=6, index=0): None
1046.9111 	EXP 	polygon_25: autoDraw = False
1046.9111 	EXP 	polygon_25: autoDraw = False
1046.9111 	EXP 	polygon_10: autoDraw = True
1051.9100 	EXP 	polygon_10: autoDraw = False
1051.9100 	EXP 	polygon_10: autoDraw = False
1051.9100 	EXP 	polygon_11: autoDraw = True
1055.9110 	EXP 	polygon_11: autoDraw = False
1055.9110 	EXP 	polygon_12: autoDraw = True
1059.9115 	EXP 	polygon_12: autoDraw = False
1059.9115 	EXP 	polygon_13: autoDraw = True
1061.4260 	DATA 	Keypress: lshift
1061.4302 	EXP 	polygon_13: autoDraw = False
1061.4302 	EXP 	polygon_25: autoDraw = True
1071.9273 	EXP 	New trial (rep=7, index=0): None
1073.4339 	EXP 	polygon_25: autoDraw = False
1073.4339 	EXP 	polygon_25: autoDraw = False
1073.4339 	EXP 	polygon_10: autoDraw = True
1076.4351 	EXP 	polygon_10: autoDraw = False
1076.4351 	EXP 	polygon_10: autoDraw = False
1076.4351 	EXP 	polygon_11: autoDraw = True
1080.4349 	EXP 	polygon_11: autoDraw = False
1080.4349 	EXP 	polygon_12: autoDraw = True
1084.4348 	EXP 	polygon_12: autoDraw = False
1084.4348 	EXP 	polygon_13: autoDraw = True
1086.2667 	DATA 	Keypress: lshift
1086.2711 	EXP 	polygon_13: autoDraw = False
1086.2711 	EXP 	polygon_25: autoDraw = True
1092.7669 	EXP 	New trial (rep=8, index=0): None
1094.2783 	EXP 	polygon_25: autoDraw = False
1094.2783 	EXP 	polygon_25: autoDraw = False
1094.2783 	EXP 	polygon_10: autoDraw = True
1100.2747 	EXP 	polygon_10: autoDraw = False
1100.2747 	EXP 	polygon_10: autoDraw = False
1100.2747 	EXP 	polygon_11: autoDraw = True
1104.2747 	EXP 	polygon_11: autoDraw = False
1104.2747 	EXP 	polygon_12: autoDraw = True
1108.2769 	EXP 	polygon_12: autoDraw = False
1108.2769 	EXP 	polygon_13: autoDraw = True
1110.1230 	DATA 	Keypress: lshift
1110.1272 	EXP 	polygon_13: autoDraw = False
1110.1272 	EXP 	polygon_25: autoDraw = True
1116.6298 	EXP 	New trial (rep=9, index=0): None
1118.1376 	EXP 	polygon_25: autoDraw = False
1118.1376 	EXP 	polygon_25: autoDraw = False
1118.1376 	EXP 	polygon_10: autoDraw = True
1121.1311 	EXP 	polygon_10: autoDraw = False
1121.1311 	EXP 	polygon_10: autoDraw = False
1121.1311 	EXP 	polygon_11: autoDraw = True
1125.1318 	EXP 	polygon_11: autoDraw = False
1125.1318 	EXP 	polygon_12: autoDraw = True
1129.1317 	EXP 	polygon_12: autoDraw = False
1129.1317 	EXP 	polygon_13: autoDraw = True
1131.1791 	DATA 	Keypress: rshift
1131.1834 	EXP 	polygon_13: autoDraw = False
1131.1834 	EXP 	polygon_25: autoDraw = True
1139.6813 	EXP 	New trial (rep=10, index=0): None
1141.1884 	EXP 	polygon_25: autoDraw = False
1141.1884 	EXP 	polygon_25: autoDraw = False
1141.1884 	EXP 	polygon_10: autoDraw = True
1146.1862 	EXP 	polygon_10: autoDraw = False
1146.1862 	EXP 	polygon_10: autoDraw = False
1146.1862 	EXP 	polygon_11: autoDraw = True
1150.1884 	EXP 	polygon_11: autoDraw = False
1150.1884 	EXP 	polygon_12: autoDraw = True
1154.1891 	EXP 	polygon_12: autoDraw = False
1154.1891 	EXP 	polygon_13: autoDraw = True
1155.7695 	DATA 	Keypress: rshift
1155.7737 	EXP 	polygon_13: autoDraw = False
1155.7737 	EXP 	polygon_25: autoDraw = True
1166.2815 	EXP 	polygon_25: autoDraw = False
1166.2815 	EXP 	polygon_25: autoDraw = False
1166.2815 	EXP 	text_2: autoDraw = True
1179.4445 	DATA 	Keypress: space
1179.4584 	EXP 	text_2: autoDraw = False
1179.4584 	EXP 	polygon_31: autoDraw = True
1184.4426 	EXP 	Created sequence: sequential, trialTypes=1, nReps=11, seed=None
1184.4428 	EXP 	New trial (rep=0, index=0): None
1185.9501 	EXP 	polygon_31: autoDraw = False
1185.9501 	EXP 	polygon_31: autoDraw = False
1185.9501 	EXP 	polygon_14: autoDraw = True
1189.9493 	EXP 	polygon_14: autoDraw = False
1189.9493 	EXP 	polygon_14: autoDraw = False
1189.9493 	EXP 	polygon_15: autoDraw = True
1193.9678 	EXP 	polygon_15: autoDraw = False
1193.9678 	EXP 	polygon_16: autoDraw = True
1197.9507 	EXP 	polygon_16: autoDraw = False
1197.9507 	EXP 	polygon_17: autoDraw = True
1199.5192 	DATA 	Keypress: lshift
1199.5234 	EXP 	polygon_17: autoDraw = False
1199.5234 	EXP 	polygon_18: autoDraw = True
1210.0234 	EXP 	New trial (rep=1, index=0): None
1211.5310 	EXP 	polygon_18: autoDraw = False
1211.5310 	EXP 	polygon_18: autoDraw = False
1211.5310 	EXP 	polygon_14: autoDraw = True
1217.5231 	EXP 	polygon_14: autoDraw = False
1217.5231 	EXP 	polygon_14: autoDraw = False
1217.5231 	EXP 	polygon_15: autoDraw = True
1221.5267 	EXP 	polygon_15: autoDraw = False
1221.5267 	EXP 	polygon_16: autoDraw = True
1225.5268 	EXP 	polygon_16: autoDraw = False
1225.5268 	EXP 	polygon_17: autoDraw = True
1227.2735 	DATA 	Keypress: rshift
1227.2777 	EXP 	polygon_17: autoDraw = False
1227.2777 	EXP 	polygon_18: autoDraw = True
1237.7750 	EXP 	New trial (rep=2, index=0): None
1239.2831 	EXP 	polygon_18: autoDraw = False
1239.2831 	EXP 	polygon_18: autoDraw = False
1239.2831 	EXP 	polygon_14: autoDraw = True
1242.2823 	EXP 	polygon_14: autoDraw = False
1242.2823 	EXP 	polygon_14: autoDraw = False
1242.2823 	EXP 	polygon_15: autoDraw = True
1246.2980 	EXP 	polygon_15: autoDraw = False
1246.2980 	EXP 	polygon_16: autoDraw = True
1250.2833 	EXP 	polygon_16: autoDraw = False
1250.2833 	EXP 	polygon_17: autoDraw = True
1251.7143 	DATA 	Keypress: lshift
1251.7185 	EXP 	polygon_17: autoDraw = False
1251.7185 	EXP 	polygon_18: autoDraw = True
1259.2139 	EXP 	New trial (rep=3, index=0): None
1260.7211 	EXP 	polygon_18: autoDraw = False
1260.7211 	EXP 	polygon_18: autoDraw = False
1260.7211 	EXP 	polygon_14: autoDraw = True
1264.7201 	EXP 	polygon_14: autoDraw = False
1264.7201 	EXP 	polygon_14: autoDraw = False
1264.7201 	EXP 	polygon_15: autoDraw = True
1268.7208 	EXP 	polygon_15: autoDraw = False
1268.7208 	EXP 	polygon_16: autoDraw = True
1272.7224 	EXP 	polygon_16: autoDraw = False
1272.7224 	EXP 	polygon_17: autoDraw = True
1274.3362 	DATA 	Keypress: lshift
1274.3415 	EXP 	polygon_17: autoDraw = False
1274.3415 	EXP 	polygon_18: autoDraw = True
1283.8413 	EXP 	New trial (rep=4, index=0): None
1285.3483 	EXP 	polygon_18: autoDraw = False
1285.3483 	EXP 	polygon_18: autoDraw = False
1285.3483 	EXP 	polygon_14: autoDraw = True
1289.3435 	EXP 	polygon_14: autoDraw = False
1289.3435 	EXP 	polygon_14: autoDraw = False
1289.3435 	EXP 	polygon_15: autoDraw = True
1293.3451 	EXP 	polygon_15: autoDraw = False
1293.3451 	EXP 	polygon_16: autoDraw = True
1297.3482 	EXP 	polygon_16: autoDraw = False
1297.3482 	EXP 	polygon_17: autoDraw = True
1298.7781 	DATA 	Keypress: lshift
1298.7825 	EXP 	polygon_17: autoDraw = False
1298.7825 	EXP 	polygon_18: autoDraw = True
1307.2777 	EXP 	New trial (rep=5, index=0): None
1308.7873 	EXP 	polygon_18: autoDraw = False
1308.7873 	EXP 	polygon_18: autoDraw = False
1308.7873 	EXP 	polygon_14: autoDraw = True
1313.7833 	EXP 	polygon_14: autoDraw = False
1313.7833 	EXP 	polygon_14: autoDraw = False
1313.7833 	EXP 	polygon_15: autoDraw = True
1317.7850 	EXP 	polygon_15: autoDraw = False
1317.7850 	EXP 	polygon_16: autoDraw = True
1321.7866 	EXP 	polygon_16: autoDraw = False
1321.7866 	EXP 	polygon_17: autoDraw = True
1323.5006 	DATA 	Keypress: lshift
1323.5049 	EXP 	polygon_17: autoDraw = False
1323.5049 	EXP 	polygon_18: autoDraw = True
1331.0022 	EXP 	New trial (rep=6, index=0): None
1332.5112 	EXP 	polygon_18: autoDraw = False
1332.5112 	EXP 	polygon_18: autoDraw = False
1332.5112 	EXP 	polygon_14: autoDraw = True
1339.5095 	EXP 	polygon_14: autoDraw = False
1339.5095 	EXP 	polygon_14: autoDraw = False
1339.5095 	EXP 	polygon_15: autoDraw = True
1343.5108 	EXP 	polygon_15: autoDraw = False
1343.5108 	EXP 	polygon_16: autoDraw = True
1347.5105 	EXP 	polygon_16: autoDraw = False
1347.5105 	EXP 	polygon_17: autoDraw = True
1349.0244 	DATA 	Keypress: rshift
1349.0287 	EXP 	polygon_17: autoDraw = False
1349.0287 	EXP 	polygon_18: autoDraw = True
1356.5272 	EXP 	New trial (rep=7, index=0): None
1358.0342 	EXP 	polygon_18: autoDraw = False
1358.0342 	EXP 	polygon_18: autoDraw = False
1358.0342 	EXP 	polygon_14: autoDraw = True
1364.0319 	EXP 	polygon_14: autoDraw = False
1364.0319 	EXP 	polygon_14: autoDraw = False
1364.0319 	EXP 	polygon_15: autoDraw = True
1368.0333 	EXP 	polygon_15: autoDraw = False
1368.0333 	EXP 	polygon_16: autoDraw = True
1372.0346 	EXP 	polygon_16: autoDraw = False
1372.0346 	EXP 	polygon_17: autoDraw = True
1373.5150 	DATA 	Keypress: lshift
1373.5193 	EXP 	polygon_17: autoDraw = False
1373.5193 	EXP 	polygon_18: autoDraw = True
1381.0216 	EXP 	New trial (rep=8, index=0): None
1382.5287 	EXP 	polygon_18: autoDraw = False
1382.5287 	EXP 	polygon_18: autoDraw = False
1382.5287 	EXP 	polygon_14: autoDraw = True
1386.5225 	EXP 	polygon_14: autoDraw = False
1386.5225 	EXP 	polygon_14: autoDraw = False
1386.5225 	EXP 	polygon_15: autoDraw = True
1390.5229 	EXP 	polygon_15: autoDraw = False
1390.5229 	EXP 	polygon_16: autoDraw = True
1394.5233 	EXP 	polygon_16: autoDraw = False
1394.5233 	EXP 	polygon_17: autoDraw = True
1396.1225 	DATA 	Keypress: rshift
1396.1270 	EXP 	polygon_17: autoDraw = False
1396.1270 	EXP 	polygon_18: autoDraw = True
1406.6234 	EXP 	New trial (rep=9, index=0): None
1408.1365 	EXP 	polygon_18: autoDraw = False
1408.1365 	EXP 	polygon_18: autoDraw = False
1408.1365 	EXP 	polygon_14: autoDraw = True
1413.1312 	EXP 	polygon_14: autoDraw = False
1413.1312 	EXP 	polygon_14: autoDraw = False
1413.1312 	EXP 	polygon_15: autoDraw = True
1417.1321 	EXP 	polygon_15: autoDraw = False
1417.1321 	EXP 	polygon_16: autoDraw = True
1421.1320 	EXP 	polygon_16: autoDraw = False
1421.1320 	EXP 	polygon_17: autoDraw = True
1422.9312 	DATA 	Keypress: rshift
1422.9353 	EXP 	polygon_17: autoDraw = False
1422.9353 	EXP 	polygon_18: autoDraw = True
1430.4363 	EXP 	New trial (rep=10, index=0): None
1431.9437 	EXP 	polygon_18: autoDraw = False
1431.9437 	EXP 	polygon_18: autoDraw = False
1431.9437 	EXP 	polygon_14: autoDraw = True
1437.9364 	EXP 	polygon_14: autoDraw = False
1437.9364 	EXP 	polygon_14: autoDraw = False
1437.9364 	EXP 	polygon_15: autoDraw = True
1441.9379 	EXP 	polygon_15: autoDraw = False
1441.9379 	EXP 	polygon_16: autoDraw = True
1445.9394 	EXP 	polygon_16: autoDraw = False
1445.9394 	EXP 	polygon_17: autoDraw = True
1447.6198 	DATA 	Keypress: rshift
1447.6253 	EXP 	polygon_17: autoDraw = False
1447.6253 	EXP 	polygon_18: autoDraw = True
1454.1270 	EXP 	polygon_18: autoDraw = False
1454.1270 	EXP 	polygon_18: autoDraw = False
1454.1270 	EXP 	text_2: autoDraw = True
1468.5579 	DATA 	Keypress: space
1468.5725 	EXP 	text_2: autoDraw = False
1468.5725 	EXP 	polygon_31: autoDraw = True
1473.5596 	EXP 	Created sequence: sequential, trialTypes=1, nReps=11, seed=None
1473.5598 	EXP 	New trial (rep=0, index=0): None
1475.0715 	EXP 	polygon_31: autoDraw = False
1475.0715 	EXP 	polygon_19: autoDraw = True
1481.0667 	EXP 	polygon_19: autoDraw = False
1481.0667 	EXP 	polygon_19: autoDraw = False
1481.0667 	EXP 	polygon_20: autoDraw = True
1485.0675 	EXP 	polygon_20: autoDraw = False
1485.0675 	EXP 	polygon_21: autoDraw = True
1489.0686 	EXP 	polygon_21: autoDraw = False
1489.0686 	EXP 	polygon_22: autoDraw = True
1490.5501 	DATA 	Keypress: rshift
1490.5544 	EXP 	polygon_22: autoDraw = False
1490.5544 	EXP 	polygon_23: autoDraw = True
1498.0500 	EXP 	New trial (rep=1, index=0): None
1499.5601 	EXP 	polygon_23: autoDraw = False
1499.5601 	EXP 	polygon_23: autoDraw = False
1499.5601 	EXP 	polygon_19: autoDraw = True
1502.5549 	EXP 	polygon_19: autoDraw = False
1502.5549 	EXP 	polygon_19: autoDraw = False
1502.5549 	EXP 	polygon_20: autoDraw = True
1506.5574 	EXP 	polygon_20: autoDraw = False
1506.5574 	EXP 	polygon_21: autoDraw = True
1510.5604 	EXP 	polygon_21: autoDraw = False
1510.5604 	EXP 	polygon_22: autoDraw = True
1512.0393 	DATA 	Keypress: rshift
1512.0435 	EXP 	polygon_22: autoDraw = False
1512.0435 	EXP 	polygon_23: autoDraw = True
1519.5394 	EXP 	New trial (rep=2, index=0): None
1521.0472 	EXP 	polygon_23: autoDraw = False
1521.0472 	EXP 	polygon_23: autoDraw = False
1521.0472 	EXP 	polygon_19: autoDraw = True
1524.0443 	EXP 	polygon_19: autoDraw = False
1524.0443 	EXP 	polygon_19: autoDraw = False
1524.0443 	EXP 	polygon_20: autoDraw = True
1528.0476 	EXP 	polygon_20: autoDraw = False
1528.0476 	EXP 	polygon_21: autoDraw = True
1532.0485 	EXP 	polygon_21: autoDraw = False
1532.0485 	EXP 	polygon_22: autoDraw = True
1533.7286 	DATA 	Keypress: rshift
1533.7330 	EXP 	polygon_22: autoDraw = False
1533.7330 	EXP 	polygon_23: autoDraw = True
1544.2293 	EXP 	New trial (rep=3, index=0): None
1545.7435 	EXP 	polygon_23: autoDraw = False
1545.7435 	EXP 	polygon_23: autoDraw = False
1545.7435 	EXP 	polygon_19: autoDraw = True
1550.7375 	EXP 	polygon_19: autoDraw = False
1550.7375 	EXP 	polygon_19: autoDraw = False
1550.7375 	EXP 	polygon_20: autoDraw = True
1554.7528 	EXP 	polygon_20: autoDraw = False
1554.7528 	EXP 	polygon_21: autoDraw = True
1558.7385 	EXP 	polygon_21: autoDraw = False
1558.7385 	EXP 	polygon_22: autoDraw = True
1560.0692 	DATA 	Keypress: rshift
1560.0746 	EXP 	polygon_22: autoDraw = False
1560.0746 	EXP 	polygon_23: autoDraw = True
1568.5696 	EXP 	New trial (rep=4, index=0): None
1570.0764 	EXP 	polygon_23: autoDraw = False
1570.0764 	EXP 	polygon_23: autoDraw = False
1570.0764 	EXP 	polygon_19: autoDraw = True
1573.0763 	EXP 	polygon_19: autoDraw = False
1573.0763 	EXP 	polygon_19: autoDraw = False
1573.0763 	EXP 	polygon_20: autoDraw = True
1577.0778 	EXP 	polygon_20: autoDraw = False
1577.0778 	EXP 	polygon_21: autoDraw = True
1581.0783 	EXP 	polygon_21: autoDraw = False
1581.0783 	EXP 	polygon_22: autoDraw = True
1582.7583 	DATA 	Keypress: lshift
1582.7627 	EXP 	polygon_22: autoDraw = False
1582.7627 	EXP 	polygon_23: autoDraw = True
1593.2619 	EXP 	New trial (rep=5, index=0): None
1594.7703 	EXP 	polygon_23: autoDraw = False
1594.7703 	EXP 	polygon_23: autoDraw = False
1594.7703 	EXP 	polygon_19: autoDraw = True
1598.7674 	EXP 	polygon_19: autoDraw = False
1598.7674 	EXP 	polygon_19: autoDraw = False
1598.7674 	EXP 	polygon_20: autoDraw = True
1602.7841 	EXP 	polygon_20: autoDraw = False
1602.7841 	EXP 	polygon_21: autoDraw = True
1606.7687 	EXP 	polygon_21: autoDraw = False
1606.7687 	EXP 	polygon_22: autoDraw = True
1608.5662 	DATA 	Keypress: lshift
1608.5704 	EXP 	polygon_22: autoDraw = False
1608.5704 	EXP 	polygon_23: autoDraw = True
1619.0679 	EXP 	New trial (rep=6, index=0): None
1620.5757 	EXP 	polygon_23: autoDraw = False
1620.5757 	EXP 	polygon_23: autoDraw = False
1620.5757 	EXP 	polygon_19: autoDraw = True
1623.5732 	EXP 	polygon_19: autoDraw = False
1623.5732 	EXP 	polygon_19: autoDraw = False
1623.5732 	EXP 	polygon_20: autoDraw = True
1627.5758 	EXP 	polygon_20: autoDraw = False
1627.5758 	EXP 	polygon_21: autoDraw = True
1631.5768 	EXP 	polygon_21: autoDraw = False
1631.5768 	EXP 	polygon_22: autoDraw = True
1633.0450 	DATA 	Keypress: rshift
1633.0493 	EXP 	polygon_22: autoDraw = False
1633.0493 	EXP 	polygon_23: autoDraw = True
1643.5412 	EXP 	New trial (rep=7, index=0): None
1645.0491 	EXP 	polygon_23: autoDraw = False
1645.0491 	EXP 	polygon_23: autoDraw = False
1645.0491 	EXP 	polygon_19: autoDraw = True
1648.0481 	EXP 	polygon_19: autoDraw = False
1648.0481 	EXP 	polygon_19: autoDraw = False
1648.0481 	EXP 	polygon_20: autoDraw = True
1652.0665 	EXP 	polygon_20: autoDraw = False
1652.0665 	EXP 	polygon_21: autoDraw = True
1656.0499 	EXP 	polygon_21: autoDraw = False
1656.0499 	EXP 	polygon_22: autoDraw = True
1657.1799 	DATA 	Keypress: lshift
1657.1842 	EXP 	polygon_22: autoDraw = False
1657.1842 	EXP 	polygon_23: autoDraw = True
1664.6886 	EXP 	New trial (rep=8, index=0): None
1666.1949 	EXP 	polygon_23: autoDraw = False
1666.1949 	EXP 	polygon_23: autoDraw = False
1666.1949 	EXP 	polygon_19: autoDraw = True
1670.1871 	EXP 	polygon_19: autoDraw = False
1670.1871 	EXP 	polygon_19: autoDraw = False
1670.1871 	EXP 	polygon_20: autoDraw = True
1674.1879 	EXP 	polygon_20: autoDraw = False
1674.1879 	EXP 	polygon_21: autoDraw = True
1678.1889 	EXP 	polygon_21: autoDraw = False
1678.1889 	EXP 	polygon_22: autoDraw = True
1679.8364 	DATA 	Keypress: lshift
1679.8417 	EXP 	polygon_22: autoDraw = False
1679.8417 	EXP 	polygon_23: autoDraw = True
1688.3378 	EXP 	New trial (rep=9, index=0): None
1689.8508 	EXP 	polygon_23: autoDraw = False
1689.8508 	EXP 	polygon_23: autoDraw = False
1689.8508 	EXP 	polygon_19: autoDraw = True
1695.8442 	EXP 	polygon_19: autoDraw = False
1695.8442 	EXP 	polygon_19: autoDraw = False
1695.8442 	EXP 	polygon_20: autoDraw = True
1699.8446 	EXP 	polygon_20: autoDraw = False
1699.8446 	EXP 	polygon_21: autoDraw = True
1703.8482 	EXP 	polygon_21: autoDraw = False
1703.8482 	EXP 	polygon_22: autoDraw = True
1705.7457 	DATA 	Keypress: rshift
1705.7499 	EXP 	polygon_22: autoDraw = False
1705.7499 	EXP 	polygon_23: autoDraw = True
1713.2503 	EXP 	New trial (rep=10, index=0): None
1714.7586 	EXP 	polygon_23: autoDraw = False
1714.7586 	EXP 	polygon_23: autoDraw = False
1714.7586 	EXP 	polygon_19: autoDraw = True
1720.7522 	EXP 	polygon_19: autoDraw = False
1720.7522 	EXP 	polygon_19: autoDraw = False
1720.7522 	EXP 	polygon_20: autoDraw = True
1724.7524 	EXP 	polygon_20: autoDraw = False
1724.7524 	EXP 	polygon_21: autoDraw = True
1728.7534 	EXP 	polygon_21: autoDraw = False
1728.7534 	EXP 	polygon_22: autoDraw = True
1730.2183 	DATA 	Keypress: lshift
1730.2225 	EXP 	polygon_22: autoDraw = False
1730.2225 	EXP 	polygon_23: autoDraw = True
1738.7258 	EXP 	polygon_23: autoDraw = False
1738.7258 	EXP 	polygon_23: autoDraw = False
1738.7258 	EXP 	text_3: autoDraw = True
1748.7190 	EXP 	text_3: autoDraw = False
1748.7190 	EXP 	text_3: autoDraw = False
1749.2799 	EXP 	window1: mouseVisible = True
