1.0524 	WARNING 	We strongly recommend you activate the PTB sound engine in PsychoPy prefs as the preferred audio engine. Its timing is vastly superior. Your prefs are currently set to use ['sounddevice', 'PTB', 'pyo', 'pygame'] (in that order).
13.2827 	EXP 	Created window1 = Window(allowGUI=False, allowStencil=False, autoLog=True, backendConf=UNKNOWN, bitsMode=UNKNOWN, blendMode='avg', bpc=(8, 8, 8), color=array([0, 0, 0]), colorSpace='rgb', depthBits=8, fullscr=<method-wrapper '__getattribute__' of attributeSetter object at 0x7fb51f2bd2e0>, gamma=None, gammaErrorPolicy='raise', lms=UNKNOWN, monitor=<psychopy.monitors.calibTools.Monitor object at 0x7fb51f2bf7f0>, multiSample=False, name='window1', numSamples=2, pos=[640.0, 360.0], screen=0, size=array([5120, 2880]), stencilBits=0, stereo=False, units='height', useFBO=True, useRetina=True, viewOri=0.0, viewPos=None, viewScale=None, waitBlanking=True, winType='pyglet')
13.2828 	EXP 	window1: mouseVisible = True
13.2829 	EXP 	window1: Attempting to measure frame rate of screen (0) ...
13.2829 	EXP 	window1: recordFrameIntervals = False
13.4490 	EXP 	window1: recordFrameIntervals = True
13.6326 	EXP 	Screen (0) actual frame rate measured at 59.97Hz
13.6326 	EXP 	window1: recordFrameIntervals = False
15.1765 	EXP 	Created text_6 = TextStim(__class__=<class 'psychopy.visual.text.TextStim'>, alignHoriz=method-wrapper(...), alignText='center', alignVert=method-wrapper(...), anchorHoriz='center', anchorVert='center', antialias=True, autoLog=True, bold=False, color=array([1., 1., 1.]), colorSpace='rgb', contrast=1.0, depth=0.0, flipHoriz=False, flipVert=False, font='Open Sans', fontFiles=[], height=0.029999999999999995, italic=False, languageStyle='LTR', name='text_6', opacity=1, ori=0.0, pos=array([0.  , 0.15]), rgb=UNKNOWN, text=str(...), units='height', win=Window(...), wrapWidth=1)
15.2977 	EXP 	window1: mouseVisible = True
15.5365 	EXP 	Created text_8 = TextStim(__class__=<class 'psychopy.visual.text.TextStim'>, alignHoriz=method-wrapper(...), alignText='center', alignVert=method-wrapper(...), anchorHoriz='center', anchorVert='center', antialias=True, autoLog=True, bold=False, color=array([1., 1., 1.]), colorSpace='rgb', contrast=1.0, depth=0.0, flipHoriz=False, flipVert=False, font='Open Sans', fontFiles=[], height=0.029999999999999995, italic=False, languageStyle='LTR', name='text_8', opacity=1, ori=0.0, pos=array([0., 0.]), rgb=UNKNOWN, text=str(...), units='height', win=Window(...), wrapWidth=1)
15.5605 	EXP 	Created text_4 = TextStim(__class__=<class 'psychopy.visual.text.TextStim'>, alignHoriz=method-wrapper(...), alignText='center', alignVert=method-wrapper(...), anchorHoriz='center', anchorVert='center', antialias=True, autoLog=True, bold=False, color=array([1., 1., 1.]), colorSpace='rgb', contrast=1.0, depth=0.0, flipHoriz=False, flipVert=False, font='Open Sans', fontFiles=[], height=0.029999999999999995, italic=False, languageStyle='LTR', name='text_4', opacity=1, ori=0.0, pos=array([0. , 0.1]), rgb=UNKNOWN, text=str(...), units='height', win=Window(...), wrapWidth=1)
15.6133 	EXP 	window1: mouseVisible = True
15.8902 	EXP 	Created text_7 = TextStim(__class__=<class 'psychopy.visual.text.TextStim'>, alignHoriz=method-wrapper(...), alignText='center', alignVert=method-wrapper(...), anchorHoriz='center', anchorVert='center', antialias=True, autoLog=True, bold=False, color=array([1., 1., 1.]), colorSpace='rgb', contrast=1.0, depth=0.0, flipHoriz=False, flipVert=False, font='Open Sans', fontFiles=[], height=0.0225, italic=False, languageStyle='LTR', name='text_7', opacity=1, ori=0.0, pos=array([0. , 0.2]), rgb=UNKNOWN, text=str(...), units='height', win=Window(...), wrapWidth=1)
16.5222 	EXP 	Sound sound_31 set volume 1.000
16.5415 	EXP 	Created text_10 = TextStim(__class__=<class 'psychopy.visual.text.TextStim'>, alignHoriz=method-wrapper(...), alignText='center', alignVert=method-wrapper(...), anchorHoriz='center', anchorVert='center', antialias=True, autoLog=True, bold=False, color=array([1., 1., 1.]), colorSpace='rgb', contrast=1.0, depth=-3.0, flipHoriz=False, flipVert=False, font='Open Sans', fontFiles=[], height=0.0225, italic=False, languageStyle='LTR', name='text_10', opacity=1, ori=0.0, pos=array([ 0.  , -0.25]), rgb=UNKNOWN, text=str(...), units='height', win=Window(...), wrapWidth=1)
16.6783 	EXP 	Created image = ImageStim(__class__=<class 'psychopy.visual.image.ImageStim'>, anchor=('center', 'center'), autoLog=True, color=array([1., 1., 1.]), colorSpace='rgb', contrast=1.0, depth=-4.0, flipHoriz=False, flipVert=False, image=str(...), interpolate=True, mask=None, maskParams=None, name='image', opacity=1, ori=0.0, pos=array([ 0.   , -0.075]), size=array([0.5  , 0.125]), texRes=128.0, units='height', win=Window(...))
16.6802 	EXP 	Created polygon_26 = ShapeStim(__class__=<class 'psychopy.visual.shape.ShapeStim'>, anchor=('center', 'center'), autoDraw=False, autoLog=True, closeShape=True, color=method-wrapper(...), colorSpace='rgb', contrast=None, depth=0.0, fillColor=array([1, 1, 1]), fillColorSpace='rgb', fillRGB=array([1, 1, 1]), interpolate=True, lineColor=array([1., 1., 1.]), lineColorSpace='rgb', lineRGB=array([1, 1, 1]), lineWidth=1.0, name='polygon_26', opacity=1, ori=0.0, pos=array([0., 0.]), size=array([0.1, 0.1]), units='height', vertices=ndarray(...), win=Window(...), windingRule=None)
16.6859 	EXP 	Sound sound_26 set volume 1.000
16.6881 	EXP 	Created polygon_27 = ShapeStim(__class__=<class 'psychopy.visual.shape.ShapeStim'>, anchor=('center', 'center'), autoDraw=False, autoLog=True, closeShape=True, color=method-wrapper(...), colorSpace='rgb', contrast=None, depth=0.0, fillColor=array([1, 1, 1]), fillColorSpace='rgb', fillRGB=array([1, 1, 1]), interpolate=True, lineColor=array([1., 1., 1.]), lineColorSpace='rgb', lineRGB=array([1, 1, 1]), lineWidth=1.0, name='polygon_27', opacity=1, ori=0.0, pos=array([0., 0.]), size=array([0.1, 0.1]), units='height', vertices=ndarray(...), win=Window(...), windingRule=None)
16.6890 	EXP 	Sound sound_27 set volume 1.000
16.6912 	EXP 	Created polygon_28 = ShapeStim(__class__=<class 'psychopy.visual.shape.ShapeStim'>, anchor=('center', 'center'), autoDraw=False, autoLog=True, closeShape=True, color=method-wrapper(...), colorSpace='rgb', contrast=None, depth=0.0, fillColor=array([1, 1, 1]), fillColorSpace='rgb', fillRGB=array([1, 1, 1]), interpolate=True, lineColor=array([1., 1., 1.]), lineColorSpace='rgb', lineRGB=array([1, 1, 1]), lineWidth=1.0, name='polygon_28', opacity=1, ori=0.0, pos=array([0., 0.]), size=array([0.1, 0.1]), units='height', vertices=ndarray(...), win=Window(...), windingRule=None)
16.6913 	EXP 	Sound sound_28 set volume 1.000
16.6940 	EXP 	Created polygon_29 = ShapeStim(__class__=<class 'psychopy.visual.shape.ShapeStim'>, anchor=('center', 'center'), autoDraw=False, autoLog=True, closeShape=True, color=method-wrapper(...), colorSpace='rgb', contrast=None, depth=0.0, fillColor=array([1, 1, 1]), fillColorSpace='rgb', fillRGB=array([1, 1, 1]), interpolate=True, lineColor=array([1., 1., 1.]), lineColorSpace='rgb', lineRGB=array([1, 1, 1]), lineWidth=1.0, name='polygon_29', opacity=1, ori=0.0, pos=array([0., 0.]), size=array([0.1, 0.1]), units='height', vertices=ndarray(...), win=Window(...), windingRule=None)
16.6945 	EXP 	Sound sound_29 set volume 1.000
16.9187 	EXP 	Created polygon_30 = ShapeStim(__class__=<class 'psychopy.visual.shape.ShapeStim'>, anchor=('center', 'center'), autoDraw=False, autoLog=True, closeShape=True, color=method-wrapper(...), colorSpace='rgb', contrast=None, depth=0.0, fillColor=array([1, 1, 1]), fillColorSpace='rgb', fillRGB=array([1, 1, 1]), interpolate=True, lineColor=array([1., 1., 1.]), lineColorSpace='rgb', lineRGB=array([1, 1, 1]), lineWidth=1.0, name='polygon_30', opacity=1, ori=0.0, pos=array([0., 0.]), size=array([0.1, 0.1]), units='height', vertices=ndarray(...), win=Window(...), windingRule=None)
16.9188 	EXP 	Sound sound_30 set volume 1.000
16.9203 	EXP 	Created text = TextStim(__class__=<class 'psychopy.visual.text.TextStim'>, alignHoriz=method-wrapper(...), alignText='center', alignVert=method-wrapper(...), anchorHoriz='center', anchorVert='center', antialias=True, autoLog=True, bold=False, color=array([1., 1., 1.]), colorSpace='rgb', contrast=1.0, depth=0.0, flipHoriz=False, flipVert=False, font='Open Sans', fontFiles=[], height=0.07, italic=False, languageStyle='LTR', name='text', opacity=1, ori=0.0, pos=array([0., 0.]), rgb=UNKNOWN, text='', units='height', win=Window(...), wrapWidth=1)
17.1408 	EXP 	Created polygon_31 = ShapeStim(__class__=<class 'psychopy.visual.shape.ShapeStim'>, anchor=('center', 'center'), autoDraw=False, autoLog=True, closeShape=True, color=method-wrapper(...), colorSpace='rgb', contrast=None, depth=0.0, fillColor=array([1, 1, 1]), fillColorSpace='rgb', fillRGB=array([1, 1, 1]), interpolate=True, lineColor=array([1., 1., 1.]), lineColorSpace='rgb', lineRGB=array([1, 1, 1]), lineWidth=1.0, name='polygon_31', opacity=1, ori=0.0, pos=array([0., 0.]), size=array([0.1, 0.1]), units='height', vertices=ndarray(...), win=Window(...), windingRule=None)
19.1792 	EXP 	Created polygon = ShapeStim(__class__=<class 'psychopy.visual.shape.ShapeStim'>, anchor=('center', 'center'), autoDraw=False, autoLog=True, closeShape=True, color=method-wrapper(...), colorSpace='rgb', contrast=None, depth=0.0, fillColor=array([1, 1, 1]), fillColorSpace='rgb', fillRGB=array([1, 1, 1]), interpolate=True, lineColor=array([1., 1., 1.]), lineColorSpace='rgb', lineRGB=array([1, 1, 1]), lineWidth=0.3, name='polygon', opacity=1, ori=0.0, pos=array([0., 0.]), size=array([0.1, 0.1]), units='height', vertices=ndarray(...), win=Window(...), windingRule=None)
19.1796 	EXP 	Sound sound_1 set volume 1.000
19.1815 	EXP 	Created polygon_3 = ShapeStim(__class__=<class 'psychopy.visual.shape.ShapeStim'>, anchor=('center', 'center'), autoDraw=False, autoLog=True, closeShape=True, color=method-wrapper(...), colorSpace='rgb', contrast=None, depth=0.0, fillColor=array([1, 1, 1]), fillColorSpace='rgb', fillRGB=array([1, 1, 1]), interpolate=True, lineColor=array([1., 1., 1.]), lineColorSpace='rgb', lineRGB=array([1, 1, 1]), lineWidth=1.0, name='polygon_3', opacity=1, ori=0.0, pos=array([0., 0.]), size=array([0.1, 0.1]), units='height', vertices=ndarray(...), win=Window(...), windingRule=None)
19.1819 	EXP 	Sound sound_2 set volume 1.000
19.1843 	EXP 	Created polygon_4 = ShapeStim(__class__=<class 'psychopy.visual.shape.ShapeStim'>, anchor=('center', 'center'), autoDraw=False, autoLog=True, closeShape=True, color=method-wrapper(...), colorSpace='rgb', contrast=None, depth=0.0, fillColor=array([1, 1, 1]), fillColorSpace='rgb', fillRGB=array([1, 1, 1]), interpolate=True, lineColor=array([1., 1., 1.]), lineColorSpace='rgb', lineRGB=array([1, 1, 1]), lineWidth=1.0, name='polygon_4', opacity=1, ori=0.0, pos=array([0., 0.]), size=array([0.1, 0.1]), units='height', vertices=ndarray(...), win=Window(...), windingRule=None)
19.1845 	EXP 	Sound sound_3 set volume 1.000
19.1865 	EXP 	Created polygon_2 = ShapeStim(__class__=<class 'psychopy.visual.shape.ShapeStim'>, anchor=('center', 'center'), autoDraw=False, autoLog=True, closeShape=True, color=method-wrapper(...), colorSpace='rgb', contrast=None, depth=0.0, fillColor=array([1, 1, 1]), fillColorSpace='rgb', fillRGB=array([1, 1, 1]), interpolate=True, lineColor=array([1., 1., 1.]), lineColorSpace='rgb', lineRGB=array([1, 1, 1]), lineWidth=1.0, name='polygon_2', opacity=1, ori=0.0, pos=array([0., 0.]), size=array([0.1, 0.1]), units='height', vertices=ndarray(...), win=Window(...), windingRule=None)
19.4154 	EXP 	Sound sound_4 set volume 1.000
19.4178 	EXP 	Created polygon_5 = ShapeStim(__class__=<class 'psychopy.visual.shape.ShapeStim'>, anchor=('center', 'center'), autoDraw=False, autoLog=True, closeShape=True, color=method-wrapper(...), colorSpace='rgb', contrast=None, depth=-1.0, fillColor=array([1, 1, 1]), fillColorSpace='rgb', fillRGB=array([1, 1, 1]), interpolate=True, lineColor=array([1., 1., 1.]), lineColorSpace='rgb', lineRGB=array([1, 1, 1]), lineWidth=1.0, name='polygon_5', opacity=1, ori=0.0, pos=array([0., 0.]), size=array([0.1, 0.1]), units='height', vertices=ndarray(...), win=Window(...), windingRule=None)
19.4179 	EXP 	Sound sound_5 set volume 1.000
19.4491 	EXP 	Created text_2 = TextStim(__class__=<class 'psychopy.visual.text.TextStim'>, alignHoriz=method-wrapper(...), alignText='center', alignVert=method-wrapper(...), anchorHoriz='center', anchorVert='center', antialias=True, autoLog=True, bold=False, color=array([1., 1., 1.]), colorSpace='rgb', contrast=1.0, depth=0.0, flipHoriz=False, flipVert=False, font='Open Sans', fontFiles=[], height=0.1, italic=False, languageStyle='LTR', name='text_2', opacity=1, ori=0.0, pos=array([0., 0.]), rgb=UNKNOWN, text=str(...), units='height', win=Window(...), wrapWidth=1)
19.6781 	EXP 	Created polygon_31 = ShapeStim(__class__=<class 'psychopy.visual.shape.ShapeStim'>, anchor=('center', 'center'), autoDraw=False, autoLog=True, closeShape=True, color=method-wrapper(...), colorSpace='rgb', contrast=None, depth=0.0, fillColor=array([1, 1, 1]), fillColorSpace='rgb', fillRGB=array([1, 1, 1]), interpolate=True, lineColor=array([1., 1., 1.]), lineColorSpace='rgb', lineRGB=array([1, 1, 1]), lineWidth=1.0, name='polygon_31', opacity=1, ori=0.0, pos=array([0., 0.]), size=array([0.1, 0.1]), units='height', vertices=ndarray(...), win=Window(...), windingRule=None)
21.6864 	EXP 	Created polygon_6 = ShapeStim(__class__=<class 'psychopy.visual.shape.ShapeStim'>, anchor=('center', 'center'), autoDraw=False, autoLog=True, closeShape=True, color=method-wrapper(...), colorSpace='rgb', contrast=None, depth=0.0, fillColor=array([1, 1, 1]), fillColorSpace='rgb', fillRGB=array([1, 1, 1]), interpolate=True, lineColor=array([1., 1., 1.]), lineColorSpace='rgb', lineRGB=array([1, 1, 1]), lineWidth=1.0, name='polygon_6', opacity=1, ori=0.0, pos=array([0., 0.]), size=array([0.1, 0.1]), units='height', vertices=ndarray(...), win=Window(...), windingRule=None)
21.6869 	EXP 	Sound sound_6 set volume 1.000
21.6890 	EXP 	Created polygon_7 = ShapeStim(__class__=<class 'psychopy.visual.shape.ShapeStim'>, anchor=('center', 'center'), autoDraw=False, autoLog=True, closeShape=True, color=method-wrapper(...), colorSpace='rgb', contrast=None, depth=0.0, fillColor=array([1, 1, 1]), fillColorSpace='rgb', fillRGB=array([1, 1, 1]), interpolate=True, lineColor=array([1., 1., 1.]), lineColorSpace='rgb', lineRGB=array([1, 1, 1]), lineWidth=1.0, name='polygon_7', opacity=1, ori=0.0, pos=array([0., 0.]), size=array([0.1, 0.1]), units='height', vertices=ndarray(...), win=Window(...), windingRule=None)
21.6896 	EXP 	Sound sound_7 set volume 1.000
21.6916 	EXP 	Created polygon_8 = ShapeStim(__class__=<class 'psychopy.visual.shape.ShapeStim'>, anchor=('center', 'center'), autoDraw=False, autoLog=True, closeShape=True, color=method-wrapper(...), colorSpace='rgb', contrast=None, depth=0.0, fillColor=array([1, 1, 1]), fillColorSpace='rgb', fillRGB=array([1, 1, 1]), interpolate=True, lineColor=array([1., 1., 1.]), lineColorSpace='rgb', lineRGB=array([1, 1, 1]), lineWidth=1.0, name='polygon_8', opacity=1, ori=0.0, pos=array([0., 0.]), size=array([0.1, 0.1]), units='height', vertices=ndarray(...), win=Window(...), windingRule=None)
21.6917 	EXP 	Sound sound_8 set volume 1.000
21.6940 	EXP 	Created polygon_9 = ShapeStim(__class__=<class 'psychopy.visual.shape.ShapeStim'>, anchor=('center', 'center'), autoDraw=False, autoLog=True, closeShape=True, color=method-wrapper(...), colorSpace='rgb', contrast=None, depth=0.0, fillColor=array([1, 1, 1]), fillColorSpace='rgb', fillRGB=array([1, 1, 1]), interpolate=True, lineColor=array([1., 1., 1.]), lineColorSpace='rgb', lineRGB=array([1, 1, 1]), lineWidth=1.0, name='polygon_9', opacity=1, ori=0.0, pos=array([0., 0.]), size=array([0.1, 0.1]), units='height', vertices=ndarray(...), win=Window(...), windingRule=None)
21.9166 	EXP 	Sound sound_9 set volume 1.000
21.9188 	EXP 	Created polygon_24 = ShapeStim(__class__=<class 'psychopy.visual.shape.ShapeStim'>, anchor=('center', 'center'), autoDraw=False, autoLog=True, closeShape=True, color=method-wrapper(...), colorSpace='rgb', contrast=None, depth=0.0, fillColor=array([1, 1, 1]), fillColorSpace='rgb', fillRGB=array([1, 1, 1]), interpolate=True, lineColor=array([1., 1., 1.]), lineColorSpace='rgb', lineRGB=array([1, 1, 1]), lineWidth=1.0, name='polygon_24', opacity=1, ori=0.0, pos=array([0., 0.]), size=array([0.1, 0.1]), units='height', vertices=ndarray(...), win=Window(...), windingRule=None)
21.9188 	EXP 	Sound sound_24 set volume 1.000
21.9306 	EXP 	Created text_2 = TextStim(__class__=<class 'psychopy.visual.text.TextStim'>, alignHoriz=method-wrapper(...), alignText='center', alignVert=method-wrapper(...), anchorHoriz='center', anchorVert='center', antialias=True, autoLog=True, bold=False, color=array([1., 1., 1.]), colorSpace='rgb', contrast=1.0, depth=0.0, flipHoriz=False, flipVert=False, font='Open Sans', fontFiles=[], height=0.1, italic=False, languageStyle='LTR', name='text_2', opacity=1, ori=0.0, pos=array([0., 0.]), rgb=UNKNOWN, text=str(...), units='height', win=Window(...), wrapWidth=1)
22.1551 	EXP 	Created polygon_31 = ShapeStim(__class__=<class 'psychopy.visual.shape.ShapeStim'>, anchor=('center', 'center'), autoDraw=False, autoLog=True, closeShape=True, color=method-wrapper(...), colorSpace='rgb', contrast=None, depth=0.0, fillColor=array([1, 1, 1]), fillColorSpace='rgb', fillRGB=array([1, 1, 1]), interpolate=True, lineColor=array([1., 1., 1.]), lineColorSpace='rgb', lineRGB=array([1, 1, 1]), lineWidth=1.0, name='polygon_31', opacity=1, ori=0.0, pos=array([0., 0.]), size=array([0.1, 0.1]), units='height', vertices=ndarray(...), win=Window(...), windingRule=None)
24.1604 	EXP 	Created polygon_10 = ShapeStim(__class__=<class 'psychopy.visual.shape.ShapeStim'>, anchor=('center', 'center'), autoDraw=False, autoLog=True, closeShape=True, color=method-wrapper(...), colorSpace='rgb', contrast=None, depth=0.0, fillColor=array([1, 1, 1]), fillColorSpace='rgb', fillRGB=array([1, 1, 1]), interpolate=True, lineColor=array([1., 1., 1.]), lineColorSpace='rgb', lineRGB=array([1, 1, 1]), lineWidth=1.0, name='polygon_10', opacity=1, ori=0.0, pos=array([0., 0.]), size=array([0.1, 0.1]), units='height', vertices=ndarray(...), win=Window(...), windingRule=None)
24.1610 	EXP 	Sound sound_10 set volume 1.000
24.1630 	EXP 	Created polygon_11 = ShapeStim(__class__=<class 'psychopy.visual.shape.ShapeStim'>, anchor=('center', 'center'), autoDraw=False, autoLog=True, closeShape=True, color=method-wrapper(...), colorSpace='rgb', contrast=None, depth=0.0, fillColor=array([1, 1, 1]), fillColorSpace='rgb', fillRGB=array([1, 1, 1]), interpolate=True, lineColor=array([1., 1., 1.]), lineColorSpace='rgb', lineRGB=array([1, 1, 1]), lineWidth=1.0, name='polygon_11', opacity=1, ori=0.0, pos=array([0., 0.]), size=array([0.1, 0.1]), units='height', vertices=ndarray(...), win=Window(...), windingRule=None)
24.1637 	EXP 	Sound sound_11 set volume 1.000
24.1657 	EXP 	Created polygon_12 = ShapeStim(__class__=<class 'psychopy.visual.shape.ShapeStim'>, anchor=('center', 'center'), autoDraw=False, autoLog=True, closeShape=True, color=method-wrapper(...), colorSpace='rgb', contrast=None, depth=0.0, fillColor=array([1, 1, 1]), fillColorSpace='rgb', fillRGB=array([1, 1, 1]), interpolate=True, lineColor=array([1., 1., 1.]), lineColorSpace='rgb', lineRGB=array([1, 1, 1]), lineWidth=1.0, name='polygon_12', opacity=1, ori=0.0, pos=array([0., 0.]), size=array([0.1, 0.1]), units='height', vertices=ndarray(...), win=Window(...), windingRule=None)
24.1658 	EXP 	Sound sound_12 set volume 1.000
24.1682 	EXP 	Created polygon_13 = ShapeStim(__class__=<class 'psychopy.visual.shape.ShapeStim'>, anchor=('center', 'center'), autoDraw=False, autoLog=True, closeShape=True, color=method-wrapper(...), colorSpace='rgb', contrast=None, depth=0.0, fillColor=array([1, 1, 1]), fillColorSpace='rgb', fillRGB=array([1, 1, 1]), interpolate=True, lineColor=array([1., 1., 1.]), lineColorSpace='rgb', lineRGB=array([1, 1, 1]), lineWidth=1.0, name='polygon_13', opacity=1, ori=0.0, pos=array([0., 0.]), size=array([0.1, 0.1]), units='height', vertices=ndarray(...), win=Window(...), windingRule=None)
24.3928 	EXP 	Sound sound_13 set volume 1.000
24.3948 	EXP 	Created polygon_25 = ShapeStim(__class__=<class 'psychopy.visual.shape.ShapeStim'>, anchor=('center', 'center'), autoDraw=False, autoLog=True, closeShape=True, color=method-wrapper(...), colorSpace='rgb', contrast=None, depth=0.0, fillColor=array([1, 1, 1]), fillColorSpace='rgb', fillRGB=array([1, 1, 1]), interpolate=True, lineColor=array([1., 1., 1.]), lineColorSpace='rgb', lineRGB=array([1, 1, 1]), lineWidth=1.0, name='polygon_25', opacity=1, ori=0.0, pos=array([0., 0.]), size=array([0.1, 0.1]), units='height', vertices=ndarray(...), win=Window(...), windingRule=None)
24.3948 	EXP 	Sound sound_25 set volume 1.000
24.4064 	EXP 	Created text_2 = TextStim(__class__=<class 'psychopy.visual.text.TextStim'>, alignHoriz=method-wrapper(...), alignText='center', alignVert=method-wrapper(...), anchorHoriz='center', anchorVert='center', antialias=True, autoLog=True, bold=False, color=array([1., 1., 1.]), colorSpace='rgb', contrast=1.0, depth=0.0, flipHoriz=False, flipVert=False, font='Open Sans', fontFiles=[], height=0.1, italic=False, languageStyle='LTR', name='text_2', opacity=1, ori=0.0, pos=array([0., 0.]), rgb=UNKNOWN, text=str(...), units='height', win=Window(...), wrapWidth=1)
24.6325 	EXP 	Created polygon_31 = ShapeStim(__class__=<class 'psychopy.visual.shape.ShapeStim'>, anchor=('center', 'center'), autoDraw=False, autoLog=True, closeShape=True, color=method-wrapper(...), colorSpace='rgb', contrast=None, depth=0.0, fillColor=array([1, 1, 1]), fillColorSpace='rgb', fillRGB=array([1, 1, 1]), interpolate=True, lineColor=array([1., 1., 1.]), lineColorSpace='rgb', lineRGB=array([1, 1, 1]), lineWidth=1.0, name='polygon_31', opacity=1, ori=0.0, pos=array([0., 0.]), size=array([0.1, 0.1]), units='height', vertices=ndarray(...), win=Window(...), windingRule=None)
26.6383 	EXP 	Created polygon_14 = ShapeStim(__class__=<class 'psychopy.visual.shape.ShapeStim'>, anchor=('center', 'center'), autoDraw=False, autoLog=True, closeShape=True, color=method-wrapper(...), colorSpace='rgb', contrast=None, depth=0.0, fillColor=array([1, 1, 1]), fillColorSpace='rgb', fillRGB=array([1, 1, 1]), interpolate=True, lineColor=array([1., 1., 1.]), lineColorSpace='rgb', lineRGB=array([1, 1, 1]), lineWidth=1.0, name='polygon_14', opacity=1, ori=0.0, pos=array([0., 0.]), size=array([0.1, 0.1]), units='height', vertices=ndarray(...), win=Window(...), windingRule=None)
26.6388 	EXP 	Sound sound_14 set volume 0.800
26.6410 	EXP 	Created polygon_15 = ShapeStim(__class__=<class 'psychopy.visual.shape.ShapeStim'>, anchor=('center', 'center'), autoDraw=False, autoLog=True, closeShape=True, color=method-wrapper(...), colorSpace='rgb', contrast=None, depth=0.0, fillColor=array([1, 1, 1]), fillColorSpace='rgb', fillRGB=array([1, 1, 1]), interpolate=True, lineColor=array([1., 1., 1.]), lineColorSpace='rgb', lineRGB=array([1, 1, 1]), lineWidth=1.0, name='polygon_15', opacity=1, ori=0.0, pos=array([0., 0.]), size=array([0.1, 0.1]), units='height', vertices=ndarray(...), win=Window(...), windingRule=None)
26.6415 	EXP 	Sound sound_15 set volume 1.000
26.6433 	EXP 	Created polygon_16 = ShapeStim(__class__=<class 'psychopy.visual.shape.ShapeStim'>, anchor=('center', 'center'), autoDraw=False, autoLog=True, closeShape=True, color=method-wrapper(...), colorSpace='rgb', contrast=None, depth=0.0, fillColor=array([1, 1, 1]), fillColorSpace='rgb', fillRGB=array([1, 1, 1]), interpolate=True, lineColor=array([1., 1., 1.]), lineColorSpace='rgb', lineRGB=array([1, 1, 1]), lineWidth=1.0, name='polygon_16', opacity=1, ori=0.0, pos=array([0., 0.]), size=array([0.1, 0.1]), units='height', vertices=ndarray(...), win=Window(...), windingRule=None)
26.6434 	EXP 	Sound sound_16 set volume 1.000
26.6438 	EXP 	Sound sound_17 set volume 1.000
26.6457 	EXP 	Created polygon_17 = ShapeStim(__class__=<class 'psychopy.visual.shape.ShapeStim'>, anchor=('center', 'center'), autoDraw=False, autoLog=True, closeShape=True, color=method-wrapper(...), colorSpace='rgb', contrast=None, depth=-2.0, fillColor=array([1, 1, 1]), fillColorSpace='rgb', fillRGB=array([1, 1, 1]), interpolate=True, lineColor=array([1., 1., 1.]), lineColorSpace='rgb', lineRGB=array([1, 1, 1]), lineWidth=1.0, name='polygon_17', opacity=1, ori=0.0, pos=array([0., 0.]), size=array([0.1, 0.1]), units='height', vertices=ndarray(...), win=Window(...), windingRule=None)
26.8684 	EXP 	Created polygon_18 = ShapeStim(__class__=<class 'psychopy.visual.shape.ShapeStim'>, anchor=('center', 'center'), autoDraw=False, autoLog=True, closeShape=True, color=method-wrapper(...), colorSpace='rgb', contrast=None, depth=-1.0, fillColor=array([1, 1, 1]), fillColorSpace='rgb', fillRGB=array([1, 1, 1]), interpolate=True, lineColor=array([1., 1., 1.]), lineColorSpace='rgb', lineRGB=array([1, 1, 1]), lineWidth=1.0, name='polygon_18', opacity=1, ori=0.0, pos=array([0., 0.]), size=array([0.1, 0.1]), units='height', vertices=ndarray(...), win=Window(...), windingRule=None)
26.8685 	EXP 	Sound sound_18 set volume 1.000
26.8808 	EXP 	Created text_2 = TextStim(__class__=<class 'psychopy.visual.text.TextStim'>, alignHoriz=method-wrapper(...), alignText='center', alignVert=method-wrapper(...), anchorHoriz='center', anchorVert='center', antialias=True, autoLog=True, bold=False, color=array([1., 1., 1.]), colorSpace='rgb', contrast=1.0, depth=0.0, flipHoriz=False, flipVert=False, font='Open Sans', fontFiles=[], height=0.1, italic=False, languageStyle='LTR', name='text_2', opacity=1, ori=0.0, pos=array([0., 0.]), rgb=UNKNOWN, text=str(...), units='height', win=Window(...), wrapWidth=1)
27.1161 	EXP 	Created polygon_31 = ShapeStim(__class__=<class 'psychopy.visual.shape.ShapeStim'>, anchor=('center', 'center'), autoDraw=False, autoLog=True, closeShape=True, color=method-wrapper(...), colorSpace='rgb', contrast=None, depth=0.0, fillColor=array([1, 1, 1]), fillColorSpace='rgb', fillRGB=array([1, 1, 1]), interpolate=True, lineColor=array([1., 1., 1.]), lineColorSpace='rgb', lineRGB=array([1, 1, 1]), lineWidth=1.0, name='polygon_31', opacity=1, ori=0.0, pos=array([0., 0.]), size=array([0.1, 0.1]), units='height', vertices=ndarray(...), win=Window(...), windingRule=None)
29.1211 	EXP 	Created polygon_19 = ShapeStim(__class__=<class 'psychopy.visual.shape.ShapeStim'>, anchor=('center', 'center'), autoDraw=False, autoLog=True, closeShape=True, color=method-wrapper(...), colorSpace='rgb', contrast=None, depth=0.0, fillColor=array([1, 1, 1]), fillColorSpace='rgb', fillRGB=array([1, 1, 1]), interpolate=True, lineColor=array([1., 1., 1.]), lineColorSpace='rgb', lineRGB=array([1, 1, 1]), lineWidth=1.0, name='polygon_19', opacity=1, ori=0.0, pos=array([0., 0.]), size=array([0.1, 0.1]), units='height', vertices=ndarray(...), win=Window(...), windingRule=None)
29.1217 	EXP 	Sound sound_19 set volume 1.000
29.1239 	EXP 	Created polygon_20 = ShapeStim(__class__=<class 'psychopy.visual.shape.ShapeStim'>, anchor=('center', 'center'), autoDraw=False, autoLog=True, closeShape=True, color=method-wrapper(...), colorSpace='rgb', contrast=None, depth=0.0, fillColor=array([1, 1, 1]), fillColorSpace='rgb', fillRGB=array([1, 1, 1]), interpolate=True, lineColor=array([1., 1., 1.]), lineColorSpace='rgb', lineRGB=array([1, 1, 1]), lineWidth=1.0, name='polygon_20', opacity=1, ori=0.0, pos=array([0., 0.]), size=array([0.1, 0.1]), units='height', vertices=ndarray(...), win=Window(...), windingRule=None)
29.1246 	EXP 	Sound sound_20 set volume 1.000
29.1267 	EXP 	Created polygon_21 = ShapeStim(__class__=<class 'psychopy.visual.shape.ShapeStim'>, anchor=('center', 'center'), autoDraw=False, autoLog=True, closeShape=True, color=method-wrapper(...), colorSpace='rgb', contrast=None, depth=0.0, fillColor=array([1, 1, 1]), fillColorSpace='rgb', fillRGB=array([1, 1, 1]), interpolate=True, lineColor=array([1., 1., 1.]), lineColorSpace='rgb', lineRGB=array([1, 1, 1]), lineWidth=1.0, name='polygon_21', opacity=1, ori=0.0, pos=array([0., 0.]), size=array([0.1, 0.1]), units='height', vertices=ndarray(...), win=Window(...), windingRule=None)
29.1268 	EXP 	Sound sound_21 set volume 1.000
29.1289 	EXP 	Created polygon_22 = ShapeStim(__class__=<class 'psychopy.visual.shape.ShapeStim'>, anchor=('center', 'center'), autoDraw=False, autoLog=True, closeShape=True, color=method-wrapper(...), colorSpace='rgb', contrast=None, depth=0.0, fillColor=array([1, 1, 1]), fillColorSpace='rgb', fillRGB=array([1, 1, 1]), interpolate=True, lineColor=array([1., 1., 1.]), lineColorSpace='rgb', lineRGB=array([1, 1, 1]), lineWidth=1.0, name='polygon_22', opacity=1, ori=0.0, pos=array([0., 0.]), size=array([0.1, 0.1]), units='height', vertices=ndarray(...), win=Window(...), windingRule=None)
29.1294 	EXP 	Sound sound_22 set volume 1.000
29.3527 	EXP 	Created polygon_23 = ShapeStim(__class__=<class 'psychopy.visual.shape.ShapeStim'>, anchor=('center', 'center'), autoDraw=False, autoLog=True, closeShape=True, color=method-wrapper(...), colorSpace='rgb', contrast=None, depth=0.0, fillColor=array([1, 1, 1]), fillColorSpace='rgb', fillRGB=array([1, 1, 1]), interpolate=True, lineColor=array([1., 1., 1.]), lineColorSpace='rgb', lineRGB=array([1, 1, 1]), lineWidth=1.0, name='polygon_23', opacity=1, ori=0.0, pos=array([0., 0.]), size=array([0.1, 0.1]), units='height', vertices=ndarray(...), win=Window(...), windingRule=None)
29.3527 	EXP 	Sound sound_23 set volume 1.000
29.3673 	EXP 	Created text_3 = TextStim(__class__=<class 'psychopy.visual.text.TextStim'>, alignHoriz=method-wrapper(...), alignText='center', alignVert=method-wrapper(...), anchorHoriz='center', anchorVert='center', antialias=True, autoLog=True, bold=False, color=array([1., 1., 1.]), colorSpace='rgb', contrast=1.0, depth=0.0, flipHoriz=False, flipVert=False, font='Open Sans', fontFiles=[], height=0.1, italic=False, languageStyle='LTR', name='text_3', opacity=1, ori=0.0, pos=array([0., 0.]), rgb=UNKNOWN, text=str(...), units='height', win=Window(...), wrapWidth=1)
29.3831 	EXP 	text_6: autoDraw = True
43.1504 	DATA 	Keypress: space
43.1568 	EXP 	text_6: autoDraw = False
43.1568 	EXP 	text_8: autoDraw = True
58.1556 	EXP 	text_8: autoDraw = False
58.1556 	EXP 	text_8: autoDraw = False
58.1556 	EXP 	text_4: autoDraw = True
65.0420 	DATA 	Keypress: space
65.0526 	EXP 	text_4: autoDraw = False
65.0526 	EXP 	text_7: autoDraw = True
65.0526 	EXP 	text_10: autoDraw = True
65.0526 	EXP 	image: autoDraw = True
256.7699 	EXP 	Created sequence: random, trialTypes=1, nReps=4, seed=None
256.7701 	EXP 	New trial (rep=0, index=0): None
256.7784 	DATA 	Keypress: space
256.7825 	EXP 	text_7: autoDraw = False
256.7825 	EXP 	text_10: autoDraw = False
256.7825 	EXP 	image: autoDraw = False
256.7825 	EXP 	polygon_26: autoDraw = True
261.7876 	EXP 	polygon_26: autoDraw = False
261.7876 	EXP 	polygon_27: autoDraw = True
265.7890 	EXP 	polygon_27: autoDraw = False
265.7890 	EXP 	polygon_28: autoDraw = True
269.7904 	EXP 	polygon_28: autoDraw = False
269.7904 	EXP 	polygon_29: autoDraw = True
272.4130 	DATA 	Keypress: lshift
272.4240 	EXP 	polygon_29: autoDraw = False
272.4240 	EXP 	polygon_30: autoDraw = True
279.4105 	EXP 	New trial (rep=1, index=0): None
279.4269 	EXP 	polygon_30: autoDraw = False
279.4269 	EXP 	polygon_30: autoDraw = False
279.4269 	EXP 	polygon_26: autoDraw = True
284.4278 	EXP 	polygon_26: autoDraw = False
284.4278 	EXP 	polygon_27: autoDraw = True
288.4166 	EXP 	polygon_27: autoDraw = False
288.4166 	EXP 	polygon_28: autoDraw = True
292.4298 	EXP 	polygon_28: autoDraw = False
292.4298 	EXP 	polygon_29: autoDraw = True
293.5367 	DATA 	Keypress: rshift
293.5462 	EXP 	polygon_29: autoDraw = False
293.5462 	EXP 	polygon_30: autoDraw = True
300.5328 	EXP 	New trial (rep=2, index=0): None
300.5489 	EXP 	polygon_30: autoDraw = False
300.5489 	EXP 	polygon_30: autoDraw = False
300.5489 	EXP 	polygon_26: autoDraw = True
305.5504 	EXP 	polygon_26: autoDraw = False
305.5504 	EXP 	polygon_26: autoDraw = False
305.5504 	EXP 	polygon_27: autoDraw = True
309.5451 	EXP 	polygon_27: autoDraw = False
309.5451 	EXP 	polygon_28: autoDraw = True
313.5533 	EXP 	polygon_28: autoDraw = False
313.5533 	EXP 	polygon_29: autoDraw = True
314.5896 	DATA 	Keypress: lshift
314.6048 	EXP 	polygon_29: autoDraw = False
314.6048 	EXP 	polygon_30: autoDraw = True
321.5888 	EXP 	New trial (rep=3, index=0): None
321.6066 	EXP 	polygon_30: autoDraw = False
321.6066 	EXP 	polygon_26: autoDraw = True
326.6064 	EXP 	polygon_26: autoDraw = False
326.6064 	EXP 	polygon_27: autoDraw = True
330.6077 	EXP 	polygon_27: autoDraw = False
330.6077 	EXP 	polygon_28: autoDraw = True
334.6091 	EXP 	polygon_28: autoDraw = False
334.6091 	EXP 	polygon_29: autoDraw = True
335.3120 	DATA 	Keypress: rshift
335.3258 	EXP 	polygon_29: autoDraw = False
335.3258 	EXP 	polygon_30: autoDraw = True
342.3338 	EXP 	polygon_30: autoDraw = False
342.3338 	EXP 	text: height = 0.07
342.3338 	EXP 	text: height = 0.07
342.3338 	EXP 	text: text = 'That concludes the practice block.\nYou can take some time to look away from the screen and relax your eyes.\n\nPlease press Spacebar to continue with the experiment.\n'
342.3338 	EXP 	text: autoDraw = True
357.5506 	DATA 	Keypress: space
357.5651 	EXP 	text: autoDraw = False
357.5651 	EXP 	polygon_31: autoDraw = True
362.5502 	EXP 	Created sequence: sequential, trialTypes=1, nReps=11, seed=None
362.5503 	EXP 	New trial (rep=0, index=0): None
363.3067 	EXP 	polygon_31: autoDraw = False
363.3067 	EXP 	polygon: autoDraw = True
367.5599 	EXP 	polygon: autoDraw = False
367.5599 	EXP 	polygon: autoDraw = False
367.5599 	EXP 	polygon_3: autoDraw = True
371.5762 	EXP 	polygon_3: autoDraw = False
371.5762 	EXP 	polygon_4: autoDraw = True
375.3372 	EXP 	polygon_4: autoDraw = False
375.3372 	EXP 	polygon_2: autoDraw = True
376.1440 	DATA 	Keypress: rshift
376.1482 	EXP 	polygon_2: autoDraw = False
376.1482 	EXP 	polygon_5: autoDraw = True
382.6410 	EXP 	New trial (rep=1, index=0): None
383.3988 	EXP 	polygon_5: autoDraw = False
383.3988 	EXP 	polygon_5: autoDraw = False
383.3988 	EXP 	polygon: autoDraw = True
389.6497 	EXP 	polygon: autoDraw = False
389.6497 	EXP 	polygon: autoDraw = False
389.6497 	EXP 	polygon_3: autoDraw = True
393.6670 	EXP 	polygon_3: autoDraw = False
393.6670 	EXP 	polygon_4: autoDraw = True
397.4266 	EXP 	polygon_4: autoDraw = False
397.4266 	EXP 	polygon_2: autoDraw = True
398.1974 	DATA 	Keypress: rshift
398.2027 	EXP 	polygon_2: autoDraw = False
398.2027 	EXP 	polygon_5: autoDraw = True
404.7026 	EXP 	New trial (rep=2, index=0): None
405.4599 	EXP 	polygon_5: autoDraw = False
405.4599 	EXP 	polygon_5: autoDraw = False
405.4599 	EXP 	polygon: autoDraw = True
407.7044 	EXP 	polygon: autoDraw = False
407.7044 	EXP 	polygon: autoDraw = False
407.7044 	EXP 	polygon_3: autoDraw = True
411.7043 	EXP 	polygon_3: autoDraw = False
411.7043 	EXP 	polygon_4: autoDraw = True
415.4654 	EXP 	polygon_4: autoDraw = False
415.4654 	EXP 	polygon_2: autoDraw = True
416.4694 	DATA 	Keypress: rshift
416.4735 	EXP 	polygon_2: autoDraw = False
416.4735 	EXP 	polygon_5: autoDraw = True
422.9737 	EXP 	New trial (rep=3, index=0): None
423.7308 	EXP 	polygon_5: autoDraw = False
423.7308 	EXP 	polygon_5: autoDraw = False
423.7308 	EXP 	polygon: autoDraw = True
425.9798 	EXP 	polygon: autoDraw = False
425.9798 	EXP 	polygon: autoDraw = False
425.9798 	EXP 	polygon_3: autoDraw = True
429.9936 	EXP 	polygon_3: autoDraw = False
429.9936 	EXP 	polygon_4: autoDraw = True
433.7364 	EXP 	polygon_4: autoDraw = False
433.7364 	EXP 	polygon_2: autoDraw = True
434.6078 	DATA 	Keypress: lshift
434.6123 	EXP 	polygon_2: autoDraw = False
434.6123 	EXP 	polygon_5: autoDraw = True
444.1083 	EXP 	New trial (rep=4, index=0): None
444.8668 	EXP 	polygon_5: autoDraw = False
444.8668 	EXP 	polygon_5: autoDraw = False
444.8668 	EXP 	polygon: autoDraw = True
449.1142 	EXP 	polygon: autoDraw = False
449.1142 	EXP 	polygon: autoDraw = False
449.1142 	EXP 	polygon_3: autoDraw = True
453.1160 	EXP 	polygon_3: autoDraw = False
453.1160 	EXP 	polygon_4: autoDraw = True
456.8772 	EXP 	polygon_4: autoDraw = False
456.8772 	EXP 	polygon_2: autoDraw = True
457.9675 	DATA 	Keypress: lshift
457.9717 	EXP 	polygon_2: autoDraw = False
457.9717 	EXP 	polygon_5: autoDraw = True
465.4652 	EXP 	New trial (rep=5, index=0): None
466.2216 	EXP 	polygon_5: autoDraw = False
466.2216 	EXP 	polygon_5: autoDraw = False
466.2216 	EXP 	polygon: autoDraw = True
472.4712 	EXP 	polygon: autoDraw = False
472.4712 	EXP 	polygon: autoDraw = False
472.4712 	EXP 	polygon_3: autoDraw = True
476.4739 	EXP 	polygon_3: autoDraw = False
476.4739 	EXP 	polygon_4: autoDraw = True
480.2357 	EXP 	polygon_4: autoDraw = False
480.2357 	EXP 	polygon_2: autoDraw = True
481.0732 	DATA 	Keypress: lshift
481.0776 	EXP 	polygon_2: autoDraw = False
481.0776 	EXP 	polygon_5: autoDraw = True
487.5719 	EXP 	New trial (rep=6, index=0): None
488.3402 	EXP 	polygon_5: autoDraw = False
488.3402 	EXP 	polygon_5: autoDraw = False
488.3402 	EXP 	polygon: autoDraw = True
491.5931 	EXP 	polygon: autoDraw = False
491.5931 	EXP 	polygon: autoDraw = False
491.5931 	EXP 	polygon_3: autoDraw = True
495.5971 	EXP 	polygon_3: autoDraw = False
495.5971 	EXP 	polygon_4: autoDraw = True
499.3565 	EXP 	polygon_4: autoDraw = False
499.3565 	EXP 	polygon_2: autoDraw = True
500.3930 	DATA 	Keypress: lshift
500.3972 	EXP 	polygon_2: autoDraw = False
500.3972 	EXP 	polygon_5: autoDraw = True
506.8939 	EXP 	New trial (rep=7, index=0): None
507.6509 	EXP 	polygon_5: autoDraw = False
507.6509 	EXP 	polygon_5: autoDraw = False
507.6509 	EXP 	polygon: autoDraw = True
510.8987 	EXP 	polygon: autoDraw = False
510.8987 	EXP 	polygon: autoDraw = False
510.8987 	EXP 	polygon_3: autoDraw = True
514.9006 	EXP 	polygon_3: autoDraw = False
514.9006 	EXP 	polygon_4: autoDraw = True
518.6613 	EXP 	polygon_4: autoDraw = False
518.6613 	EXP 	polygon_2: autoDraw = True
519.6828 	DATA 	Keypress: rshift
519.6877 	EXP 	polygon_2: autoDraw = False
519.6877 	EXP 	polygon_5: autoDraw = True
530.1848 	EXP 	New trial (rep=8, index=0): None
530.9467 	EXP 	polygon_5: autoDraw = False
530.9467 	EXP 	polygon_5: autoDraw = False
530.9467 	EXP 	polygon: autoDraw = True
536.1892 	EXP 	polygon: autoDraw = False
536.1892 	EXP 	polygon: autoDraw = False
536.1892 	EXP 	polygon_3: autoDraw = True
540.1930 	EXP 	polygon_3: autoDraw = False
540.1930 	EXP 	polygon_4: autoDraw = True
543.9532 	EXP 	polygon_4: autoDraw = False
543.9532 	EXP 	polygon_2: autoDraw = True
544.9901 	DATA 	Keypress: lshift
544.9942 	EXP 	polygon_2: autoDraw = False
544.9942 	EXP 	polygon_5: autoDraw = True
555.4910 	EXP 	New trial (rep=9, index=0): None
556.2480 	EXP 	polygon_5: autoDraw = False
556.2480 	EXP 	polygon_5: autoDraw = False
556.2480 	EXP 	polygon: autoDraw = True
559.4956 	EXP 	polygon: autoDraw = False
559.4956 	EXP 	polygon: autoDraw = False
559.4956 	EXP 	polygon_3: autoDraw = True
563.4971 	EXP 	polygon_3: autoDraw = False
563.4971 	EXP 	polygon_4: autoDraw = True
567.2588 	EXP 	polygon_4: autoDraw = False
567.2588 	EXP 	polygon_2: autoDraw = True
568.4466 	DATA 	Keypress: lshift
568.4509 	EXP 	polygon_2: autoDraw = False
568.4509 	EXP 	polygon_5: autoDraw = True
575.9514 	EXP 	New trial (rep=10, index=0): None
576.7082 	EXP 	polygon_5: autoDraw = False
576.7082 	EXP 	polygon_5: autoDraw = False
576.7082 	EXP 	polygon: autoDraw = True
580.9540 	EXP 	polygon: autoDraw = False
580.9540 	EXP 	polygon: autoDraw = False
580.9540 	EXP 	polygon_3: autoDraw = True
584.9561 	EXP 	polygon_3: autoDraw = False
584.9561 	EXP 	polygon_4: autoDraw = True
588.7148 	EXP 	polygon_4: autoDraw = False
588.7148 	EXP 	polygon_2: autoDraw = True
589.8187 	DATA 	Keypress: rshift
589.8232 	EXP 	polygon_2: autoDraw = False
589.8232 	EXP 	polygon_5: autoDraw = True
599.3281 	EXP 	polygon_5: autoDraw = False
599.3281 	EXP 	polygon_5: autoDraw = False
599.3281 	EXP 	text_2: autoDraw = True
617.6926 	DATA 	Keypress: space
617.7075 	EXP 	text_2: autoDraw = False
617.7075 	EXP 	polygon_31: autoDraw = True
622.6919 	EXP 	Created sequence: sequential, trialTypes=1, nReps=11, seed=None
622.6921 	EXP 	New trial (rep=0, index=0): None
624.2000 	EXP 	polygon_31: autoDraw = False
624.2000 	EXP 	polygon_6: autoDraw = True
630.2039 	EXP 	polygon_6: autoDraw = False
630.2039 	EXP 	polygon_6: autoDraw = False
630.2039 	EXP 	polygon_7: autoDraw = True
634.2201 	EXP 	polygon_7: autoDraw = False
634.2201 	EXP 	polygon_8: autoDraw = True
638.2025 	EXP 	polygon_8: autoDraw = False
638.2025 	EXP 	polygon_9: autoDraw = True
640.5166 	DATA 	Keypress: lshift
640.5224 	EXP 	polygon_9: autoDraw = False
640.5224 	EXP 	polygon_24: autoDraw = True
648.0171 	EXP 	New trial (rep=1, index=0): None
649.5246 	EXP 	polygon_24: autoDraw = False
649.5246 	EXP 	polygon_24: autoDraw = False
649.5246 	EXP 	polygon_6: autoDraw = True
652.5224 	EXP 	polygon_6: autoDraw = False
652.5224 	EXP 	polygon_6: autoDraw = False
652.5224 	EXP 	polygon_7: autoDraw = True
656.5274 	EXP 	polygon_7: autoDraw = False
656.5274 	EXP 	polygon_8: autoDraw = True
660.5277 	EXP 	polygon_8: autoDraw = False
660.5277 	EXP 	polygon_9: autoDraw = True
662.3731 	DATA 	Keypress: rshift
662.3777 	EXP 	polygon_9: autoDraw = False
662.3777 	EXP 	polygon_24: autoDraw = True
671.8744 	EXP 	New trial (rep=2, index=0): None
673.3819 	EXP 	polygon_24: autoDraw = False
673.3819 	EXP 	polygon_24: autoDraw = False
673.3819 	EXP 	polygon_6: autoDraw = True
678.3805 	EXP 	polygon_6: autoDraw = False
678.3805 	EXP 	polygon_6: autoDraw = False
678.3805 	EXP 	polygon_7: autoDraw = True
682.3813 	EXP 	polygon_7: autoDraw = False
682.3813 	EXP 	polygon_8: autoDraw = True
686.3835 	EXP 	polygon_8: autoDraw = False
686.3835 	EXP 	polygon_9: autoDraw = True
688.0493 	DATA 	Keypress: rshift
688.0544 	EXP 	polygon_9: autoDraw = False
688.0544 	EXP 	polygon_24: autoDraw = True
694.5468 	EXP 	New trial (rep=3, index=0): None
696.0544 	EXP 	polygon_24: autoDraw = False
696.0544 	EXP 	polygon_24: autoDraw = False
696.0544 	EXP 	polygon_6: autoDraw = True
699.0539 	EXP 	polygon_6: autoDraw = False
699.0539 	EXP 	polygon_6: autoDraw = False
699.0539 	EXP 	polygon_7: autoDraw = True
703.0573 	EXP 	polygon_7: autoDraw = False
703.0573 	EXP 	polygon_8: autoDraw = True
707.0552 	EXP 	polygon_8: autoDraw = False
707.0552 	EXP 	polygon_9: autoDraw = True
708.9197 	DATA 	Keypress: lshift
708.9238 	EXP 	polygon_9: autoDraw = False
708.9238 	EXP 	polygon_24: autoDraw = True
718.4215 	EXP 	New trial (rep=4, index=0): None
719.9284 	EXP 	polygon_24: autoDraw = False
719.9284 	EXP 	polygon_24: autoDraw = False
719.9284 	EXP 	polygon_6: autoDraw = True
724.9259 	EXP 	polygon_6: autoDraw = False
724.9259 	EXP 	polygon_6: autoDraw = False
724.9259 	EXP 	polygon_7: autoDraw = True
728.9280 	EXP 	polygon_7: autoDraw = False
728.9280 	EXP 	polygon_8: autoDraw = True
732.9291 	EXP 	polygon_8: autoDraw = False
732.9291 	EXP 	polygon_9: autoDraw = True
734.9768 	DATA 	Keypress: rshift
734.9809 	EXP 	polygon_9: autoDraw = False
734.9809 	EXP 	polygon_24: autoDraw = True
742.4785 	EXP 	New trial (rep=5, index=0): None
743.9859 	EXP 	polygon_24: autoDraw = False
743.9859 	EXP 	polygon_24: autoDraw = False
743.9859 	EXP 	polygon_6: autoDraw = True
748.9831 	EXP 	polygon_6: autoDraw = False
748.9831 	EXP 	polygon_6: autoDraw = False
748.9831 	EXP 	polygon_7: autoDraw = True
752.9860 	EXP 	polygon_7: autoDraw = False
752.9860 	EXP 	polygon_8: autoDraw = True
756.9879 	EXP 	polygon_8: autoDraw = False
756.9879 	EXP 	polygon_9: autoDraw = True
758.7837 	DATA 	Keypress: lshift
758.7879 	EXP 	polygon_9: autoDraw = False
758.7879 	EXP 	polygon_24: autoDraw = True
766.2842 	EXP 	New trial (rep=6, index=0): None
767.7946 	EXP 	polygon_24: autoDraw = False
767.7946 	EXP 	polygon_24: autoDraw = False
767.7946 	EXP 	polygon_6: autoDraw = True
772.7925 	EXP 	polygon_6: autoDraw = False
772.7925 	EXP 	polygon_6: autoDraw = False
772.7925 	EXP 	polygon_7: autoDraw = True
776.8114 	EXP 	polygon_7: autoDraw = False
776.8114 	EXP 	polygon_8: autoDraw = True
780.7949 	EXP 	polygon_8: autoDraw = False
780.7949 	EXP 	polygon_9: autoDraw = True
782.5740 	DATA 	Keypress: lshift
782.5783 	EXP 	polygon_9: autoDraw = False
782.5783 	EXP 	polygon_24: autoDraw = True
791.0756 	EXP 	New trial (rep=7, index=0): None
792.5836 	EXP 	polygon_24: autoDraw = False
792.5836 	EXP 	polygon_24: autoDraw = False
792.5836 	EXP 	polygon_6: autoDraw = True
798.5810 	EXP 	polygon_6: autoDraw = False
798.5810 	EXP 	polygon_6: autoDraw = False
798.5810 	EXP 	polygon_7: autoDraw = True
802.5833 	EXP 	polygon_7: autoDraw = False
802.5833 	EXP 	polygon_8: autoDraw = True
806.5836 	EXP 	polygon_8: autoDraw = False
806.5836 	EXP 	polygon_9: autoDraw = True
808.9147 	DATA 	Keypress: rshift
808.9201 	EXP 	polygon_9: autoDraw = False
808.9201 	EXP 	polygon_24: autoDraw = True
815.4166 	EXP 	New trial (rep=8, index=0): None
816.9288 	EXP 	polygon_24: autoDraw = False
816.9288 	EXP 	polygon_24: autoDraw = False
816.9288 	EXP 	polygon_6: autoDraw = True
820.9218 	EXP 	polygon_6: autoDraw = False
820.9218 	EXP 	polygon_6: autoDraw = False
820.9218 	EXP 	polygon_7: autoDraw = True
824.9385 	EXP 	polygon_7: autoDraw = False
824.9385 	EXP 	polygon_8: autoDraw = True
828.9233 	EXP 	polygon_8: autoDraw = False
828.9233 	EXP 	polygon_9: autoDraw = True
830.7234 	DATA 	Keypress: lshift
830.7276 	EXP 	polygon_9: autoDraw = False
830.7276 	EXP 	polygon_24: autoDraw = True
837.2225 	EXP 	New trial (rep=9, index=0): None
838.7309 	EXP 	polygon_24: autoDraw = False
838.7309 	EXP 	polygon_24: autoDraw = False
838.7309 	EXP 	polygon_6: autoDraw = True
841.7274 	EXP 	polygon_6: autoDraw = False
841.7274 	EXP 	polygon_6: autoDraw = False
841.7274 	EXP 	polygon_7: autoDraw = True
845.7307 	EXP 	polygon_7: autoDraw = False
845.7307 	EXP 	polygon_8: autoDraw = True
849.7299 	EXP 	polygon_8: autoDraw = False
849.7299 	EXP 	polygon_9: autoDraw = True
851.6272 	DATA 	Keypress: rshift
851.6313 	EXP 	polygon_9: autoDraw = False
851.6313 	EXP 	polygon_24: autoDraw = True
859.1219 	EXP 	New trial (rep=10, index=0): None
860.6301 	EXP 	polygon_24: autoDraw = False
860.6301 	EXP 	polygon_24: autoDraw = False
860.6301 	EXP 	polygon_6: autoDraw = True
865.6363 	EXP 	polygon_6: autoDraw = False
865.6363 	EXP 	polygon_6: autoDraw = False
865.6363 	EXP 	polygon_7: autoDraw = True
869.6364 	EXP 	polygon_7: autoDraw = False
869.6364 	EXP 	polygon_8: autoDraw = True
873.6376 	EXP 	polygon_8: autoDraw = False
873.6376 	EXP 	polygon_9: autoDraw = True
875.6010 	DATA 	Keypress: rshift
875.6051 	EXP 	polygon_9: autoDraw = False
875.6051 	EXP 	polygon_24: autoDraw = True
885.1091 	EXP 	polygon_24: autoDraw = False
885.1091 	EXP 	polygon_24: autoDraw = False
885.1091 	EXP 	text_2: autoDraw = True
913.3959 	DATA 	Keypress: space
913.4076 	EXP 	text_2: autoDraw = False
913.4076 	EXP 	polygon_31: autoDraw = True
918.3941 	EXP 	Created sequence: sequential, trialTypes=1, nReps=11, seed=None
918.3943 	EXP 	New trial (rep=0, index=0): None
919.9026 	EXP 	polygon_31: autoDraw = False
919.9026 	EXP 	polygon_31: autoDraw = False
919.9026 	EXP 	polygon_10: autoDraw = True
925.9035 	EXP 	polygon_10: autoDraw = False
925.9035 	EXP 	polygon_10: autoDraw = False
925.9035 	EXP 	polygon_11: autoDraw = True
929.9209 	EXP 	polygon_11: autoDraw = False
929.9209 	EXP 	polygon_12: autoDraw = True
933.9043 	EXP 	polygon_12: autoDraw = False
933.9043 	EXP 	polygon_13: autoDraw = True
935.9023 	DATA 	Keypress: lshift
935.9065 	EXP 	polygon_13: autoDraw = False
935.9065 	EXP 	polygon_25: autoDraw = True
942.4017 	EXP 	New trial (rep=1, index=0): None
943.9087 	EXP 	polygon_25: autoDraw = False
943.9087 	EXP 	polygon_25: autoDraw = False
943.9087 	EXP 	polygon_10: autoDraw = True
950.9092 	EXP 	polygon_10: autoDraw = False
950.9092 	EXP 	polygon_10: autoDraw = False
950.9092 	EXP 	polygon_11: autoDraw = True
954.9263 	EXP 	polygon_11: autoDraw = False
954.9263 	EXP 	polygon_12: autoDraw = True
958.9115 	EXP 	polygon_12: autoDraw = False
958.9115 	EXP 	polygon_13: autoDraw = True
961.2595 	DATA 	Keypress: lshift
961.2638 	EXP 	polygon_13: autoDraw = False
961.2638 	EXP 	polygon_25: autoDraw = True
967.7667 	EXP 	New trial (rep=2, index=0): None
969.2738 	EXP 	polygon_25: autoDraw = False
969.2738 	EXP 	polygon_25: autoDraw = False
969.2738 	EXP 	polygon_10: autoDraw = True
974.2660 	EXP 	polygon_10: autoDraw = False
974.2660 	EXP 	polygon_10: autoDraw = False
974.2660 	EXP 	polygon_11: autoDraw = True
978.2677 	EXP 	polygon_11: autoDraw = False
978.2677 	EXP 	polygon_12: autoDraw = True
982.2677 	EXP 	polygon_12: autoDraw = False
982.2677 	EXP 	polygon_13: autoDraw = True
984.7321 	DATA 	Keypress: rshift
984.7404 	EXP 	polygon_13: autoDraw = False
984.7404 	EXP 	polygon_25: autoDraw = True
991.2383 	EXP 	New trial (rep=3, index=0): None
992.7458 	EXP 	polygon_25: autoDraw = False
992.7458 	EXP 	polygon_25: autoDraw = False
992.7458 	EXP 	polygon_10: autoDraw = True
996.7385 	EXP 	polygon_10: autoDraw = False
996.7385 	EXP 	polygon_10: autoDraw = False
996.7385 	EXP 	polygon_11: autoDraw = True
1000.7400 	EXP 	polygon_11: autoDraw = False
1000.7400 	EXP 	polygon_12: autoDraw = True
1004.7394 	EXP 	polygon_12: autoDraw = False
1004.7394 	EXP 	polygon_13: autoDraw = True
1006.9399 	DATA 	Keypress: rshift
1006.9443 	EXP 	polygon_13: autoDraw = False
1006.9443 	EXP 	polygon_25: autoDraw = True
1017.4398 	EXP 	New trial (rep=4, index=0): None
1018.9565 	EXP 	polygon_25: autoDraw = False
1018.9565 	EXP 	polygon_25: autoDraw = False
1018.9565 	EXP 	polygon_10: autoDraw = True
1025.9545 	EXP 	polygon_10: autoDraw = False
1025.9545 	EXP 	polygon_10: autoDraw = False
1025.9545 	EXP 	polygon_11: autoDraw = True
1029.9475 	EXP 	polygon_11: autoDraw = False
1029.9475 	EXP 	polygon_12: autoDraw = True
1033.9486 	EXP 	polygon_12: autoDraw = False
1033.9486 	EXP 	polygon_13: autoDraw = True
1036.0973 	DATA 	Keypress: lshift
1036.1016 	EXP 	polygon_13: autoDraw = False
1036.1016 	EXP 	polygon_25: autoDraw = True
1042.5975 	EXP 	New trial (rep=5, index=0): None
1044.1055 	EXP 	polygon_25: autoDraw = False
1044.1055 	EXP 	polygon_25: autoDraw = False
1044.1055 	EXP 	polygon_10: autoDraw = True
1049.1044 	EXP 	polygon_10: autoDraw = False
1049.1044 	EXP 	polygon_10: autoDraw = False
1049.1044 	EXP 	polygon_11: autoDraw = True
1053.1045 	EXP 	polygon_11: autoDraw = False
1053.1045 	EXP 	polygon_12: autoDraw = True
1057.1063 	EXP 	polygon_12: autoDraw = False
1057.1063 	EXP 	polygon_13: autoDraw = True
1059.3731 	DATA 	Keypress: rshift
1059.3773 	EXP 	polygon_13: autoDraw = False
1059.3773 	EXP 	polygon_25: autoDraw = True
1069.8735 	EXP 	New trial (rep=6, index=0): None
1071.3806 	EXP 	polygon_25: autoDraw = False
1071.3806 	EXP 	polygon_25: autoDraw = False
1071.3806 	EXP 	polygon_10: autoDraw = True
1076.3781 	EXP 	polygon_10: autoDraw = False
1076.3781 	EXP 	polygon_10: autoDraw = False
1076.3781 	EXP 	polygon_11: autoDraw = True
1080.3795 	EXP 	polygon_11: autoDraw = False
1080.3795 	EXP 	polygon_12: autoDraw = True
1084.3801 	EXP 	polygon_12: autoDraw = False
1084.3801 	EXP 	polygon_13: autoDraw = True
1086.5827 	DATA 	Keypress: rshift
1086.5877 	EXP 	polygon_13: autoDraw = False
1086.5877 	EXP 	polygon_25: autoDraw = True
1096.0794 	EXP 	New trial (rep=7, index=0): None
1097.5877 	EXP 	polygon_25: autoDraw = False
1097.5877 	EXP 	polygon_25: autoDraw = False
1097.5877 	EXP 	polygon_10: autoDraw = True
1100.5876 	EXP 	polygon_10: autoDraw = False
1100.5876 	EXP 	polygon_10: autoDraw = False
1100.5876 	EXP 	polygon_11: autoDraw = True
1104.5916 	EXP 	polygon_11: autoDraw = False
1104.5916 	EXP 	polygon_12: autoDraw = True
1108.5878 	EXP 	polygon_12: autoDraw = False
1108.5878 	EXP 	polygon_13: autoDraw = True
1110.5188 	DATA 	Keypress: rshift
1110.5229 	EXP 	polygon_13: autoDraw = False
1110.5229 	EXP 	polygon_25: autoDraw = True
1118.0285 	EXP 	New trial (rep=8, index=0): None
1119.5411 	EXP 	polygon_25: autoDraw = False
1119.5411 	EXP 	polygon_25: autoDraw = False
1119.5411 	EXP 	polygon_10: autoDraw = True
1126.5426 	EXP 	polygon_10: autoDraw = False
1126.5426 	EXP 	polygon_10: autoDraw = False
1126.5426 	EXP 	polygon_11: autoDraw = True
1130.5490 	EXP 	polygon_11: autoDraw = False
1130.5490 	EXP 	polygon_12: autoDraw = True
1134.5443 	EXP 	polygon_12: autoDraw = False
1134.5443 	EXP 	polygon_13: autoDraw = True
1136.3261 	DATA 	Keypress: lshift
1136.3304 	EXP 	polygon_13: autoDraw = False
1136.3304 	EXP 	polygon_25: autoDraw = True
1144.8255 	EXP 	New trial (rep=9, index=0): None
1146.3381 	EXP 	polygon_25: autoDraw = False
1146.3381 	EXP 	polygon_25: autoDraw = False
1146.3381 	EXP 	polygon_10: autoDraw = True
1153.3338 	EXP 	polygon_10: autoDraw = False
1153.3338 	EXP 	polygon_10: autoDraw = False
1153.3338 	EXP 	polygon_11: autoDraw = True
1157.3377 	EXP 	polygon_11: autoDraw = False
1157.3377 	EXP 	polygon_12: autoDraw = True
1161.3380 	EXP 	polygon_12: autoDraw = False
1161.3380 	EXP 	polygon_13: autoDraw = True
1163.2676 	DATA 	Keypress: lshift
1163.2721 	EXP 	polygon_13: autoDraw = False
1163.2721 	EXP 	polygon_25: autoDraw = True
1171.7739 	EXP 	New trial (rep=10, index=0): None
1173.2880 	EXP 	polygon_25: autoDraw = False
1173.2880 	EXP 	polygon_25: autoDraw = False
1173.2880 	EXP 	polygon_10: autoDraw = True
1177.2930 	EXP 	polygon_10: autoDraw = False
1177.2930 	EXP 	polygon_10: autoDraw = False
1177.2930 	EXP 	polygon_11: autoDraw = True
1181.3108 	EXP 	polygon_11: autoDraw = False
1181.3108 	EXP 	polygon_12: autoDraw = True
1185.3095 	EXP 	polygon_12: autoDraw = False
1185.3095 	EXP 	polygon_13: autoDraw = True
1186.8573 	DATA 	Keypress: lshift
1186.8616 	EXP 	polygon_13: autoDraw = False
1186.8616 	EXP 	polygon_25: autoDraw = True
1194.3667 	EXP 	polygon_25: autoDraw = False
1194.3667 	EXP 	polygon_25: autoDraw = False
1194.3667 	EXP 	text_2: autoDraw = True
1229.8021 	DATA 	Keypress: space
1229.8166 	EXP 	text_2: autoDraw = False
1229.8166 	EXP 	polygon_31: autoDraw = True
1234.8037 	EXP 	Created sequence: sequential, trialTypes=1, nReps=11, seed=None
1234.8038 	EXP 	New trial (rep=0, index=0): None
1236.3162 	EXP 	polygon_31: autoDraw = False
1236.3162 	EXP 	polygon_14: autoDraw = True
1240.3095 	EXP 	polygon_14: autoDraw = False
1240.3095 	EXP 	polygon_14: autoDraw = False
1240.3095 	EXP 	polygon_15: autoDraw = True
1244.3269 	EXP 	polygon_15: autoDraw = False
1244.3269 	EXP 	polygon_16: autoDraw = True
1248.3112 	EXP 	polygon_16: autoDraw = False
1248.3112 	EXP 	polygon_17: autoDraw = True
1249.9425 	DATA 	Keypress: rshift
1249.9470 	EXP 	polygon_17: autoDraw = False
1249.9470 	EXP 	polygon_18: autoDraw = True
1259.4480 	EXP 	New trial (rep=1, index=0): None
1260.9565 	EXP 	polygon_18: autoDraw = False
1260.9565 	EXP 	polygon_18: autoDraw = False
1260.9565 	EXP 	polygon_14: autoDraw = True
1267.9502 	EXP 	polygon_14: autoDraw = False
1267.9502 	EXP 	polygon_14: autoDraw = False
1267.9502 	EXP 	polygon_15: autoDraw = True
1271.9509 	EXP 	polygon_15: autoDraw = False
1271.9509 	EXP 	polygon_16: autoDraw = True
1275.9535 	EXP 	polygon_16: autoDraw = False
1275.9535 	EXP 	polygon_17: autoDraw = True
1277.6496 	DATA 	Keypress: lshift
1277.6553 	EXP 	polygon_17: autoDraw = False
1277.6553 	EXP 	polygon_18: autoDraw = True
1285.1507 	EXP 	New trial (rep=2, index=0): None
1286.6579 	EXP 	polygon_18: autoDraw = False
1286.6579 	EXP 	polygon_18: autoDraw = False
1286.6579 	EXP 	polygon_14: autoDraw = True
1292.6566 	EXP 	polygon_14: autoDraw = False
1292.6566 	EXP 	polygon_14: autoDraw = False
1292.6566 	EXP 	polygon_15: autoDraw = True
1296.6586 	EXP 	polygon_15: autoDraw = False
1296.6586 	EXP 	polygon_16: autoDraw = True
1300.6595 	EXP 	polygon_16: autoDraw = False
1300.6595 	EXP 	polygon_17: autoDraw = True
1302.3399 	DATA 	Keypress: lshift
1302.3441 	EXP 	polygon_17: autoDraw = False
1302.3441 	EXP 	polygon_18: autoDraw = True
1308.8403 	EXP 	New trial (rep=3, index=0): None
1310.3569 	EXP 	polygon_18: autoDraw = False
1310.3569 	EXP 	polygon_18: autoDraw = False
1310.3569 	EXP 	polygon_14: autoDraw = True
1317.3472 	EXP 	polygon_14: autoDraw = False
1317.3472 	EXP 	polygon_14: autoDraw = False
1317.3472 	EXP 	polygon_15: autoDraw = True
1321.3485 	EXP 	polygon_15: autoDraw = False
1321.3485 	EXP 	polygon_16: autoDraw = True
1325.3490 	EXP 	polygon_16: autoDraw = False
1325.3490 	EXP 	polygon_17: autoDraw = True
1327.7311 	DATA 	Keypress: rshift
1327.7364 	EXP 	polygon_17: autoDraw = False
1327.7364 	EXP 	polygon_18: autoDraw = True
1334.2331 	EXP 	New trial (rep=4, index=0): None
1335.7395 	EXP 	polygon_18: autoDraw = False
1335.7395 	EXP 	polygon_18: autoDraw = False
1335.7395 	EXP 	polygon_14: autoDraw = True
1338.7377 	EXP 	polygon_14: autoDraw = False
1338.7377 	EXP 	polygon_14: autoDraw = False
1338.7377 	EXP 	polygon_15: autoDraw = True
1342.7401 	EXP 	polygon_15: autoDraw = False
1342.7401 	EXP 	polygon_16: autoDraw = True
1346.7393 	EXP 	polygon_16: autoDraw = False
1346.7393 	EXP 	polygon_17: autoDraw = True
1348.4201 	DATA 	Keypress: lshift
1348.4248 	EXP 	polygon_17: autoDraw = False
1348.4248 	EXP 	polygon_18: autoDraw = True
1357.9262 	EXP 	New trial (rep=5, index=0): None
1359.4331 	EXP 	polygon_18: autoDraw = False
1359.4331 	EXP 	polygon_18: autoDraw = False
1359.4331 	EXP 	polygon_14: autoDraw = True
1366.4284 	EXP 	polygon_14: autoDraw = False
1366.4284 	EXP 	polygon_14: autoDraw = False
1366.4284 	EXP 	polygon_15: autoDraw = True
1370.4465 	EXP 	polygon_15: autoDraw = False
1370.4465 	EXP 	polygon_16: autoDraw = True
1374.4306 	EXP 	polygon_16: autoDraw = False
1374.4306 	EXP 	polygon_17: autoDraw = True
1376.0616 	DATA 	Keypress: rshift
1376.0658 	EXP 	polygon_17: autoDraw = False
1376.0658 	EXP 	polygon_18: autoDraw = True
1386.5678 	EXP 	New trial (rep=6, index=0): None
1388.0748 	EXP 	polygon_18: autoDraw = False
1388.0748 	EXP 	polygon_18: autoDraw = False
1388.0748 	EXP 	polygon_14: autoDraw = True
1391.0702 	EXP 	polygon_14: autoDraw = False
1391.0702 	EXP 	polygon_14: autoDraw = False
1391.0702 	EXP 	polygon_15: autoDraw = True
1395.0705 	EXP 	polygon_15: autoDraw = False
1395.0705 	EXP 	polygon_16: autoDraw = True
1399.0713 	EXP 	polygon_16: autoDraw = False
1399.0713 	EXP 	polygon_17: autoDraw = True
1400.7852 	DATA 	Keypress: lshift
1400.7895 	EXP 	polygon_17: autoDraw = False
1400.7895 	EXP 	polygon_18: autoDraw = True
1411.2935 	EXP 	New trial (rep=7, index=0): None
1412.8048 	EXP 	polygon_18: autoDraw = False
1412.8048 	EXP 	polygon_18: autoDraw = False
1412.8048 	EXP 	polygon_14: autoDraw = True
1415.7937 	EXP 	polygon_14: autoDraw = False
1415.7937 	EXP 	polygon_14: autoDraw = False
1415.7937 	EXP 	polygon_15: autoDraw = True
1419.8137 	EXP 	polygon_15: autoDraw = False
1419.8137 	EXP 	polygon_16: autoDraw = True
1423.7944 	EXP 	polygon_16: autoDraw = False
1423.7944 	EXP 	polygon_17: autoDraw = True
1425.4089 	DATA 	Keypress: rshift
1425.4133 	EXP 	polygon_17: autoDraw = False
1425.4133 	EXP 	polygon_18: autoDraw = True
1432.9130 	EXP 	New trial (rep=8, index=0): None
1434.4211 	EXP 	polygon_18: autoDraw = False
1434.4211 	EXP 	polygon_18: autoDraw = False
1434.4211 	EXP 	polygon_14: autoDraw = True
1440.4169 	EXP 	polygon_14: autoDraw = False
1440.4169 	EXP 	polygon_14: autoDraw = False
1440.4169 	EXP 	polygon_15: autoDraw = True
1444.4211 	EXP 	polygon_15: autoDraw = False
1444.4211 	EXP 	polygon_16: autoDraw = True
1448.4208 	EXP 	polygon_16: autoDraw = False
1448.4208 	EXP 	polygon_17: autoDraw = True
1450.4830 	DATA 	Keypress: rshift
1450.4878 	EXP 	polygon_17: autoDraw = False
1450.4878 	EXP 	polygon_18: autoDraw = True
1456.9855 	EXP 	New trial (rep=9, index=0): None
1458.4920 	EXP 	polygon_18: autoDraw = False
1458.4920 	EXP 	polygon_18: autoDraw = False
1458.4920 	EXP 	polygon_14: autoDraw = True
1462.4888 	EXP 	polygon_14: autoDraw = False
1462.4888 	EXP 	polygon_14: autoDraw = False
1462.4888 	EXP 	polygon_15: autoDraw = True
1466.4914 	EXP 	polygon_15: autoDraw = False
1466.4914 	EXP 	polygon_16: autoDraw = True
1470.4933 	EXP 	polygon_16: autoDraw = False
1470.4933 	EXP 	polygon_17: autoDraw = True
1472.3590 	DATA 	Keypress: lshift
1472.3632 	EXP 	polygon_17: autoDraw = False
1472.3632 	EXP 	polygon_18: autoDraw = True
1480.8592 	EXP 	New trial (rep=10, index=0): None
1482.3720 	EXP 	polygon_18: autoDraw = False
1482.3720 	EXP 	polygon_18: autoDraw = False
1482.3720 	EXP 	polygon_14: autoDraw = True
1485.3617 	EXP 	polygon_14: autoDraw = False
1485.3617 	EXP 	polygon_14: autoDraw = False
1485.3617 	EXP 	polygon_15: autoDraw = True
1489.3634 	EXP 	polygon_15: autoDraw = False
1489.3634 	EXP 	polygon_16: autoDraw = True
1493.3646 	EXP 	polygon_16: autoDraw = False
1493.3646 	EXP 	polygon_17: autoDraw = True
1496.1296 	DATA 	Keypress: lshift
1496.1338 	EXP 	polygon_17: autoDraw = False
1496.1338 	EXP 	polygon_18: autoDraw = True
1506.6380 	EXP 	polygon_18: autoDraw = False
1506.6380 	EXP 	polygon_18: autoDraw = False
1506.6380 	EXP 	text_2: autoDraw = True
1556.4289 	DATA 	Keypress: space
1556.4437 	EXP 	text_2: autoDraw = False
1556.4437 	EXP 	polygon_31: autoDraw = True
1561.4288 	EXP 	Created sequence: sequential, trialTypes=1, nReps=11, seed=None
1561.4289 	EXP 	New trial (rep=0, index=0): None
1562.9403 	EXP 	polygon_31: autoDraw = False
1562.9403 	EXP 	polygon_19: autoDraw = True
1566.9376 	EXP 	polygon_19: autoDraw = False
1566.9376 	EXP 	polygon_19: autoDraw = False
1566.9376 	EXP 	polygon_20: autoDraw = True
1570.9386 	EXP 	polygon_20: autoDraw = False
1570.9386 	EXP 	polygon_21: autoDraw = True
1574.9378 	EXP 	polygon_21: autoDraw = False
1574.9378 	EXP 	polygon_22: autoDraw = True
1577.2037 	DATA 	Keypress: lshift
1577.2078 	EXP 	polygon_22: autoDraw = False
1577.2078 	EXP 	polygon_23: autoDraw = True
1584.7049 	EXP 	New trial (rep=1, index=0): None
1586.2126 	EXP 	polygon_23: autoDraw = False
1586.2126 	EXP 	polygon_23: autoDraw = False
1586.2126 	EXP 	polygon_19: autoDraw = True
1593.2096 	EXP 	polygon_19: autoDraw = False
1593.2096 	EXP 	polygon_19: autoDraw = False
1593.2096 	EXP 	polygon_20: autoDraw = True
1597.2134 	EXP 	polygon_20: autoDraw = False
1597.2134 	EXP 	polygon_21: autoDraw = True
1601.2127 	EXP 	polygon_21: autoDraw = False
1601.2127 	EXP 	polygon_22: autoDraw = True
1603.0264 	DATA 	Keypress: rshift
1603.0306 	EXP 	polygon_22: autoDraw = False
1603.0306 	EXP 	polygon_23: autoDraw = True
1610.5282 	EXP 	New trial (rep=2, index=0): None
1612.0372 	EXP 	polygon_23: autoDraw = False
1612.0372 	EXP 	polygon_23: autoDraw = False
1612.0372 	EXP 	polygon_19: autoDraw = True
1617.0335 	EXP 	polygon_19: autoDraw = False
1617.0335 	EXP 	polygon_19: autoDraw = False
1617.0335 	EXP 	polygon_20: autoDraw = True
1621.0377 	EXP 	polygon_20: autoDraw = False
1621.0377 	EXP 	polygon_21: autoDraw = True
1625.0341 	EXP 	polygon_21: autoDraw = False
1625.0341 	EXP 	polygon_22: autoDraw = True
1627.1669 	DATA 	Keypress: rshift
1627.1734 	EXP 	polygon_22: autoDraw = False
1627.1734 	EXP 	polygon_23: autoDraw = True
1633.6665 	EXP 	New trial (rep=3, index=0): None
1635.1818 	EXP 	polygon_23: autoDraw = False
1635.1818 	EXP 	polygon_23: autoDraw = False
1635.1818 	EXP 	polygon_19: autoDraw = True
1640.1730 	EXP 	polygon_19: autoDraw = False
1640.1730 	EXP 	polygon_19: autoDraw = False
1640.1730 	EXP 	polygon_20: autoDraw = True
1644.1760 	EXP 	polygon_20: autoDraw = False
1644.1760 	EXP 	polygon_21: autoDraw = True
1648.1765 	EXP 	polygon_21: autoDraw = False
1648.1765 	EXP 	polygon_22: autoDraw = True
1650.0564 	DATA 	Keypress: lshift
1650.0606 	EXP 	polygon_22: autoDraw = False
1650.0606 	EXP 	polygon_23: autoDraw = True
1660.5624 	EXP 	New trial (rep=4, index=0): None
1662.0751 	EXP 	polygon_23: autoDraw = False
1662.0751 	EXP 	polygon_23: autoDraw = False
1662.0751 	EXP 	polygon_19: autoDraw = True
1665.0713 	EXP 	polygon_19: autoDraw = False
1665.0713 	EXP 	polygon_19: autoDraw = False
1665.0713 	EXP 	polygon_20: autoDraw = True
1669.0822 	EXP 	polygon_20: autoDraw = False
1669.0822 	EXP 	polygon_21: autoDraw = True
1673.0830 	EXP 	polygon_21: autoDraw = False
1673.0830 	EXP 	polygon_22: autoDraw = True
1674.9302 	DATA 	Keypress: rshift
1674.9346 	EXP 	polygon_22: autoDraw = False
1674.9346 	EXP 	polygon_23: autoDraw = True
1681.4336 	EXP 	New trial (rep=5, index=0): None
1682.9459 	EXP 	polygon_23: autoDraw = False
1682.9459 	EXP 	polygon_23: autoDraw = False
1682.9459 	EXP 	polygon_19: autoDraw = True
1689.9415 	EXP 	polygon_19: autoDraw = False
1689.9415 	EXP 	polygon_19: autoDraw = False
1689.9415 	EXP 	polygon_20: autoDraw = True
1693.9387 	EXP 	polygon_20: autoDraw = False
1693.9387 	EXP 	polygon_21: autoDraw = True
1697.9436 	EXP 	polygon_21: autoDraw = False
1697.9436 	EXP 	polygon_22: autoDraw = True
1699.5725 	DATA 	Keypress: rshift
1699.5768 	EXP 	polygon_22: autoDraw = False
1699.5768 	EXP 	polygon_23: autoDraw = True
1708.0731 	EXP 	New trial (rep=6, index=0): None
1709.5799 	EXP 	polygon_23: autoDraw = False
1709.5799 	EXP 	polygon_23: autoDraw = False
1709.5799 	EXP 	polygon_19: autoDraw = True
1715.5781 	EXP 	polygon_19: autoDraw = False
1715.5781 	EXP 	polygon_19: autoDraw = False
1715.5781 	EXP 	polygon_20: autoDraw = True
1719.5812 	EXP 	polygon_20: autoDraw = False
1719.5812 	EXP 	polygon_21: autoDraw = True
1723.5808 	EXP 	polygon_21: autoDraw = False
1723.5808 	EXP 	polygon_22: autoDraw = True
1725.2121 	DATA 	Keypress: rshift
1725.2166 	EXP 	polygon_22: autoDraw = False
1725.2166 	EXP 	polygon_23: autoDraw = True
1732.7128 	EXP 	New trial (rep=7, index=0): None
1734.2206 	EXP 	polygon_23: autoDraw = False
1734.2206 	EXP 	polygon_23: autoDraw = False
1734.2206 	EXP 	polygon_19: autoDraw = True
1741.2210 	EXP 	polygon_19: autoDraw = False
1741.2210 	EXP 	polygon_19: autoDraw = False
1741.2210 	EXP 	polygon_20: autoDraw = True
1745.2376 	EXP 	polygon_20: autoDraw = False
1745.2376 	EXP 	polygon_21: autoDraw = True
1749.2214 	EXP 	polygon_21: autoDraw = False
1749.2214 	EXP 	polygon_22: autoDraw = True
1751.0238 	DATA 	Keypress: lshift
1751.0281 	EXP 	polygon_22: autoDraw = False
1751.0281 	EXP 	polygon_23: autoDraw = True
1761.5262 	EXP 	New trial (rep=8, index=0): None
1763.0391 	EXP 	polygon_23: autoDraw = False
1763.0391 	EXP 	polygon_23: autoDraw = False
1763.0391 	EXP 	polygon_19: autoDraw = True
1766.0435 	EXP 	polygon_19: autoDraw = False
1766.0435 	EXP 	polygon_19: autoDraw = False
1766.0435 	EXP 	polygon_20: autoDraw = True
1770.0607 	EXP 	polygon_20: autoDraw = False
1770.0607 	EXP 	polygon_21: autoDraw = True
1774.0451 	EXP 	polygon_21: autoDraw = False
1774.0451 	EXP 	polygon_22: autoDraw = True
1776.0769 	DATA 	Keypress: lshift
1776.0827 	EXP 	polygon_22: autoDraw = False
1776.0827 	EXP 	polygon_23: autoDraw = True
1785.5777 	EXP 	New trial (rep=9, index=0): None
1787.0899 	EXP 	polygon_23: autoDraw = False
1787.0899 	EXP 	polygon_23: autoDraw = False
1787.0899 	EXP 	polygon_19: autoDraw = True
1792.0840 	EXP 	polygon_19: autoDraw = False
1792.0840 	EXP 	polygon_19: autoDraw = False
1792.0840 	EXP 	polygon_20: autoDraw = True
1796.0876 	EXP 	polygon_20: autoDraw = False
1796.0876 	EXP 	polygon_21: autoDraw = True
1800.0871 	EXP 	polygon_21: autoDraw = False
1800.0871 	EXP 	polygon_22: autoDraw = True
1801.5856 	DATA 	Keypress: lshift
1801.5897 	EXP 	polygon_22: autoDraw = False
1801.5897 	EXP 	polygon_23: autoDraw = True
1811.0858 	EXP 	New trial (rep=10, index=0): None
1812.5929 	EXP 	polygon_23: autoDraw = False
1812.5929 	EXP 	polygon_23: autoDraw = False
1812.5929 	EXP 	polygon_19: autoDraw = True
1818.5927 	EXP 	polygon_19: autoDraw = False
1818.5927 	EXP 	polygon_19: autoDraw = False
1818.5927 	EXP 	polygon_20: autoDraw = True
1822.5930 	EXP 	polygon_20: autoDraw = False
1822.5930 	EXP 	polygon_21: autoDraw = True
1826.5938 	EXP 	polygon_21: autoDraw = False
1826.5938 	EXP 	polygon_22: autoDraw = True
1828.7100 	DATA 	Keypress: lshift
1828.7144 	EXP 	polygon_22: autoDraw = False
1828.7144 	EXP 	polygon_23: autoDraw = True
1835.2182 	EXP 	polygon_23: autoDraw = False
1835.2182 	EXP 	polygon_23: autoDraw = False
1835.2182 	EXP 	text_3: autoDraw = True
1845.2269 	EXP 	text_3: autoDraw = False
1845.2269 	EXP 	text_3: autoDraw = False
1845.7845 	EXP 	window1: mouseVisible = True
