1.2903 	WARNING 	We strongly recommend you activate the PTB sound engine in PsychoPy prefs as the preferred audio engine. Its timing is vastly superior. Your prefs are currently set to use ['sounddevice', 'PTB', 'pyo', 'pygame'] (in that order).
8.3326 	EXP 	Created window1 = Window(allowGUI=False, allowStencil=False, autoLog=True, backendConf=UNKNOWN, bitsMode=UNKNOWN, blendMode='avg', bpc=(8, 8, 8), color=array([0, 0, 0]), colorSpace='rgb', depthBits=8, fullscr=<method-wrapper '__getattribute__' of attributeSetter object at 0x7fb389cf37c0>, gamma=None, gammaErrorPolicy='raise', lms=UNKNOWN, monitor=<psychopy.monitors.calibTools.Monitor object at 0x7fb2cc60a160>, multiSample=False, name='window1', numSamples=2, pos=[640.0, 360.0], screen=0, size=array([5120, 2880]), stencilBits=0, stereo=False, units='height', useFBO=True, useRetina=True, viewOri=0.0, viewPos=None, viewScale=None, waitBlanking=True, winType='pyglet')
8.3328 	EXP 	window1: mouseVisible = True
8.3328 	EXP 	window1: Attempting to measure frame rate of screen (0) ...
8.3328 	EXP 	window1: recordFrameIntervals = False
8.5010 	EXP 	window1: recordFrameIntervals = True
8.6365 	WARNING 	t of last frame was 21.15ms (=1/47)
8.8154 	EXP 	Screen (0) actual frame rate measured at 60.03Hz
8.8154 	EXP 	window1: recordFrameIntervals = False
10.4697 	EXP 	Created text_7 = TextStim(__class__=<class 'psychopy.visual.text.TextStim'>, alignHoriz=method-wrapper(...), alignText='center', alignVert=method-wrapper(...), anchorHoriz='center', anchorVert='center', antialias=True, autoLog=True, bold=False, color=array([1., 1., 1.]), colorSpace='rgb', contrast=1.0, depth=0.0, flipHoriz=False, flipVert=False, font='Open Sans', fontFiles=[], height=0.029999999999999995, italic=False, languageStyle='LTR', name='text_7', opacity=1, ori=0.0, pos=array([0.  , 0.15]), rgb=UNKNOWN, text=str(...), units='height', win=Window(...), wrapWidth=1)
11.1008 	EXP 	Sound sound_31 set volume 1.000
11.1138 	EXP 	Created text_10 = TextStim(__class__=<class 'psychopy.visual.text.TextStim'>, alignHoriz=method-wrapper(...), alignText='center', alignVert=method-wrapper(...), anchorHoriz='center', anchorVert='center', antialias=True, autoLog=True, bold=False, color=array([ 1., -1., -1.]), colorSpace='rgb', contrast=1.0, depth=-3.0, flipHoriz=False, flipVert=False, font='Open Sans', fontFiles=[], height=0.029999999999999995, italic=False, languageStyle='LTR', name='text_10', opacity=1, ori=0.0, pos=array([ 0.  , -0.15]), rgb=UNKNOWN, text=str(...), units='height', win=Window(...), wrapWidth=1)
11.1176 	EXP 	Created polygon_26 = ShapeStim(__class__=<class 'psychopy.visual.shape.ShapeStim'>, anchor=('center', 'center'), autoDraw=False, autoLog=True, closeShape=True, color=method-wrapper(...), colorSpace='rgb', contrast=None, depth=0.0, fillColor=array([1, 1, 1]), fillColorSpace='rgb', fillRGB=array([1, 1, 1]), interpolate=True, lineColor=array([1., 1., 1.]), lineColorSpace='rgb', lineRGB=array([1, 1, 1]), lineWidth=1.0, name='polygon_26', opacity=1, ori=0.0, pos=array([0., 0.]), size=array([0.1, 0.1]), units='height', vertices=ndarray(...), win=Window(...), windingRule=None)
11.1228 	EXP 	Sound sound_26 set volume 1.000
11.1248 	EXP 	Created polygon_27 = ShapeStim(__class__=<class 'psychopy.visual.shape.ShapeStim'>, anchor=('center', 'center'), autoDraw=False, autoLog=True, closeShape=True, color=method-wrapper(...), colorSpace='rgb', contrast=None, depth=0.0, fillColor=array([1, 1, 1]), fillColorSpace='rgb', fillRGB=array([1, 1, 1]), interpolate=True, lineColor=array([1., 1., 1.]), lineColorSpace='rgb', lineRGB=array([1, 1, 1]), lineWidth=1.0, name='polygon_27', opacity=1, ori=0.0, pos=array([0., 0.]), size=array([0.1, 0.1]), units='height', vertices=ndarray(...), win=Window(...), windingRule=None)
11.1261 	EXP 	Sound sound_27 set volume 1.000
11.1281 	EXP 	Created polygon_28 = ShapeStim(__class__=<class 'psychopy.visual.shape.ShapeStim'>, anchor=('center', 'center'), autoDraw=False, autoLog=True, closeShape=True, color=method-wrapper(...), colorSpace='rgb', contrast=None, depth=0.0, fillColor=array([1, 1, 1]), fillColorSpace='rgb', fillRGB=array([1, 1, 1]), interpolate=True, lineColor=array([1., 1., 1.]), lineColorSpace='rgb', lineRGB=array([1, 1, 1]), lineWidth=1.0, name='polygon_28', opacity=1, ori=0.0, pos=array([0., 0.]), size=array([0.1, 0.1]), units='height', vertices=ndarray(...), win=Window(...), windingRule=None)
11.1281 	EXP 	Sound sound_28 set volume 1.000
11.1316 	EXP 	Created polygon_29 = ShapeStim(__class__=<class 'psychopy.visual.shape.ShapeStim'>, anchor=('center', 'center'), autoDraw=False, autoLog=True, closeShape=True, color=method-wrapper(...), colorSpace='rgb', contrast=None, depth=0.0, fillColor=array([1, 1, 1]), fillColorSpace='rgb', fillRGB=array([1, 1, 1]), interpolate=True, lineColor=array([1., 1., 1.]), lineColorSpace='rgb', lineRGB=array([1, 1, 1]), lineWidth=1.0, name='polygon_29', opacity=1, ori=0.0, pos=array([0., 0.]), size=array([0.1, 0.1]), units='height', vertices=ndarray(...), win=Window(...), windingRule=None)
11.1321 	EXP 	Sound sound_29 set volume 1.000
11.3609 	EXP 	Created polygon_30 = ShapeStim(__class__=<class 'psychopy.visual.shape.ShapeStim'>, anchor=('center', 'center'), autoDraw=False, autoLog=True, closeShape=True, color=method-wrapper(...), colorSpace='rgb', contrast=None, depth=0.0, fillColor=array([1, 1, 1]), fillColorSpace='rgb', fillRGB=array([1, 1, 1]), interpolate=True, lineColor=array([1., 1., 1.]), lineColorSpace='rgb', lineRGB=array([1, 1, 1]), lineWidth=1.0, name='polygon_30', opacity=1, ori=0.0, pos=array([0., 0.]), size=array([0.1, 0.1]), units='height', vertices=ndarray(...), win=Window(...), windingRule=None)
11.3610 	EXP 	Sound sound_30 set volume 1.000
11.3623 	EXP 	Created text = TextStim(__class__=<class 'psychopy.visual.text.TextStim'>, alignHoriz=method-wrapper(...), alignText='center', alignVert=method-wrapper(...), anchorHoriz='center', anchorVert='center', antialias=True, autoLog=True, bold=False, color=array([1., 1., 1.]), colorSpace='rgb', contrast=1.0, depth=0.0, flipHoriz=False, flipVert=False, font='Open Sans', fontFiles=[], height=0.07, italic=False, languageStyle='LTR', name='text', opacity=1, ori=0.0, pos=array([0., 0.]), rgb=UNKNOWN, text='', units='height', win=Window(...), wrapWidth=1)
11.5950 	EXP 	text_7: autoDraw = True
11.5950 	EXP 	text_10: autoDraw = True
27.1236 	EXP 	Created sequence: random, trialTypes=1, nReps=4, seed=None
27.1238 	EXP 	New trial (rep=0, index=0): None
27.1360 	DATA 	Keypress: space
27.1410 	EXP 	text_7: autoDraw = False
27.1410 	EXP 	text_10: autoDraw = False
27.1410 	EXP 	polygon_26: autoDraw = True
32.1291 	EXP 	polygon_26: autoDraw = False
32.1291 	EXP 	polygon_27: autoDraw = True
36.1402 	EXP 	polygon_27: autoDraw = False
36.1402 	EXP 	polygon_28: autoDraw = True
40.1295 	EXP 	polygon_28: autoDraw = False
40.1295 	EXP 	polygon_29: autoDraw = True
56.1825 	DATA 	Keypress: rshift
56.1961 	EXP 	polygon_29: autoDraw = False
56.1961 	EXP 	polygon_30: autoDraw = True
63.1821 	EXP 	New trial (rep=1, index=0): None
63.1977 	EXP 	polygon_30: autoDraw = False
63.1977 	EXP 	polygon_26: autoDraw = True
68.1992 	EXP 	polygon_26: autoDraw = False
68.1992 	EXP 	polygon_27: autoDraw = True
71.3051 	DATA 	Keypress: rshift
71.7681 	DATA 	Keypress: rshift
72.2005 	EXP 	polygon_27: autoDraw = False
72.2005 	EXP 	polygon_28: autoDraw = True
74.8519 	DATA 	Keypress: rshift
76.2018 	EXP 	polygon_28: autoDraw = False
76.2018 	EXP 	polygon_29: autoDraw = True
77.2378 	DATA 	Keypress: lshift
77.2519 	EXP 	polygon_29: autoDraw = False
77.2519 	EXP 	polygon_30: autoDraw = True
84.2374 	EXP 	New trial (rep=2, index=0): None
84.2537 	EXP 	polygon_30: autoDraw = False
84.2537 	EXP 	polygon_26: autoDraw = True
89.2567 	EXP 	polygon_26: autoDraw = False
89.2567 	EXP 	polygon_27: autoDraw = True
90.2083 	DATA 	Keypress: rshift
93.2567 	EXP 	polygon_27: autoDraw = False
93.2567 	EXP 	polygon_28: autoDraw = True
97.2577 	EXP 	polygon_28: autoDraw = False
97.2577 	EXP 	polygon_29: autoDraw = True
99.3115 	DATA 	Keypress: lshift
99.3245 	EXP 	polygon_29: autoDraw = False
99.3245 	EXP 	polygon_30: autoDraw = True
106.3119 	EXP 	New trial (rep=3, index=0): None
106.3270 	EXP 	polygon_30: autoDraw = False
106.3270 	EXP 	polygon_26: autoDraw = True
111.3286 	EXP 	polygon_26: autoDraw = False
111.3286 	EXP 	polygon_27: autoDraw = True
112.3483 	DATA 	Keypress: rshift
115.3291 	EXP 	polygon_27: autoDraw = False
115.3291 	EXP 	polygon_28: autoDraw = True
117.3981 	DATA 	Keypress: rshift
119.3295 	EXP 	polygon_28: autoDraw = False
119.3295 	EXP 	polygon_29: autoDraw = True
120.9346 	DATA 	Keypress: lshift
120.9480 	EXP 	polygon_29: autoDraw = False
120.9480 	EXP 	polygon_30: autoDraw = True
127.9513 	EXP 	polygon_30: autoDraw = False
127.9513 	EXP 	text: height = 0.07
127.9513 	EXP 	text: height = 0.07
127.9513 	EXP 	text: text = 'Calibration complete, press spacebar and await further instructions\n\n'
127.9513 	EXP 	text: autoDraw = True
131.5692 	DATA 	Keypress: space
131.5844 	EXP 	text: autoDraw = False
132.1166 	EXP 	window1: mouseVisible = True
